TpTrace Verbose: 0 : 292, 1, 2021/12/24, 18:15:30.509, 3715152992110, vstest.console.dll, Version: 16.8.3
TpTrace Information: 0 : 292, 1, 2021/12/24, 18:15:30.521, 3715153105820, vstest.console.dll, FilePatternParser: The given file C:\Users\aayushgupta01\source\repos\eBroker App\eBroker_DataAccessLayer_UnitTest\bin\Debug\netcoreapp3.1\fine-code-coverage\build-output\eBroker_DataAccessLayer_UnitTest.dll is a full path.
TpTrace Verbose: 0 : 292, 1, 2021/12/24, 18:15:30.528, 3715153174333, vstest.console.dll, TestPluginCache.DiscoverTestExtensions: finding test extensions in assemblies ends with: RuntimeProvider.dll TPluginInfo: Microsoft.VisualStudio.TestPlatform.Common.ExtensionFramework.Utilities.TestRuntimePluginInformation TExtension: Microsoft.VisualStudio.TestPlatform.ObjectModel.Host.ITestRuntimeProvider
TpTrace Verbose: 0 : 292, 1, 2021/12/24, 18:15:30.529, 3715153180382, vstest.console.dll, TestPluginCache.GetExtensionPaths: Filtered extension paths: 
TpTrace Verbose: 0 : 292, 1, 2021/12/24, 18:15:30.529, 3715153182163, vstest.console.dll, TestPluginCache.GetExtensionPaths: Added default extension paths: C:\Program Files\dotnet\sdk\5.0.104\Extensions\Microsoft.Diagnostics.NETCore.Client.dll
C:\Program Files\dotnet\sdk\5.0.104\Extensions\Microsoft.TestPlatform.Extensions.BlameDataCollector.dll
C:\Program Files\dotnet\sdk\5.0.104\Extensions\Microsoft.TestPlatform.Extensions.EventLogCollector.dll
C:\Program Files\dotnet\sdk\5.0.104\Extensions\Microsoft.TestPlatform.TestHostRuntimeProvider.dll
C:\Program Files\dotnet\sdk\5.0.104\Extensions\Microsoft.VisualStudio.TestPlatform.Extensions.Html.TestLogger.dll
C:\Program Files\dotnet\sdk\5.0.104\Extensions\Microsoft.VisualStudio.TestPlatform.Extensions.Trx.TestLogger.dll
TpTrace Verbose: 0 : 292, 1, 2021/12/24, 18:15:30.529, 3715153182817, vstest.console.dll, TestPluginCache.GetExtensionPaths: Added unfilterableExtensionPaths: 
TpTrace Information: 0 : 292, 1, 2021/12/24, 18:15:30.530, 3715153192232, vstest.console.dll, AssemblyResolver.ctor: Creating AssemblyResolver with searchDirectories C:\Program Files\dotnet\sdk\5.0.104\Extensions,C:\Program Files\dotnet\sdk\5.0.104
TpTrace Verbose: 0 : 292, 1, 2021/12/24, 18:15:30.532, 3715153209842, vstest.console.dll, TestPluginCache.DiscoverTestExtensions: Discovering the extensions using extension path.
TpTrace Verbose: 0 : 292, 1, 2021/12/24, 18:15:30.532, 3715153211400, vstest.console.dll, TestPluginCache.GetExtensionPaths: Filtered extension paths: 
TpTrace Verbose: 0 : 292, 1, 2021/12/24, 18:15:30.532, 3715153211802, vstest.console.dll, TestPluginCache.GetExtensionPaths: Added default extension paths: C:\Program Files\dotnet\sdk\5.0.104\Extensions\Microsoft.Diagnostics.NETCore.Client.dll
C:\Program Files\dotnet\sdk\5.0.104\Extensions\Microsoft.TestPlatform.Extensions.BlameDataCollector.dll
C:\Program Files\dotnet\sdk\5.0.104\Extensions\Microsoft.TestPlatform.Extensions.EventLogCollector.dll
C:\Program Files\dotnet\sdk\5.0.104\Extensions\Microsoft.TestPlatform.TestHostRuntimeProvider.dll
C:\Program Files\dotnet\sdk\5.0.104\Extensions\Microsoft.VisualStudio.TestPlatform.Extensions.Html.TestLogger.dll
C:\Program Files\dotnet\sdk\5.0.104\Extensions\Microsoft.VisualStudio.TestPlatform.Extensions.Trx.TestLogger.dll
TpTrace Verbose: 0 : 292, 1, 2021/12/24, 18:15:30.532, 3715153212119, vstest.console.dll, TestPluginCache.GetExtensionPaths: Added unfilterableExtensionPaths: 
TpTrace Verbose: 0 : 292, 1, 2021/12/24, 18:15:30.532, 3715153212722, vstest.console.dll, TestPluginCache.DiscoverTestExtensions: Discovering the extensions using allExtensionPaths: C:\Program Files\dotnet\sdk\5.0.104\Extensions\Microsoft.Diagnostics.NETCore.Client.dll
C:\Program Files\dotnet\sdk\5.0.104\Extensions\Microsoft.TestPlatform.Extensions.BlameDataCollector.dll
C:\Program Files\dotnet\sdk\5.0.104\Extensions\Microsoft.TestPlatform.Extensions.EventLogCollector.dll
C:\Program Files\dotnet\sdk\5.0.104\Extensions\Microsoft.TestPlatform.TestHostRuntimeProvider.dll
C:\Program Files\dotnet\sdk\5.0.104\Extensions\Microsoft.VisualStudio.TestPlatform.Extensions.Html.TestLogger.dll
C:\Program Files\dotnet\sdk\5.0.104\Extensions\Microsoft.VisualStudio.TestPlatform.Extensions.Trx.TestLogger.dll
TpTrace Information: 0 : 292, 1, 2021/12/24, 18:15:30.532, 3715153214449, vstest.console.dll, AssemblyResolver.AddSearchDirectories: Adding more searchDirectories C:\Program Files\dotnet\sdk\5.0.104\Extensions,C:\Program Files\dotnet\sdk\5.0.104
TpTrace Information: 0 : 292, 1, 2021/12/24, 18:15:30.532, 3715153215146, vstest.console.dll, AssemblyResolver.AddSearchDirectories: Adding more searchDirectories C:\Program Files\dotnet\sdk\5.0.104\Extensions,C:\Program Files\dotnet\sdk\5.0.104
TpTrace Information: 0 : 292, 1, 2021/12/24, 18:15:30.532, 3715153215517, vstest.console.dll, AssemblyResolver.AddSearchDirectories: Adding more searchDirectories C:\Program Files\dotnet\sdk\5.0.104\Extensions,C:\Program Files\dotnet\sdk\5.0.104
TpTrace Information: 0 : 292, 1, 2021/12/24, 18:15:30.532, 3715153215820, vstest.console.dll, AssemblyResolver.AddSearchDirectories: Adding more searchDirectories C:\Program Files\dotnet\sdk\5.0.104\Extensions,C:\Program Files\dotnet\sdk\5.0.104
TpTrace Information: 0 : 292, 1, 2021/12/24, 18:15:30.532, 3715153216244, vstest.console.dll, AssemblyResolver.AddSearchDirectories: Adding more searchDirectories C:\Program Files\dotnet\sdk\5.0.104\Extensions,C:\Program Files\dotnet\sdk\5.0.104
TpTrace Information: 0 : 292, 1, 2021/12/24, 18:15:30.532, 3715153216507, vstest.console.dll, AssemblyResolver.AddSearchDirectories: Adding more searchDirectories C:\Program Files\dotnet\sdk\5.0.104\Extensions,C:\Program Files\dotnet\sdk\5.0.104
TpTrace Information: 0 : 292, 1, 2021/12/24, 18:15:30.533, 3715153220667, vstest.console.dll, AssemblyResolver.OnResolve: Microsoft.Diagnostics.NETCore.Client: Resolving assembly.
TpTrace Information: 0 : 292, 1, 2021/12/24, 18:15:30.534, 3715153234152, vstest.console.dll, AssemblyResolver.OnResolve: Resolved assembly: Microsoft.Diagnostics.NETCore.Client, from path: C:\Program Files\dotnet\sdk\5.0.104\Extensions\Microsoft.Diagnostics.NETCore.Client.dll
TpTrace Information: 0 : 292, 1, 2021/12/24, 18:15:30.537, 3715153260256, vstest.console.dll, AssemblyResolver.OnResolve: Microsoft.Bcl.AsyncInterfaces: Resolving assembly.
TpTrace Information: 0 : 292, 1, 2021/12/24, 18:15:30.537, 3715153262472, vstest.console.dll, AssemblyResolver.OnResolve: Microsoft.Bcl.AsyncInterfaces: Failed to load assembly.
TpTrace Verbose: 0 : 292, 1, 2021/12/24, 18:15:30.537, 3715153262965, vstest.console.dll, CurrentDomain_AssemblyResolve: Resolving assembly 'Microsoft.Bcl.AsyncInterfaces'.
TpTrace Information: 0 : 292, 1, 2021/12/24, 18:15:30.537, 3715153263595, vstest.console.dll, AssemblyResolver.OnResolve: Microsoft.Bcl.AsyncInterfaces: Resolving assembly.
TpTrace Information: 0 : 292, 1, 2021/12/24, 18:15:30.537, 3715153263963, vstest.console.dll, AssemblyResolver.OnResolve: Microsoft.Bcl.AsyncInterfaces: Resolved from cache.
TpTrace Verbose: 0 : 292, 1, 2021/12/24, 18:15:30.537, 3715153264309, vstest.console.dll, CurrentDomain_AssemblyResolve: Resolving assembly 'Microsoft.Bcl.AsyncInterfaces'.
TpTrace Verbose: 0 : 292, 1, 2021/12/24, 18:15:30.537, 3715153264677, vstest.console.dll, CurrentDomainAssemblyResolve: Failed to resolve assembly 'Microsoft.Bcl.AsyncInterfaces'.
TpTrace Verbose: 0 : 292, 1, 2021/12/24, 18:15:30.538, 3715153271926, vstest.console.dll, CurrentDomainAssemblyResolve: Failed to resolve assembly 'Microsoft.Bcl.AsyncInterfaces'.
TpTrace Warning: 0 : 292, 1, 2021/12/24, 18:15:30.553, 3715153421751, vstest.console.dll, TestPluginDiscoverer: Failed to get types from assembly 'Microsoft.Diagnostics.NETCore.Client, Version=0.2.2.41902, Culture=neutral, PublicKeyToken=31bf3856ad364e35'.  Skipping test extension scan for this assembly.  Error: System.Reflection.ReflectionTypeLoadException: Unable to load one or more of the requested types.
Could not load file or assembly 'Microsoft.Bcl.AsyncInterfaces, Version=1.0.0.0, Culture=neutral, PublicKeyToken=cc7b13ffcd2ddd51'. The system cannot find the file specified.
   at System.Reflection.RuntimeModule.GetTypes(RuntimeModule module)
   at System.Reflection.RuntimeModule.GetTypes()
   at System.Reflection.Assembly.GetTypes()
   at Microsoft.VisualStudio.TestPlatform.Common.ExtensionFramework.TestPluginDiscoverer.GetTestExtensionsFromAssembly[TPluginInfo,TExtension](Assembly assembly, Dictionary`2 pluginInfos)
System.IO.FileNotFoundException: Could not load file or assembly 'Microsoft.Bcl.AsyncInterfaces, Version=1.0.0.0, Culture=neutral, PublicKeyToken=cc7b13ffcd2ddd51'. The system cannot find the file specified.
File name: 'Microsoft.Bcl.AsyncInterfaces, Version=1.0.0.0, Culture=neutral, PublicKeyToken=cc7b13ffcd2ddd51'
TpTrace Warning: 0 : 292, 1, 2021/12/24, 18:15:30.553, 3715153423363, vstest.console.dll, LoaderExceptions: System.IO.FileNotFoundException: Could not load file or assembly 'Microsoft.Bcl.AsyncInterfaces, Version=1.0.0.0, Culture=neutral, PublicKeyToken=cc7b13ffcd2ddd51'. The system cannot find the file specified.
File name: 'Microsoft.Bcl.AsyncInterfaces, Version=1.0.0.0, Culture=neutral, PublicKeyToken=cc7b13ffcd2ddd51'
TpTrace Information: 0 : 292, 1, 2021/12/24, 18:15:30.553, 3715153424447, vstest.console.dll, AssemblyResolver.OnResolve: Microsoft.TestPlatform.Extensions.BlameDataCollector: Resolving assembly.
TpTrace Information: 0 : 292, 1, 2021/12/24, 18:15:30.554, 3715153435310, vstest.console.dll, AssemblyResolver.OnResolve: Resolved assembly: Microsoft.TestPlatform.Extensions.BlameDataCollector, from path: C:\Program Files\dotnet\sdk\5.0.104\Extensions\Microsoft.TestPlatform.Extensions.BlameDataCollector.dll
TpTrace Information: 0 : 292, 1, 2021/12/24, 18:15:30.555, 3715153446391, vstest.console.dll, AssemblyResolver.OnResolve: Microsoft.TestPlatform.Extensions.EventLogCollector: Resolving assembly.
TpTrace Information: 0 : 292, 1, 2021/12/24, 18:15:30.556, 3715153453564, vstest.console.dll, AssemblyResolver.OnResolve: Resolved assembly: Microsoft.TestPlatform.Extensions.EventLogCollector, from path: C:\Program Files\dotnet\sdk\5.0.104\Extensions\Microsoft.TestPlatform.Extensions.EventLogCollector.dll
TpTrace Information: 0 : 292, 1, 2021/12/24, 18:15:30.558, 3715153471545, vstest.console.dll, AssemblyResolver.OnResolve: Microsoft.TestPlatform.TestHostRuntimeProvider: Resolving assembly.
TpTrace Information: 0 : 292, 1, 2021/12/24, 18:15:30.559, 3715153480474, vstest.console.dll, AssemblyResolver.OnResolve: Resolved assembly: Microsoft.TestPlatform.TestHostRuntimeProvider, from path: C:\Program Files\dotnet\sdk\5.0.104\Extensions\Microsoft.TestPlatform.TestHostRuntimeProvider.dll
TpTrace Information: 0 : 292, 1, 2021/12/24, 18:15:30.560, 3715153492393, vstest.console.dll, AssemblyResolver.OnResolve: Microsoft.VisualStudio.TestPlatform.Extensions.Html.TestLogger: Resolving assembly.
TpTrace Information: 0 : 292, 1, 2021/12/24, 18:15:30.561, 3715153502315, vstest.console.dll, AssemblyResolver.OnResolve: Resolved assembly: Microsoft.VisualStudio.TestPlatform.Extensions.Html.TestLogger, from path: C:\Program Files\dotnet\sdk\5.0.104\Extensions\Microsoft.VisualStudio.TestPlatform.Extensions.Html.TestLogger.dll
TpTrace Information: 0 : 292, 1, 2021/12/24, 18:15:30.561, 3715153505498, vstest.console.dll, AssemblyResolver.OnResolve: Microsoft.VisualStudio.TestPlatform.Extensions.Trx.TestLogger: Resolving assembly.
TpTrace Information: 0 : 292, 1, 2021/12/24, 18:15:30.562, 3715153515038, vstest.console.dll, AssemblyResolver.OnResolve: Resolved assembly: Microsoft.VisualStudio.TestPlatform.Extensions.Trx.TestLogger, from path: C:\Program Files\dotnet\sdk\5.0.104\Extensions\Microsoft.VisualStudio.TestPlatform.Extensions.Trx.TestLogger.dll
TpTrace Verbose: 0 : 292, 1, 2021/12/24, 18:15:30.563, 3715153526662, vstest.console.dll, TestPluginCache: Discovered the extensions using extension path ''.
TpTrace Verbose: 0 : 292, 1, 2021/12/24, 18:15:30.564, 3715153527414, vstest.console.dll, TestPluginCache: Discoverers are ''.
TpTrace Verbose: 0 : 292, 1, 2021/12/24, 18:15:30.564, 3715153527682, vstest.console.dll, TestPluginCache: Executors are ''.
TpTrace Verbose: 0 : 292, 1, 2021/12/24, 18:15:30.564, 3715153527947, vstest.console.dll, TestPluginCache: Executors2 are ''.
TpTrace Verbose: 0 : 292, 1, 2021/12/24, 18:15:30.564, 3715153528200, vstest.console.dll, TestPluginCache: Setting providers are ''.
TpTrace Verbose: 0 : 292, 1, 2021/12/24, 18:15:30.564, 3715153528423, vstest.console.dll, TestPluginCache: Loggers are ''.
TpTrace Information: 0 : 292, 1, 2021/12/24, 18:15:30.569, 3715153578313, vstest.console.dll, RunTestsArgumentProcessor:Execute: Test run is starting.
TpTrace Verbose: 0 : 292, 1, 2021/12/24, 18:15:30.569, 3715153579355, vstest.console.dll, RunTestsArgumentProcessor:Execute: Queuing Test run.
TpTrace Information: 0 : 292, 1, 2021/12/24, 18:15:30.569, 3715153582151, vstest.console.dll, TestRequestManager.RunTests: run tests started.
TpTrace Information: 0 : 292, 1, 2021/12/24, 18:15:30.573, 3715153625530, vstest.console.dll, AssemblyMetadataProvider.GetFrameWork: Determined framework:'.NETCoreApp,Version=v3.1' for source: 'C:\Users\aayushgupta01\source\repos\eBroker App\eBroker_DataAccessLayer_UnitTest\bin\Debug\netcoreapp3.1\fine-code-coverage\build-output\eBroker_DataAccessLayer_UnitTest.dll'
TpTrace Information: 0 : 292, 1, 2021/12/24, 18:15:30.574, 3715153627529, vstest.console.dll, Determined framework for all sources: .NETCoreApp,Version=v3.1
TpTrace Information: 0 : 292, 1, 2021/12/24, 18:15:30.574, 3715153633077, vstest.console.dll, AssemblyMetadataProvider.GetArchitecture: Determined architecture:AnyCPU info for assembly: C:\Users\aayushgupta01\source\repos\eBroker App\eBroker_DataAccessLayer_UnitTest\bin\Debug\netcoreapp3.1\fine-code-coverage\build-output\eBroker_DataAccessLayer_UnitTest.dll
TpTrace Information: 0 : 292, 1, 2021/12/24, 18:15:30.576, 3715153655662, vstest.console.dll, Determined platform for all sources: X64
TpTrace Information: 0 : 292, 1, 2021/12/24, 18:15:30.579, 3715153686755, vstest.console.dll, Compatible sources list : 
TpTrace Information: 0 : 292, 1, 2021/12/24, 18:15:30.580, 3715153688404, vstest.console.dll, C:\Users\aayushgupta01\source\repos\eBroker App\eBroker_DataAccessLayer_UnitTest\bin\Debug\netcoreapp3.1\fine-code-coverage\build-output\eBroker_DataAccessLayer_UnitTest.dll
TpTrace Information: 0 : 292, 1, 2021/12/24, 18:15:30.582, 3715153710885, vstest.console.dll, InferRunSettingsHelper.IsTestSettingsEnabled: Unable to navigate to RunSettings/MSTest. Current node: RunSettings
TpTrace Information: 0 : 292, 1, 2021/12/24, 18:15:30.583, 3715153719582, vstest.console.dll, AssemblyResolver.OnResolve: Microsoft.VisualStudio.TestPlatform.Fakes: Resolving assembly.
TpTrace Information: 0 : 292, 1, 2021/12/24, 18:15:30.583, 3715153721912, vstest.console.dll, AssemblyResolver.OnResolve: Microsoft.VisualStudio.TestPlatform.Fakes: Failed to load assembly.
TpTrace Information: 0 : 292, 1, 2021/12/24, 18:15:30.583, 3715153725556, vstest.console.dll, Failed to create newly implemented Fakes Configurator. Reason:System.IO.FileNotFoundException: Could not load file or assembly 'Microsoft.VisualStudio.TestPlatform.Fakes, Version=16.0.0.0, Culture=neutral, PublicKeyToken=null'. The system cannot find the file specified.
File name: 'Microsoft.VisualStudio.TestPlatform.Fakes, Version=16.0.0.0, Culture=neutral, PublicKeyToken=null'
   at System.Reflection.RuntimeAssembly.InternalLoad(ObjectHandleOnStack assemblyName, ObjectHandleOnStack requestingAssembly, StackCrawlMarkHandle stackMark, Boolean throwOnFileNotFound, ObjectHandleOnStack assemblyLoadContext, ObjectHandleOnStack retAssembly)
   at System.Reflection.RuntimeAssembly.InternalLoad(AssemblyName assemblyName, RuntimeAssembly requestingAssembly, StackCrawlMark& stackMark, Boolean throwOnFileNotFound, AssemblyLoadContext assemblyLoadContext)
   at System.Reflection.Assembly.Load(String assemblyString)
   at Microsoft.VisualStudio.TestPlatform.Common.Utilities.FakesUtilities.TryGetFakesCrossPlatformDataCollectorConfigurator() 
TpTrace Verbose: 0 : 292, 1, 2021/12/24, 18:15:30.587, 3715153762292, vstest.console.dll, TestPluginCache.DiscoverTestExtensions: finding test extensions in assemblies ends with: TestLogger.dll TPluginInfo: Microsoft.VisualStudio.TestPlatform.Common.ExtensionFramework.Utilities.TestLoggerPluginInformation TExtension: Microsoft.VisualStudio.TestPlatform.ObjectModel.Client.ITestLogger
TpTrace Verbose: 0 : 292, 1, 2021/12/24, 18:15:30.587, 3715153763848, vstest.console.dll, TestPluginCache.GetExtensionPaths: Filtered extension paths: 
TpTrace Verbose: 0 : 292, 1, 2021/12/24, 18:15:30.587, 3715153764337, vstest.console.dll, TestPluginCache.GetExtensionPaths: Added default extension paths: C:\Program Files\dotnet\sdk\5.0.104\Extensions\Microsoft.Diagnostics.NETCore.Client.dll
C:\Program Files\dotnet\sdk\5.0.104\Extensions\Microsoft.TestPlatform.Extensions.BlameDataCollector.dll
C:\Program Files\dotnet\sdk\5.0.104\Extensions\Microsoft.TestPlatform.Extensions.EventLogCollector.dll
C:\Program Files\dotnet\sdk\5.0.104\Extensions\Microsoft.TestPlatform.TestHostRuntimeProvider.dll
C:\Program Files\dotnet\sdk\5.0.104\Extensions\Microsoft.VisualStudio.TestPlatform.Extensions.Html.TestLogger.dll
C:\Program Files\dotnet\sdk\5.0.104\Extensions\Microsoft.VisualStudio.TestPlatform.Extensions.Trx.TestLogger.dll
TpTrace Verbose: 0 : 292, 1, 2021/12/24, 18:15:30.587, 3715153764664, vstest.console.dll, TestPluginCache.GetExtensionPaths: Added unfilterableExtensionPaths: 
TpTrace Information: 0 : 292, 1, 2021/12/24, 18:15:30.587, 3715153766236, vstest.console.dll, AssemblyResolver.AddSearchDirectories: Adding more searchDirectories C:\Program Files\dotnet\sdk\5.0.104\Extensions,C:\Program Files\dotnet\sdk\5.0.104
TpTrace Verbose: 0 : 292, 1, 2021/12/24, 18:15:30.587, 3715153766704, vstest.console.dll, TestPluginCache.DiscoverTestExtensions: Discovering the extensions using extension path.
TpTrace Verbose: 0 : 292, 1, 2021/12/24, 18:15:30.588, 3715153766991, vstest.console.dll, TestPluginCache.GetExtensionPaths: Filtered extension paths: 
TpTrace Verbose: 0 : 292, 1, 2021/12/24, 18:15:30.588, 3715153767257, vstest.console.dll, TestPluginCache.GetExtensionPaths: Added default extension paths: C:\Program Files\dotnet\sdk\5.0.104\Extensions\Microsoft.Diagnostics.NETCore.Client.dll
C:\Program Files\dotnet\sdk\5.0.104\Extensions\Microsoft.TestPlatform.Extensions.BlameDataCollector.dll
C:\Program Files\dotnet\sdk\5.0.104\Extensions\Microsoft.TestPlatform.Extensions.EventLogCollector.dll
C:\Program Files\dotnet\sdk\5.0.104\Extensions\Microsoft.TestPlatform.TestHostRuntimeProvider.dll
C:\Program Files\dotnet\sdk\5.0.104\Extensions\Microsoft.VisualStudio.TestPlatform.Extensions.Html.TestLogger.dll
C:\Program Files\dotnet\sdk\5.0.104\Extensions\Microsoft.VisualStudio.TestPlatform.Extensions.Trx.TestLogger.dll
TpTrace Verbose: 0 : 292, 1, 2021/12/24, 18:15:30.588, 3715153767582, vstest.console.dll, TestPluginCache.GetExtensionPaths: Added unfilterableExtensionPaths: 
TpTrace Verbose: 0 : 292, 1, 2021/12/24, 18:15:30.588, 3715153767915, vstest.console.dll, TestPluginCache.DiscoverTestExtensions: Discovering the extensions using allExtensionPaths: C:\Program Files\dotnet\sdk\5.0.104\Extensions\Microsoft.Diagnostics.NETCore.Client.dll
C:\Program Files\dotnet\sdk\5.0.104\Extensions\Microsoft.TestPlatform.Extensions.BlameDataCollector.dll
C:\Program Files\dotnet\sdk\5.0.104\Extensions\Microsoft.TestPlatform.Extensions.EventLogCollector.dll
C:\Program Files\dotnet\sdk\5.0.104\Extensions\Microsoft.TestPlatform.TestHostRuntimeProvider.dll
C:\Program Files\dotnet\sdk\5.0.104\Extensions\Microsoft.VisualStudio.TestPlatform.Extensions.Html.TestLogger.dll
C:\Program Files\dotnet\sdk\5.0.104\Extensions\Microsoft.VisualStudio.TestPlatform.Extensions.Trx.TestLogger.dll
TpTrace Information: 0 : 292, 1, 2021/12/24, 18:15:30.588, 3715153768383, vstest.console.dll, AssemblyResolver.AddSearchDirectories: Adding more searchDirectories C:\Program Files\dotnet\sdk\5.0.104\Extensions,C:\Program Files\dotnet\sdk\5.0.104
TpTrace Information: 0 : 292, 1, 2021/12/24, 18:15:30.588, 3715153768699, vstest.console.dll, AssemblyResolver.AddSearchDirectories: Adding more searchDirectories C:\Program Files\dotnet\sdk\5.0.104\Extensions,C:\Program Files\dotnet\sdk\5.0.104
TpTrace Information: 0 : 292, 1, 2021/12/24, 18:15:30.588, 3715153769049, vstest.console.dll, AssemblyResolver.AddSearchDirectories: Adding more searchDirectories C:\Program Files\dotnet\sdk\5.0.104\Extensions,C:\Program Files\dotnet\sdk\5.0.104
TpTrace Information: 0 : 292, 1, 2021/12/24, 18:15:30.588, 3715153769364, vstest.console.dll, AssemblyResolver.AddSearchDirectories: Adding more searchDirectories C:\Program Files\dotnet\sdk\5.0.104\Extensions,C:\Program Files\dotnet\sdk\5.0.104
TpTrace Information: 0 : 292, 1, 2021/12/24, 18:15:30.588, 3715153769647, vstest.console.dll, AssemblyResolver.AddSearchDirectories: Adding more searchDirectories C:\Program Files\dotnet\sdk\5.0.104\Extensions,C:\Program Files\dotnet\sdk\5.0.104
TpTrace Information: 0 : 292, 1, 2021/12/24, 18:15:30.588, 3715153769957, vstest.console.dll, AssemblyResolver.AddSearchDirectories: Adding more searchDirectories C:\Program Files\dotnet\sdk\5.0.104\Extensions,C:\Program Files\dotnet\sdk\5.0.104
TpTrace Information: 0 : 292, 1, 2021/12/24, 18:15:30.588, 3715153771622, vstest.console.dll, AssemblyResolver.OnResolve: Microsoft.Bcl.AsyncInterfaces: Resolving assembly.
TpTrace Information: 0 : 292, 1, 2021/12/24, 18:15:30.588, 3715153771973, vstest.console.dll, AssemblyResolver.OnResolve: Microsoft.Bcl.AsyncInterfaces: Resolved from cache.
TpTrace Verbose: 0 : 292, 1, 2021/12/24, 18:15:30.588, 3715153772247, vstest.console.dll, CurrentDomain_AssemblyResolve: Resolving assembly 'Microsoft.Bcl.AsyncInterfaces'.
TpTrace Information: 0 : 292, 1, 2021/12/24, 18:15:30.588, 3715153772704, vstest.console.dll, AssemblyResolver.OnResolve: Microsoft.Bcl.AsyncInterfaces: Resolving assembly.
TpTrace Information: 0 : 292, 1, 2021/12/24, 18:15:30.588, 3715153773025, vstest.console.dll, AssemblyResolver.OnResolve: Microsoft.Bcl.AsyncInterfaces: Resolved from cache.
TpTrace Verbose: 0 : 292, 1, 2021/12/24, 18:15:30.588, 3715153773288, vstest.console.dll, CurrentDomain_AssemblyResolve: Resolving assembly 'Microsoft.Bcl.AsyncInterfaces'.
TpTrace Verbose: 0 : 292, 1, 2021/12/24, 18:15:30.588, 3715153773521, vstest.console.dll, CurrentDomainAssemblyResolve: Failed to resolve assembly 'Microsoft.Bcl.AsyncInterfaces'.
TpTrace Verbose: 0 : 292, 1, 2021/12/24, 18:15:30.588, 3715153774814, vstest.console.dll, CurrentDomainAssemblyResolve: Failed to resolve assembly 'Microsoft.Bcl.AsyncInterfaces'.
TpTrace Warning: 0 : 292, 1, 2021/12/24, 18:15:30.589, 3715153777381, vstest.console.dll, TestPluginDiscoverer: Failed to get types from assembly 'Microsoft.Diagnostics.NETCore.Client, Version=0.2.2.41902, Culture=neutral, PublicKeyToken=31bf3856ad364e35'.  Skipping test extension scan for this assembly.  Error: System.Reflection.ReflectionTypeLoadException: Unable to load one or more of the requested types.
Could not load file or assembly 'Microsoft.Bcl.AsyncInterfaces, Version=1.0.0.0, Culture=neutral, PublicKeyToken=cc7b13ffcd2ddd51'. The system cannot find the file specified.
   at System.Reflection.RuntimeModule.GetTypes(RuntimeModule module)
   at System.Reflection.RuntimeModule.GetTypes()
   at System.Reflection.Assembly.GetTypes()
   at Microsoft.VisualStudio.TestPlatform.Common.ExtensionFramework.TestPluginDiscoverer.GetTestExtensionsFromAssembly[TPluginInfo,TExtension](Assembly assembly, Dictionary`2 pluginInfos)
System.IO.FileNotFoundException: Could not load file or assembly 'Microsoft.Bcl.AsyncInterfaces, Version=1.0.0.0, Culture=neutral, PublicKeyToken=cc7b13ffcd2ddd51'. The system cannot find the file specified.
File name: 'Microsoft.Bcl.AsyncInterfaces, Version=1.0.0.0, Culture=neutral, PublicKeyToken=cc7b13ffcd2ddd51'
TpTrace Warning: 0 : 292, 1, 2021/12/24, 18:15:30.589, 3715153777915, vstest.console.dll, LoaderExceptions: System.IO.FileNotFoundException: Could not load file or assembly 'Microsoft.Bcl.AsyncInterfaces, Version=1.0.0.0, Culture=neutral, PublicKeyToken=cc7b13ffcd2ddd51'. The system cannot find the file specified.
File name: 'Microsoft.Bcl.AsyncInterfaces, Version=1.0.0.0, Culture=neutral, PublicKeyToken=cc7b13ffcd2ddd51'
TpTrace Verbose: 0 : 292, 1, 2021/12/24, 18:15:30.589, 3715153780828, vstest.console.dll, TestPluginCache: Discovered the extensions using extension path ''.
TpTrace Verbose: 0 : 292, 1, 2021/12/24, 18:15:30.589, 3715153781221, vstest.console.dll, TestPluginCache: Discoverers are ''.
TpTrace Verbose: 0 : 292, 1, 2021/12/24, 18:15:30.589, 3715153781454, vstest.console.dll, TestPluginCache: Executors are ''.
TpTrace Verbose: 0 : 292, 1, 2021/12/24, 18:15:30.589, 3715153781699, vstest.console.dll, TestPluginCache: Executors2 are ''.
TpTrace Verbose: 0 : 292, 1, 2021/12/24, 18:15:30.589, 3715153781914, vstest.console.dll, TestPluginCache: Setting providers are ''.
TpTrace Verbose: 0 : 292, 1, 2021/12/24, 18:15:30.589, 3715153782541, vstest.console.dll, TestPluginCache: Loggers are 'logger://Microsoft/TestPlatform/Extensions/Blame/v1,logger://Microsoft/TestPlatform/HtmlLogger/v1,logger://Microsoft/TestPlatform/TrxLogger/v1'.
TpTrace Information: 0 : 292, 1, 2021/12/24, 18:15:30.590, 3715153788076, vstest.console.dll, TestPluginManager.CreateTestExtension: Attempting to load test extension: Microsoft.TestPlatform.Extensions.BlameDataCollector.BlameLogger
TpTrace Information: 0 : 292, 1, 2021/12/24, 18:15:30.599, 3715153877289, vstest.console.dll, TestPluginManager.CreateTestExtension: Attempting to load test extension: Microsoft.VisualStudio.TestPlatform.CrossPlatEngine.Hosting.DefaultTestHostManager
TpTrace Information: 0 : 292, 1, 2021/12/24, 18:15:30.599, 3715153880162, vstest.console.dll, TestPluginManager.CreateTestExtension: Attempting to load test extension: Microsoft.VisualStudio.TestPlatform.CrossPlatEngine.Hosting.DotnetTestHostManager
TpTrace Verbose: 0 : 292, 1, 2021/12/24, 18:15:30.599, 3715153884688, vstest.console.dll, TestEngine: Initializing Parallel Execution as MaxCpuCount is set to: 1
TpTrace Information: 0 : 292, 1, 2021/12/24, 18:15:30.600, 3715153888989, vstest.console.dll, InferRunSettingsHelper.IsTestSettingsEnabled: Unable to navigate to RunSettings/MSTest. Current node: RunSettings
TpTrace Verbose: 0 : 292, 1, 2021/12/24, 18:15:30.611, 3715153996809, vstest.console.dll, TestRequestSender is acting as server
TpTrace Verbose: 0 : 292, 4, 2021/12/24, 18:15:30.613, 3715154025597, vstest.console.dll, DataCollectionRequestSender.InitializeCommunication : Initialize communication. 
TpTrace Information: 0 : 292, 4, 2021/12/24, 18:15:30.626, 3715154149627, vstest.console.dll, Listening on Endpoint : 127.0.0.1:60928
TpTrace Verbose: 0 : 292, 4, 2021/12/24, 18:15:30.636, 3715154247595, vstest.console.dll, DotnetDataCollectionLauncher: Full path of dotnet.exe is C:\Program Files\dotnet\dotnet.exe
TpTrace Verbose: 0 : 292, 4, 2021/12/24, 18:15:30.636, 3715154249233, vstest.console.dll, DotnetDataCollectionLauncher: Adding  --runtimeconfig "C:\Program Files\dotnet\sdk\5.0.104\datacollector.runtimeconfig.json" in args
TpTrace Verbose: 0 : 292, 4, 2021/12/24, 18:15:30.636, 3715154250140, vstest.console.dll, DotnetDataCollectionLauncher: Adding  --depsfile "C:\Program Files\dotnet\sdk\5.0.104\datacollector.deps.json" in args
TpTrace Information: 0 : 292, 4, 2021/12/24, 18:15:30.645, 3715154344331, vstest.console.dll, ProxyDataCollectionManager.Initialize: Launched datacollector processId: 17252 port: 60928
TpTrace Information: 0 : 292, 4, 2021/12/24, 18:15:30.645, 3715154346348, vstest.console.dll, ProxyDataCollectionManager.Initialize: waiting for connection with timeout: 90 seconds
TpTrace Verbose: 0 : 292, 4, 2021/12/24, 18:15:30.646, 3715154347150, vstest.console.dll, DataCollectionRequestSender.WaitForRequestHandlerConnection : Waiting for connection with timeout: 90000
TpTrace Information: 0 : 292, 7, 2021/12/24, 18:15:30.812, 3715156007512, vstest.console.dll, Using the buffer size of 16384 bytes
TpTrace Verbose: 0 : 292, 4, 2021/12/24, 18:15:30.812, 3715156008048, vstest.console.dll, ProxyDataCollectionManager.InvokeDataCollectionServiceAction: Starting.
TpTrace Information: 0 : 292, 7, 2021/12/24, 18:15:30.812, 3715156008579, vstest.console.dll, Accepted Client request and set the flag
TpTrace Information: 0 : 292, 4, 2021/12/24, 18:15:30.812, 3715156009524, vstest.console.dll, ProxyDataCollectionManager.BeforeTestRunStart: Get environment variable and port for datacollector processId: 17252 port: 60928
TpTrace Verbose: 0 : 292, 4, 2021/12/24, 18:15:30.812, 3715156010821, vstest.console.dll, DataCollectionRequestSender.SendBeforeTestRunStartAndGetResult : Send BeforeTestRunStart message with settingsXml <RunSettings><RunConfiguration><ResultsDirectory>C:\Users\aayushgupta01\source\repos\eBroker App\eBroker_DataAccessLayer_UnitTest\bin\Debug\netcoreapp3.1\fine-code-coverage\coverage-tool-output</ResultsDirectory><TargetPlatform>X64</TargetPlatform><TargetFrameworkVersion>.NETCoreApp,Version=v3.1</TargetFrameworkVersion><DesignMode>False</DesignMode><CollectSourceInformation>False</CollectSourceInformation><TestAdaptersPaths>C:\Program Files\dotnet\sdk\5.0.104\Extensions</TestAdaptersPaths></RunConfiguration><LoggerRunSettings><Loggers><Logger friendlyName="blame" enabled="True" /><Logger friendlyName="Console" uri="logger://microsoft/TestPlatform/ConsoleLogger/v1" assemblyQualifiedName="Microsoft.VisualStudio.TestPlatform.CommandLine.Internal.ConsoleLogger, vstest.console, Version=15.0.0.0, Culture=neutral, PublicKeyToken=b03f5f7f11d50a3a" codeBase="C:\Program Files\dotnet\sdk\5.0.104\vstest.console.dll" enabled="True" /></Loggers></LoggerRunSettings><DataCollectionRunSettings><DataCollectors><DataCollector friendlyName="blame" enabled="True"><Configuration><ResultsDirectory>C:\Users\aayushgupta01\source\repos\eBroker App\eBroker_DataAccessLayer_UnitTest\bin\Debug\netcoreapp3.1\fine-code-coverage\coverage-tool-output</ResultsDirectory></Configuration></DataCollector></DataCollectors></DataCollectionRunSettings></RunSettings> and sources System.Linq.Enumerable+Concat2Iterator`1[System.String]: 
TpTrace Verbose: 0 : 292, 4, 2021/12/24, 18:15:30.891, 3715156806303, vstest.console.dll, DataCollectionRequestSender.SendBeforeTestRunStartAndGetResult : Received message: (DataCollection.SendMessage) -> {
  "FriendlyName": null,
  "Uri": null,
  "TestCaseId": "00000000-0000-0000-0000-000000000000",
  "Message": "Logging DataCollector Diagnostics in file: C:\\Users\\aayushgupta01\\source\\repos\\eBroker App\\eBroker_DataAccessLayer_UnitTest\\bin\\Debug\\netcoreapp3.1\\fine-code-coverage\\coverage-tool-output\\diagnostics.datacollector.21-12-24_18-15-30_63217_4.log",
  "Level": 0
}
TpTrace Verbose: 0 : 292, 4, 2021/12/24, 18:15:30.948, 3715157370855, vstest.console.dll, DataCollectionRequestSender.SendBeforeTestRunStartAndGetResult : Received message: (DataCollection.BeforeTestRunStartResult) -> {
  "EnvironmentVariables": {},
  "DataCollectionEventsPort": 60930
}
TpTrace Information: 0 : 292, 4, 2021/12/24, 18:15:30.951, 3715157406536, vstest.console.dll, ProxyDataCollectionManager.BeforeTestRunStart: SendBeforeTestRunStartAndGetResult successful, env variable from datacollector:   and testhost port: 60930
TpTrace Information: 0 : 292, 4, 2021/12/24, 18:15:30.952, 3715157407412, vstest.console.dll, ProxyDataCollectionManager.InvokeDataCollectionServiceAction: Completed.
TpTrace Verbose: 0 : 292, 1, 2021/12/24, 18:15:30.952, 3715157408447, vstest.console.dll, TestRunRequest.ExecuteAsync: Creating test run request.
TpTrace Verbose: 0 : 292, 1, 2021/12/24, 18:15:30.952, 3715157410568, vstest.console.dll, TestRunRequest.ExecuteAsync: Starting.
TpTrace Information: 0 : 292, 1, 2021/12/24, 18:15:30.952, 3715157412701, vstest.console.dll, TestRunRequest.ExecuteAsync: Starting run with settings:TestRunCriteria:
   KeepAlive=False,FrequencyOfRunStatsChangeEvent=10,RunStatsChangeEventTimeout=00:00:01.5000000,TestCaseFilter=,TestExecutorLauncher=
   Settingsxml=<RunSettings>
  <RunConfiguration>
    <ResultsDirectory>C:\Users\aayushgupta01\source\repos\eBroker App\eBroker_DataAccessLayer_UnitTest\bin\Debug\netcoreapp3.1\fine-code-coverage\coverage-tool-output</ResultsDirectory>
    <TargetPlatform>X64</TargetPlatform>
    <TargetFrameworkVersion>.NETCoreApp,Version=v3.1</TargetFrameworkVersion>
    <DesignMode>False</DesignMode>
    <CollectSourceInformation>False</CollectSourceInformation>
  </RunConfiguration>
  <LoggerRunSettings>
    <Loggers>
      <Logger friendlyName="blame" enabled="True" />
      <Logger friendlyName="Console" uri="logger://microsoft/TestPlatform/ConsoleLogger/v1" assemblyQualifiedName="Microsoft.VisualStudio.TestPlatform.CommandLine.Internal.ConsoleLogger, vstest.console, Version=15.0.0.0, Culture=neutral, PublicKeyToken=b03f5f7f11d50a3a" codeBase="C:\Program Files\dotnet\sdk\5.0.104\vstest.console.dll" enabled="True" />
    </Loggers>
  </LoggerRunSettings>
  <DataCollectionRunSettings>
    <DataCollectors>
      <DataCollector friendlyName="blame" enabled="True">
        <Configuration>
          <ResultsDirectory>C:\Users\aayushgupta01\source\repos\eBroker App\eBroker_DataAccessLayer_UnitTest\bin\Debug\netcoreapp3.1\fine-code-coverage\coverage-tool-output</ResultsDirectory>
        </Configuration>
      </DataCollector>
    </DataCollectors>
  </DataCollectionRunSettings>
</RunSettings>

TpTrace Verbose: 0 : 292, 1, 2021/12/24, 18:15:30.952, 3715157413659, vstest.console.dll, TestRunRequest.ExecuteAsync: Wait for the first run request is over.
TpTrace Verbose: 0 : 292, 1, 2021/12/24, 18:15:30.953, 3715157417020, vstest.console.dll, ParallelProxyExecutionManager: Start execution. Total sources: 1
TpTrace Information: 0 : 292, 1, 2021/12/24, 18:15:30.953, 3715157422698, vstest.console.dll, ProxyParallelExecutionManager: Triggering test run for next source: C:\Users\aayushgupta01\source\repos\eBroker App\eBroker_DataAccessLayer_UnitTest\bin\Debug\netcoreapp3.1\fine-code-coverage\build-output\eBroker_DataAccessLayer_UnitTest.dll
TpTrace Verbose: 0 : 292, 6, 2021/12/24, 18:15:30.953, 3715157423954, vstest.console.dll, ParallelProxyExecutionManager: Execution started. Started clients: 1
TpTrace Verbose: 0 : 292, 1, 2021/12/24, 18:15:30.953, 3715157424204, vstest.console.dll, ProxyParallelExecutionManager: No sources available for execution.
TpTrace Information: 0 : 292, 1, 2021/12/24, 18:15:30.953, 3715157424688, vstest.console.dll, TestRunRequest.ExecuteAsync: Started.
TpTrace Verbose: 0 : 292, 1, 2021/12/24, 18:15:30.953, 3715157425235, vstest.console.dll, TestRunRequest.WaitForCompletion: Waiting with timeout -1.
TpTrace Verbose: 0 : 292, 6, 2021/12/24, 18:15:30.954, 3715157427046, vstest.console.dll, TestRunRequest:SendTestRunMessage: Starting.
TpTrace Information: 0 : 292, 6, 2021/12/24, 18:15:30.954, 3715157427985, vstest.console.dll, TestRunRequest:SendTestRunMessage: Completed.
TpTrace Verbose: 0 : 292, 6, 2021/12/24, 18:15:30.954, 3715157429597, vstest.console.dll, ProxyExecutionManager: Test host is always Lazy initialize.
TpTrace Verbose: 0 : 292, 6, 2021/12/24, 18:15:30.954, 3715157431535, vstest.console.dll, TestRequestSender.InitializeCommunication: initialize communication. 
TpTrace Information: 0 : 292, 6, 2021/12/24, 18:15:30.954, 3715157435849, vstest.console.dll, SocketServer.Start: Listening on endpoint : 127.0.0.1:60931
TpTrace Verbose: 0 : 292, 6, 2021/12/24, 18:15:30.955, 3715157441742, vstest.console.dll, DotnetTestHostmanager: Adding  --runtimeconfig "C:\Users\aayushgupta01\source\repos\eBroker App\eBroker_DataAccessLayer_UnitTest\bin\Debug\netcoreapp3.1\fine-code-coverage\build-output\eBroker_DataAccessLayer_UnitTest.runtimeconfig.json" in args
TpTrace Verbose: 0 : 292, 6, 2021/12/24, 18:15:30.955, 3715157442716, vstest.console.dll, DotnetTestHostmanager: Adding  --depsfile "C:\Users\aayushgupta01\source\repos\eBroker App\eBroker_DataAccessLayer_UnitTest\bin\Debug\netcoreapp3.1\fine-code-coverage\build-output\eBroker_DataAccessLayer_UnitTest.deps.json" in args
TpTrace Information: 0 : 292, 6, 2021/12/24, 18:15:30.955, 3715157445080, vstest.console.dll, AssemblyResolver.OnResolve: Microsoft.Extensions.DependencyModel: Resolving assembly.
TpTrace Information: 0 : 292, 6, 2021/12/24, 18:15:30.956, 3715157452392, vstest.console.dll, AssemblyResolver.OnResolve: Resolved assembly: Microsoft.Extensions.DependencyModel, from path: C:\Program Files\dotnet\sdk\5.0.104\Microsoft.Extensions.DependencyModel.dll
TpTrace Verbose: 0 : 292, 6, 2021/12/24, 18:15:30.956, 3715157455100, vstest.console.dll, DotnetTestHostmanager: Reading file C:\Users\aayushgupta01\source\repos\eBroker App\eBroker_DataAccessLayer_UnitTest\bin\Debug\netcoreapp3.1\fine-code-coverage\build-output\eBroker_DataAccessLayer_UnitTest.deps.json to get path of testhost.dll
TpTrace Verbose: 0 : 292, 6, 2021/12/24, 18:15:30.975, 3715157640892, vstest.console.dll, DotnetTestHostmanager: Relative path of testhost.dll with respect to package folder is microsoft.testplatform.testhost/16.5.0\lib/netcoreapp2.1/testhost.dll
TpTrace Verbose: 0 : 292, 6, 2021/12/24, 18:15:30.976, 3715157651906, vstest.console.dll, DotnetTestHostmanager: Looking for path microsoft.testplatform.testhost/16.5.0\lib/netcoreapp2.1/testhost.dll in folder C:\Users\aayushgupta01\.dotnet\store\|arch|\|tfm|
TpTrace Verbose: 0 : 292, 6, 2021/12/24, 18:15:30.976, 3715157653064, vstest.console.dll, DotnetTestHostmanager: Looking for path microsoft.testplatform.testhost/16.5.0\lib/netcoreapp2.1/testhost.dll in folder C:\Users\aayushgupta01\.nuget\packages
TpTrace Verbose: 0 : 292, 6, 2021/12/24, 18:15:30.976, 3715157654844, vstest.console.dll, DotnetTestHostManager: Testhost.exe/testhost.x86.exe found at path: C:\Users\aayushgupta01\.nuget\packages\microsoft.testplatform.testhost\16.5.0\build\netcoreapp2.1\x64\testhost.exe
TpTrace Verbose: 0 : 292, 6, 2021/12/24, 18:15:30.976, 3715157655275, vstest.console.dll, DotnetTestHostmanager: Full path of host exe is C:\Users\aayushgupta01\.nuget\packages\microsoft.testplatform.testhost\16.5.0\build\netcoreapp2.1\x64\testhost.exe
TpTrace Verbose: 0 : 292, 4, 2021/12/24, 18:15:30.977, 3715157663183, vstest.console.dll, DotnetTestHostManager: Starting process 'C:\Users\aayushgupta01\.nuget\packages\microsoft.testplatform.testhost\16.5.0\build\netcoreapp2.1\x64\testhost.exe' with command line ' --runtimeconfig "C:\Users\aayushgupta01\source\repos\eBroker App\eBroker_DataAccessLayer_UnitTest\bin\Debug\netcoreapp3.1\fine-code-coverage\build-output\eBroker_DataAccessLayer_UnitTest.runtimeconfig.json" --depsfile "C:\Users\aayushgupta01\source\repos\eBroker App\eBroker_DataAccessLayer_UnitTest\bin\Debug\netcoreapp3.1\fine-code-coverage\build-output\eBroker_DataAccessLayer_UnitTest.deps.json" --port 60931 --endpoint 127.0.0.1:060931 --role client --parentprocessid 292 --diag "C:\Users\aayushgupta01\source\repos\eBroker App\eBroker_DataAccessLayer_UnitTest\bin\Debug\netcoreapp3.1\fine-code-coverage\coverage-tool-output\diagnostics.host.21-12-24_18-15-30_95515_6.log" --tracelevel 4 --datacollectionport 60930 --telemetryoptedin false'
TpTrace Verbose: 0 : 292, 4, 2021/12/24, 18:15:30.984, 3715157729994, vstest.console.dll, Test Runtime launched
TpTrace Verbose: 0 : 292, 6, 2021/12/24, 18:15:30.985, 3715157739025, vstest.console.dll, TestRequestSender.WaitForRequestHandlerConnection: waiting for connection with timeout: 90000
TpTrace Verbose: 0 : 292, 4, 2021/12/24, 18:15:31.168, 3715159567575, vstest.console.dll, SocketServer.OnClientConnected: Client connected for endPoint: 127.0.0.1:60931, starting MessageLoopAsync:
TpTrace Verbose: 0 : 292, 14, 2021/12/24, 18:15:31.168, 3715159570386, vstest.console.dll, TcpClientExtensions.MessageLoopAsync: Polling on remoteEndPoint: 127.0.0.1:60932 localEndPoint: 127.0.0.1:60931
TpTrace Verbose: 0 : 292, 14, 2021/12/24, 18:15:31.323, 3715161126102, vstest.console.dll, TcpClientExtensions.MessageLoopAsync: NotifyDataAvailable remoteEndPoint: 127.0.0.1:60932 localEndPoint: 127.0.0.1:60931
TpTrace Verbose: 0 : 292, 14, 2021/12/24, 18:15:31.324, 3715161128779, vstest.console.dll, TestRequestSender.CheckVersionWithTestHost: onMessageReceived received message: (ProtocolVersion) -> 2
TpTrace Verbose: 0 : 292, 14, 2021/12/24, 18:15:31.324, 3715161133690, vstest.console.dll, TcpClientExtensions.MessageLoopAsync: Polling on remoteEndPoint: 127.0.0.1:60932 localEndPoint: 127.0.0.1:60931
TpTrace Verbose: 0 : 292, 6, 2021/12/24, 18:15:31.324, 3715161134886, vstest.console.dll, TestPluginCache.GetExtensionPaths: Filtered extension paths: 
TpTrace Verbose: 0 : 292, 6, 2021/12/24, 18:15:31.324, 3715161135526, vstest.console.dll, TestPluginCache.GetExtensionPaths: Added default extension paths: C:\Program Files\dotnet\sdk\5.0.104\Extensions\Microsoft.Diagnostics.NETCore.Client.dll
C:\Program Files\dotnet\sdk\5.0.104\Extensions\Microsoft.TestPlatform.Extensions.BlameDataCollector.dll
C:\Program Files\dotnet\sdk\5.0.104\Extensions\Microsoft.TestPlatform.Extensions.EventLogCollector.dll
C:\Program Files\dotnet\sdk\5.0.104\Extensions\Microsoft.TestPlatform.TestHostRuntimeProvider.dll
C:\Program Files\dotnet\sdk\5.0.104\Extensions\Microsoft.VisualStudio.TestPlatform.Extensions.Html.TestLogger.dll
C:\Program Files\dotnet\sdk\5.0.104\Extensions\Microsoft.VisualStudio.TestPlatform.Extensions.Trx.TestLogger.dll
TpTrace Verbose: 0 : 292, 6, 2021/12/24, 18:15:31.324, 3715161135909, vstest.console.dll, TestPluginCache.GetExtensionPaths: Added unfilterableExtensionPaths: 
TpTrace Verbose: 0 : 292, 6, 2021/12/24, 18:15:31.328, 3715161171059, vstest.console.dll, TestRequestSender.InitializeExecution: Sending initializing execution with message: {"Version":2,"MessageType":"TestExecution.Initialize","Payload":["C:\\Users\\aayushgupta01\\source\\repos\\eBroker App\\eBroker_DataAccessLayer_UnitTest\\bin\\Debug\\netcoreapp3.1\\fine-code-coverage\\build-output\\xunit.runner.visualstudio.dotnetcore.testadapter.dll"]}
TpTrace Verbose: 0 : 292, 6, 2021/12/24, 18:15:31.336, 3715161251368, vstest.console.dll, TestRequestSender.StartTestRun: Sending test run with message: {"Version":2,"MessageType":"TestExecution.StartWithSources","Payload":{"AdapterSourceMap":{"_none_":["C:\\Users\\aayushgupta01\\source\\repos\\eBroker App\\eBroker_DataAccessLayer_UnitTest\\bin\\Debug\\netcoreapp3.1\\fine-code-coverage\\build-output\\eBroker_DataAccessLayer_UnitTest.dll"]},"RunSettings":"<RunSettings>\r\n  <RunConfiguration>\r\n    <ResultsDirectory>C:\\Users\\aayushgupta01\\source\\repos\\eBroker App\\eBroker_DataAccessLayer_UnitTest\\bin\\Debug\\netcoreapp3.1\\fine-code-coverage\\coverage-tool-output</ResultsDirectory>\r\n    <TargetPlatform>X64</TargetPlatform>\r\n    <TargetFrameworkVersion>.NETCoreApp,Version=v3.1</TargetFrameworkVersion>\r\n    <DesignMode>False</DesignMode>\r\n    <CollectSourceInformation>False</CollectSourceInformation>\r\n  </RunConfiguration>\r\n  <LoggerRunSettings>\r\n    <Loggers>\r\n      <Logger friendlyName=\"blame\" enabled=\"True\" />\r\n      <Logger friendlyName=\"Console\" uri=\"logger://microsoft/TestPlatform/ConsoleLogger/v1\" assemblyQualifiedName=\"Microsoft.VisualStudio.TestPlatform.CommandLine.Internal.ConsoleLogger, vstest.console, Version=15.0.0.0, Culture=neutral, PublicKeyToken=b03f5f7f11d50a3a\" codeBase=\"C:\\Program Files\\dotnet\\sdk\\5.0.104\\vstest.console.dll\" enabled=\"True\" />\r\n    </Loggers>\r\n  </LoggerRunSettings>\r\n  <DataCollectionRunSettings>\r\n    <DataCollectors>\r\n      <DataCollector friendlyName=\"blame\" enabled=\"True\">\r\n        <Configuration>\r\n          <ResultsDirectory>C:\\Users\\aayushgupta01\\source\\repos\\eBroker App\\eBroker_DataAccessLayer_UnitTest\\bin\\Debug\\netcoreapp3.1\\fine-code-coverage\\coverage-tool-output</ResultsDirectory>\r\n        </Configuration>\r\n      </DataCollector>\r\n    </DataCollectors>\r\n  </DataCollectionRunSettings>\r\n</RunSettings>","TestExecutionContext":{"FrequencyOfRunStatsChangeEvent":10,"RunStatsChangeEventTimeout":"00:00:01.5000000","InIsolation":false,"KeepAlive":false,"AreTestCaseLevelEventsRequired":false,"IsDebug":false,"TestCaseFilter":null,"FilterOptions":null},"Package":null}}
TpTrace Verbose: 0 : 292, 14, 2021/12/24, 18:15:31.336, 3715161255934, vstest.console.dll, TcpClientExtensions.MessageLoopAsync: NotifyDataAvailable remoteEndPoint: 127.0.0.1:60932 localEndPoint: 127.0.0.1:60931
TpTrace Verbose: 0 : 292, 14, 2021/12/24, 18:15:31.337, 3715161257183, vstest.console.dll, TestRequestSender.OnExecutionMessageReceived: Received message: {"Version":2,"MessageType":"TestSession.Message","Payload":{"MessageLevel":0,"Message":"Logging TestHost Diagnostics in file: C:\\Users\\aayushgupta01\\source\\repos\\eBroker App\\eBroker_DataAccessLayer_UnitTest\\bin\\Debug\\netcoreapp3.1\\fine-code-coverage\\coverage-tool-output\\diagnostics.host.21-12-24_18-15-30_95515_6.log"}}
TpTrace Verbose: 0 : 292, 14, 2021/12/24, 18:15:31.339, 3715161276908, vstest.console.dll, TestRunRequest:SendTestRunMessage: Starting.
TpTrace Information: 0 : 292, 14, 2021/12/24, 18:15:31.339, 3715161278182, vstest.console.dll, TestRunRequest:SendTestRunMessage: Completed.
TpTrace Verbose: 0 : 292, 14, 2021/12/24, 18:15:31.339, 3715161278608, vstest.console.dll, TcpClientExtensions.MessageLoopAsync: Polling on remoteEndPoint: 127.0.0.1:60932 localEndPoint: 127.0.0.1:60931
TpTrace Verbose: 0 : 292, 14, 2021/12/24, 18:15:31.504, 3715162935532, vstest.console.dll, TcpClientExtensions.MessageLoopAsync: NotifyDataAvailable remoteEndPoint: 127.0.0.1:60932 localEndPoint: 127.0.0.1:60931
TpTrace Verbose: 0 : 292, 14, 2021/12/24, 18:15:31.505, 3715162937806, vstest.console.dll, TestRequestSender.OnExecutionMessageReceived: Received message: {"Version":2,"MessageType":"TestSession.Message","Payload":{"MessageLevel":0,"Message":"[xUnit.net 00:00:00.00] xUnit.net VSTest Adapter v2.4.0 (64-bit .NET Core 3.1.21)"}}
TpTrace Verbose: 0 : 292, 14, 2021/12/24, 18:15:31.505, 3715162939886, vstest.console.dll, TestRunRequest:SendTestRunMessage: Starting.
TpTrace Information: 0 : 292, 14, 2021/12/24, 18:15:31.505, 3715162940485, vstest.console.dll, TestRunRequest:SendTestRunMessage: Completed.
TpTrace Verbose: 0 : 292, 14, 2021/12/24, 18:15:31.505, 3715162940838, vstest.console.dll, TcpClientExtensions.MessageLoopAsync: Polling on remoteEndPoint: 127.0.0.1:60932 localEndPoint: 127.0.0.1:60931
TpTrace Verbose: 0 : 292, 14, 2021/12/24, 18:15:31.980, 3715167695423, vstest.console.dll, TcpClientExtensions.MessageLoopAsync: NotifyDataAvailable remoteEndPoint: 127.0.0.1:60932 localEndPoint: 127.0.0.1:60931
TpTrace Verbose: 0 : 292, 14, 2021/12/24, 18:15:31.980, 3715167696613, vstest.console.dll, TestRequestSender.OnExecutionMessageReceived: Received message: {"Version":2,"MessageType":"TestSession.Message","Payload":{"MessageLevel":0,"Message":"[xUnit.net 00:00:00.48]   Discovering: eBroker_DataAccessLayer_UnitTest"}}
TpTrace Verbose: 0 : 292, 14, 2021/12/24, 18:15:31.981, 3715167698658, vstest.console.dll, TestRunRequest:SendTestRunMessage: Starting.
TpTrace Information: 0 : 292, 14, 2021/12/24, 18:15:31.981, 3715167699256, vstest.console.dll, TestRunRequest:SendTestRunMessage: Completed.
TpTrace Verbose: 0 : 292, 14, 2021/12/24, 18:15:31.981, 3715167699541, vstest.console.dll, TcpClientExtensions.MessageLoopAsync: Polling on remoteEndPoint: 127.0.0.1:60932 localEndPoint: 127.0.0.1:60931
TpTrace Verbose: 0 : 292, 14, 2021/12/24, 18:15:32.017, 3715168065349, vstest.console.dll, TcpClientExtensions.MessageLoopAsync: NotifyDataAvailable remoteEndPoint: 127.0.0.1:60932 localEndPoint: 127.0.0.1:60931
TpTrace Verbose: 0 : 292, 14, 2021/12/24, 18:15:32.018, 3715168067028, vstest.console.dll, TestRequestSender.OnExecutionMessageReceived: Received message: {"Version":2,"MessageType":"TestSession.Message","Payload":{"MessageLevel":0,"Message":"[xUnit.net 00:00:00.51]   Discovered:  eBroker_DataAccessLayer_UnitTest"}}
TpTrace Verbose: 0 : 292, 14, 2021/12/24, 18:15:32.018, 3715168069308, vstest.console.dll, TestRunRequest:SendTestRunMessage: Starting.
TpTrace Information: 0 : 292, 14, 2021/12/24, 18:15:32.018, 3715168070229, vstest.console.dll, TestRunRequest:SendTestRunMessage: Completed.
TpTrace Verbose: 0 : 292, 14, 2021/12/24, 18:15:32.018, 3715168070775, vstest.console.dll, TcpClientExtensions.MessageLoopAsync: Polling on remoteEndPoint: 127.0.0.1:60932 localEndPoint: 127.0.0.1:60931
TpTrace Verbose: 0 : 292, 14, 2021/12/24, 18:15:32.020, 3715168096207, vstest.console.dll, TcpClientExtensions.MessageLoopAsync: NotifyDataAvailable remoteEndPoint: 127.0.0.1:60932 localEndPoint: 127.0.0.1:60931
TpTrace Verbose: 0 : 292, 14, 2021/12/24, 18:15:32.021, 3715168097327, vstest.console.dll, TestRequestSender.OnExecutionMessageReceived: Received message: {"Version":2,"MessageType":"TestSession.Message","Payload":{"MessageLevel":0,"Message":"[xUnit.net 00:00:00.52]   Starting:    eBroker_DataAccessLayer_UnitTest"}}
TpTrace Verbose: 0 : 292, 14, 2021/12/24, 18:15:32.021, 3715168098798, vstest.console.dll, TestRunRequest:SendTestRunMessage: Starting.
TpTrace Information: 0 : 292, 14, 2021/12/24, 18:15:32.021, 3715168099391, vstest.console.dll, TestRunRequest:SendTestRunMessage: Completed.
TpTrace Verbose: 0 : 292, 14, 2021/12/24, 18:15:32.021, 3715168099699, vstest.console.dll, TcpClientExtensions.MessageLoopAsync: Polling on remoteEndPoint: 127.0.0.1:60932 localEndPoint: 127.0.0.1:60931
TpTrace Verbose: 0 : 292, 14, 2021/12/24, 18:15:32.936, 3715177254158, vstest.console.dll, TcpClientExtensions.MessageLoopAsync: NotifyDataAvailable remoteEndPoint: 127.0.0.1:60932 localEndPoint: 127.0.0.1:60931
TpTrace Verbose: 0 : 292, 14, 2021/12/24, 18:15:32.936, 3715177255698, vstest.console.dll, TestRequestSender.OnExecutionMessageReceived: Received message: {"Version":2,"MessageType":"TestExecution.StatsChange","Payload":{"NewTestResults":[{"TestCase":{"Id":"7ac0eae6-8759-5733-718a-b4103c708f95","FullyQualifiedName":"eBroker_DataAccessLayer_UnitTest.RepositoryUnitTest.Update_return_null_if_object_null","DisplayName":"eBroker_DataAccessLayer_UnitTest.RepositoryUnitTest.Update_return_null_if_object_null","ExecutorUri":"executor://xunit/VsTestRunner2/netcoreapp","Source":"C:\\Users\\aayushgupta01\\source\\repos\\eBroker App\\eBroker_DataAccessLayer_UnitTest\\bin\\Debug\\netcoreapp3.1\\fine-code-coverage\\build-output\\eBroker_DataAccessLayer_UnitTest.dll","CodeFilePath":null,"LineNumber":0,"Properties":[]},"Attachments":[],"Outcome":1,"ErrorMessage":null,"ErrorStackTrace":null,"DisplayName":"eBroker_DataAccessLayer_UnitTest.RepositoryUnitTest.Update_return_null_if_object_null","Messages":[],"ComputerName":"AAYUSHGUPTA01","Duration":"00:00:00.7168627","StartTime":"2021-12-24T12:45:32.8233273+00:00","EndTime":"2021-12-24T12:45:32.8233742+00:00","Properties":[]},{"TestCase":{"Id":"c52f04bb-531d-5d1f-0ce4-133d6fe84ef8","FullyQualifiedName":"eBroker_DataAccessLayer_UnitTest.RepositoryUnitTest.Get_Then_Return_equities","DisplayName":"eBroker_DataAccessLayer_UnitTest.RepositoryUnitTest.Get_Then_Return_equities","ExecutorUri":"executor://xunit/VsTestRunner2/netcoreapp","Source":"C:\\Users\\aayushgupta01\\source\\repos\\eBroker App\\eBroker_DataAccessLayer_UnitTest\\bin\\Debug\\netcoreapp3.1\\fine-code-coverage\\build-output\\eBroker_DataAccessLayer_UnitTest.dll","CodeFilePath":null,"LineNumber":0,"Properties":[]},"Attachments":[],"Outcome":1,"ErrorMessage":null,"ErrorStackTrace":null,"DisplayName":"eBroker_DataAccessLayer_UnitTest.RepositoryUnitTest.Get_Then_Return_equities","Messages":[],"ComputerName":"AAYUSHGUPTA01","Duration":"00:00:00.0431425","StartTime":"2021-12-24T12:45:32.8660155+00:00","EndTime":"2021-12-24T12:45:32.8660182+00:00","Properties":[]},{"TestCase":{"Id":"3f496b33-94b8-5ff0-a143-ff1301d73af0","FullyQualifiedName":"eBroker_DataAccessLayer_UnitTest.RepositoryUnitTest.Add_Then_Return_Added_Trader","DisplayName":"eBroker_DataAccessLayer_UnitTest.RepositoryUnitTest.Add_Then_Return_Added_Trader","ExecutorUri":"executor://xunit/VsTestRunner2/netcoreapp","Source":"C:\\Users\\aayushgupta01\\source\\repos\\eBroker App\\eBroker_DataAccessLayer_UnitTest\\bin\\Debug\\netcoreapp3.1\\fine-code-coverage\\build-output\\eBroker_DataAccessLayer_UnitTest.dll","CodeFilePath":null,"LineNumber":0,"Properties":[]},"Attachments":[],"Outcome":1,"ErrorMessage":null,"ErrorStackTrace":null,"DisplayName":"eBroker_DataAccessLayer_UnitTest.RepositoryUnitTest.Add_Then_Return_Added_Trader","Messages":[],"ComputerName":"AAYUSHGUPTA01","Duration":"00:00:00.0084003","StartTime":"2021-12-24T12:45:32.8744644+00:00","EndTime":"2021-12-24T12:45:32.8744662+00:00","Properties":[]},{"TestCase":{"Id":"e26c6f36-dff0-c570-765d-d837fe7458f2","FullyQualifiedName":"eBroker_DataAccessLayer_UnitTest.RepositoryUnitTest.GetAll_Then_Return_All_equities","DisplayName":"eBroker_DataAccessLayer_UnitTest.RepositoryUnitTest.GetAll_Then_Return_All_equities","ExecutorUri":"executor://xunit/VsTestRunner2/netcoreapp","Source":"C:\\Users\\aayushgupta01\\source\\repos\\eBroker App\\eBroker_DataAccessLayer_UnitTest\\bin\\Debug\\netcoreapp3.1\\fine-code-coverage\\build-output\\eBroker_DataAccessLayer_UnitTest.dll","CodeFilePath":null,"LineNumber":0,"Properties":[]},"Attachments":[],"Outcome":1,"ErrorMessage":null,"ErrorStackTrace":null,"DisplayName":"eBroker_DataAccessLayer_UnitTest.RepositoryUnitTest.GetAll_Then_Return_All_equities","Messages":[],"ComputerName":"AAYUSHGUPTA01","Duration":"00:00:00.0009546","StartTime":"2021-12-24T12:45:32.8771579+00:00","EndTime":"2021-12-24T12:45:32.8771605+00:00","Properties":[]}],"TestRunStatistics":{"ExecutedTests":4,"Stats":{"Passed":4}},"ActiveTests":[{"Id":"b2b89423-b619-fac4-e843-7c2d3f90c84e","FullyQualifiedName":"eBroker_DataAccessLayer_UnitTest.RepositoryUnitTest.Update","DisplayName":"eBroker_DataAccessLayer_UnitTest.RepositoryUnitTest.Update","ExecutorUri":"executor://xunit/VsTestRunner2/netcoreapp","Source":"C:\\Users\\aayushgupta01\\source\\repos\\eBroker App\\eBroker_DataAccessLayer_UnitTest\\bin\\Debug\\netcoreapp3.1\\fine-code-coverage\\build-output\\eBroker_DataAccessLayer_UnitTest.dll","CodeFilePath":null,"LineNumber":0,"Properties":[]}]}}
TpTrace Verbose: 0 : 292, 14, 2021/12/24, 18:15:32.959, 3715177481114, vstest.console.dll, TestRunRequest:SendTestRunStatsChange: Starting.
TpTrace Verbose: 0 : 292, 14, 2021/12/24, 18:15:32.959, 3715177482261, vstest.console.dll, InProgress is eBroker_DataAccessLayer_UnitTest.RepositoryUnitTest.Update
TpTrace Information: 0 : 292, 14, 2021/12/24, 18:15:32.959, 3715177483752, vstest.console.dll, TestRunRequest:SendTestRunStatsChange: Completed.
TpTrace Verbose: 0 : 292, 14, 2021/12/24, 18:15:32.959, 3715177484100, vstest.console.dll, TcpClientExtensions.MessageLoopAsync: Polling on remoteEndPoint: 127.0.0.1:60932 localEndPoint: 127.0.0.1:60931
TpTrace Verbose: 0 : 292, 14, 2021/12/24, 18:15:32.959, 3715177484465, vstest.console.dll, TcpClientExtensions.MessageLoopAsync: NotifyDataAvailable remoteEndPoint: 127.0.0.1:60932 localEndPoint: 127.0.0.1:60931
TpTrace Verbose: 0 : 292, 14, 2021/12/24, 18:15:32.959, 3715177484900, vstest.console.dll, TestRequestSender.OnExecutionMessageReceived: Received message: {"Version":2,"MessageType":"TestSession.Message","Payload":{"MessageLevel":0,"Message":"[xUnit.net 00:00:01.43]   Finished:    eBroker_DataAccessLayer_UnitTest"}}
TpTrace Verbose: 0 : 292, 14, 2021/12/24, 18:15:32.959, 3715177485866, vstest.console.dll, TestRunRequest:SendTestRunMessage: Starting.
TpTrace Information: 0 : 292, 14, 2021/12/24, 18:15:32.959, 3715177486204, vstest.console.dll, TestRunRequest:SendTestRunMessage: Completed.
TpTrace Verbose: 0 : 292, 14, 2021/12/24, 18:15:32.959, 3715177486429, vstest.console.dll, TcpClientExtensions.MessageLoopAsync: Polling on remoteEndPoint: 127.0.0.1:60932 localEndPoint: 127.0.0.1:60931
TpTrace Verbose: 0 : 292, 14, 2021/12/24, 18:15:32.963, 3715177526309, vstest.console.dll, TcpClientExtensions.MessageLoopAsync: NotifyDataAvailable remoteEndPoint: 127.0.0.1:60932 localEndPoint: 127.0.0.1:60931
TpTrace Verbose: 0 : 292, 14, 2021/12/24, 18:15:32.964, 3715177527616, vstest.console.dll, TestRequestSender.OnExecutionMessageReceived: Received message: {"Version":2,"MessageType":"TestExecution.Completed","Payload":{"TestRunCompleteArgs":{"TestRunStatistics":{"ExecutedTests":5,"Stats":{"Passed":5}},"IsCanceled":false,"IsAborted":false,"Error":null,"AttachmentSets":[],"ElapsedTimeInRunningTests":"00:00:01.4493446","Metrics":{}},"LastRunTests":{"NewTestResults":[{"TestCase":{"Id":"b2b89423-b619-fac4-e843-7c2d3f90c84e","FullyQualifiedName":"eBroker_DataAccessLayer_UnitTest.RepositoryUnitTest.Update","DisplayName":"eBroker_DataAccessLayer_UnitTest.RepositoryUnitTest.Update","ExecutorUri":"executor://xunit/VsTestRunner2/netcoreapp","Source":"C:\\Users\\aayushgupta01\\source\\repos\\eBroker App\\eBroker_DataAccessLayer_UnitTest\\bin\\Debug\\netcoreapp3.1\\fine-code-coverage\\build-output\\eBroker_DataAccessLayer_UnitTest.dll","CodeFilePath":null,"LineNumber":0,"Properties":[]},"Attachments":[],"Outcome":1,"ErrorMessage":null,"ErrorStackTrace":null,"DisplayName":"eBroker_DataAccessLayer_UnitTest.RepositoryUnitTest.Update","Messages":[],"ComputerName":"AAYUSHGUPTA01","Duration":"00:00:00.0424001","StartTime":"2021-12-24T12:45:32.9179552+00:00","EndTime":"2021-12-24T12:45:32.9179579+00:00","Properties":[]}],"TestRunStatistics":{"ExecutedTests":5,"Stats":{"Passed":5}},"ActiveTests":[]},"RunAttachments":[],"ExecutorUris":["executor://xunit/VsTestRunner2/netcoreapp"]}}
TpTrace Verbose: 0 : 292, 14, 2021/12/24, 18:15:32.964, 3715177529272, vstest.console.dll, TestRequestSender.EndSession: Sending end session.
TpTrace Verbose: 0 : 292, 14, 2021/12/24, 18:15:32.964, 3715177530385, vstest.console.dll, ProxyOperationManager.Close: waiting for test host to exit for 100 ms
TpTrace Warning: 0 : 292, 12, 2021/12/24, 18:15:33.013, 3715178019591, vstest.console.dll, TestHostManagerCallbacks.ErrorReceivedCallback Test host standard error line: 
TpTrace Verbose: 0 : 292, 7, 2021/12/24, 18:15:33.022, 3715178110650, vstest.console.dll, TestHostProvider.ExitCallBack: Host exited starting callback.
TpTrace Information: 0 : 292, 7, 2021/12/24, 18:15:33.022, 3715178115703, vstest.console.dll, TestHostManagerCallbacks.ExitCallBack: Testhost processId: 26936 exited with exitcode: 0 error: ''
TpTrace Verbose: 0 : 292, 7, 2021/12/24, 18:15:33.022, 3715178116408, vstest.console.dll, DotnetTestHostManager.OnHostExited: invoking OnHostExited callback
TpTrace Verbose: 0 : 292, 7, 2021/12/24, 18:15:33.023, 3715178116995, vstest.console.dll, CrossPlatEngine.TestHostManagerHostExited: calling on client process exit callback.
TpTrace Information: 0 : 292, 7, 2021/12/24, 18:15:33.023, 3715178117676, vstest.console.dll, TestRequestSender.OnClientProcessExit: Test host process exited. Standard error: 
TpTrace Information: 0 : 292, 7, 2021/12/24, 18:15:33.023, 3715178118133, vstest.console.dll, SocketServer.Stop: Stop server endPoint: 127.0.0.1:60931
TpTrace Warning: 0 : 292, 14, 2021/12/24, 18:15:33.023, 3715178117791, vstest.console.dll, ProxyOperationManager: Timed out waiting for test host to exit. Will terminate process.
TpTrace Information: 0 : 292, 7, 2021/12/24, 18:15:33.023, 3715178118338, vstest.console.dll, SocketServer.Stop: Cancellation requested. Stopping message loop.
TpTrace Verbose: 0 : 292, 14, 2021/12/24, 18:15:33.023, 3715178123610, vstest.console.dll, ProxyDataCollectionManager.InvokeDataCollectionServiceAction: Starting.
TpTrace Information: 0 : 292, 14, 2021/12/24, 18:15:33.023, 3715178124070, vstest.console.dll, ProxyDataCollectionManager.AfterTestRunEnd: Get attachment set for datacollector processId: 17252 port: 60928
TpTrace Verbose: 0 : 292, 14, 2021/12/24, 18:15:33.023, 3715178124526, vstest.console.dll, DataCollectionRequestSender.SendAfterTestRunStartAndGetResult : Send AfterTestRunEnd message with isCancelled: False
TpTrace Verbose: 0 : 292, 14, 2021/12/24, 18:15:33.025, 3715178139048, vstest.console.dll, DataCollectionRequestSender.SendAfterTestRunStartAndGetResult : Received message: (DataCollection.AfterTestRunEndResult) -> []
TpTrace Information: 0 : 292, 14, 2021/12/24, 18:15:33.028, 3715178172682, vstest.console.dll, ProxyDataCollectionManager.InvokeDataCollectionServiceAction: Completed.
TpTrace Warning: 0 : 292, 9, 2021/12/24, 18:15:33.032, 3715178209318, vstest.console.dll, DataCollectionLauncher.ErrorReceivedCallback datacollector standard error line: 
TpTrace Information: 0 : 292, 7, 2021/12/24, 18:15:33.037, 3715178260215, vstest.console.dll, DataCollectionLauncher.ExitCallBack: Data collector exited with exitcode: 0 error: ''
TpTrace Verbose: 0 : 292, 14, 2021/12/24, 18:15:33.046, 3715178356696, vstest.console.dll, TestRunRequest:SendTestRunStatsChange: Starting.
TpTrace Information: 0 : 292, 14, 2021/12/24, 18:15:33.047, 3715178357616, vstest.console.dll, TestRunRequest:SendTestRunStatsChange: Completed.
TpTrace Verbose: 0 : 292, 14, 2021/12/24, 18:15:33.047, 3715178358962, vstest.console.dll, ParallelProxyExecutionManager: HandlePartialRunComplete: Total completed clients = 1, Run complete = True, Run canceled: False.
TpTrace Verbose: 0 : 292, 14, 2021/12/24, 18:15:33.063, 3715178520766, vstest.console.dll, TestRunRequest:TestRunComplete: Starting. IsAborted:False IsCanceled:False.
TpTrace Verbose: 0 : 292, 14, 2021/12/24, 18:15:33.063, 3715178522260, vstest.console.dll, TestLoggerManager.HandleTestRunComplete: Ignoring as the object is disposed.
TpTrace Information: 0 : 292, 14, 2021/12/24, 18:15:33.063, 3715178524461, vstest.console.dll, TestRunRequest:TestRunComplete: Completed.
TpTrace Verbose: 0 : 292, 14, 2021/12/24, 18:15:33.063, 3715178524859, vstest.console.dll, TestRequestSender.SetOperationComplete: Setting operation complete.
TpTrace Information: 0 : 292, 14, 2021/12/24, 18:15:33.063, 3715178525299, vstest.console.dll, SocketServer.Stop: Stop server endPoint: 127.0.0.1:60931
TpTrace Information: 0 : 292, 14, 2021/12/24, 18:15:33.063, 3715178525651, vstest.console.dll, SocketServer.Stop: Cancellation requested. Stopping message loop.
TpTrace Information: 0 : 292, 14, 2021/12/24, 18:15:33.063, 3715178526127, vstest.console.dll, SocketServer.PrivateStop: Stop server endPoint: 127.0.0.1:60931 error: 
TpTrace Verbose: 0 : 292, 1, 2021/12/24, 18:15:33.063, 3715178525722, vstest.console.dll, TestRunRequest.Dispose: Starting.
TpTrace Information: 0 : 292, 1, 2021/12/24, 18:15:33.064, 3715178526877, vstest.console.dll, TestRunRequest.Dispose: Completed.
TpTrace Information: 0 : 292, 1, 2021/12/24, 18:15:33.064, 3715178527245, vstest.console.dll, TestRequestManager.RunTests: run tests completed.
TpTrace Information: 0 : 292, 1, 2021/12/24, 18:15:33.064, 3715178527840, vstest.console.dll, RunTestsArgumentProcessor:Execute: Test run is completed.
TpTrace Verbose: 0 : 292, 1, 2021/12/24, 18:15:33.064, 3715178528123, vstest.console.dll, Executor.Execute: Exiting with exit code of 0
TpTrace Verbose: 0 : 292, 14, 2021/12/24, 18:15:33.064, 3715178531122, vstest.console.dll, LengthPrefixCommunicationChannel.Dispose: Dispose reader and writer.
TpTrace Information: 0 : 292, 14, 2021/12/24, 18:15:33.064, 3715178531795, vstest.console.dll, SocketServer.Stop: Raise disconnected event endPoint: 127.0.0.1:60931 error: 
TpTrace Verbose: 0 : 292, 14, 2021/12/24, 18:15:33.069, 3715178579830, vstest.console.dll, TestRequestSender: OnTestRunAbort: Operation is already complete. Skip error message.
TpTrace Verbose: 0 : 292, 14, 2021/12/24, 18:15:33.069, 3715178580337, vstest.console.dll, TcpClientExtensions.MessageLoopAsync: exiting MessageLoopAsync remoteEndPoint: 127.0.0.1:60932 localEndPoint: 127.0.0.1:60931
