<?xml version="1.0" encoding="utf-8"?>
<coverage line-rate="0.8617" branch-rate="0.8095" version="1.9" timestamp="1640349929" lines-covered="212" lines-valid="246" branches-covered="34" branches-valid="42">
  <sources>
    <source>C:\Users\aayushgupta01\</source>
  </sources>
  <packages>
    <package name="eBroker App BussinessLayer" line-rate="1" branch-rate="0.8946999999999999" complexity="49">
      <classes>
        <class name="eBroker_App_BussinessLayer.eBrokerService" filename="source\repos\eBroker App\eBroker App BussinessLayer\eBrokerService.cs" line-rate="1" branch-rate="0.875" complexity="33">
          <methods>
            <method name="BuyEquities" signature="(eBroker_App_BussinessLayer.DTO.BuyEquities)" line-rate="1" branch-rate="0.9166" complexity="12">
              <lines>
                <line number="26" hits="6" branch="False" />
                <line number="28" hits="6" branch="True" condition-coverage="100% (2/2)">
                  <conditions>
                    <condition number="37" type="jump" coverage="100%" />
                  </conditions>
                </line>
                <line number="29" hits="1" branch="False" />
                <line number="31" hits="5" branch="False" />
                <line number="32" hits="5" branch="False" />
                <line number="34" hits="5" branch="True" condition-coverage="100% (4/4)">
                  <conditions>
                    <condition number="94" type="jump" coverage="100%" />
                    <condition number="107" type="jump" coverage="100%" />
                  </conditions>
                </line>
                <line number="35" hits="2" branch="False" />
                <line number="37" hits="3" branch="True" condition-coverage="100% (2/2)">
                  <conditions>
                    <condition number="147" type="jump" coverage="100%" />
                  </conditions>
                </line>
                <line number="38" hits="1" branch="False" />
                <line number="40" hits="2" branch="False" />
                <line number="41" hits="4" branch="True" condition-coverage="50% (1/2)">
                  <conditions>
                    <condition number="17" type="jump" coverage="50%" />
                  </conditions>
                </line>
                <line number="42" hits="2" branch="True" condition-coverage="100% (2/2)">
                  <conditions>
                    <condition number="208" type="jump" coverage="100%" />
                  </conditions>
                </line>
                <line number="43" hits="1" branch="False" />
                <line number="44" hits="2" branch="False" />
                <line number="45" hits="1" branch="False" />
                <line number="46" hits="1" branch="False" />
                <line number="47" hits="1" branch="False" />
                <line number="49" hits="1" branch="False" />
                <line number="50" hits="1" branch="False" />
                <line number="51" hits="1" branch="False" />
                <line number="52" hits="1" branch="False" />
                <line number="54" hits="2" branch="False" />
                <line number="55" hits="2" branch="False" />
                <line number="56" hits="2" branch="False" />
                <line number="58" hits="2" branch="False" />
                <line number="60" hits="6" branch="False" />
              </lines>
            </method>
            <method name="SellEquities" signature="(eBroker_App_BussinessLayer.DTO.SellEquities)" line-rate="1" branch-rate="0.8125" complexity="16">
              <lines>
                <line number="63" hits="7" branch="False" />
                <line number="65" hits="9" branch="True" condition-coverage="100% (2/2)">
                  <conditions>
                    <condition number="37" type="jump" coverage="100%" />
                  </conditions>
                </line>
                <line number="67" hits="5" branch="False" />
                <line number="68" hits="5" branch="False" />
                <line number="70" hits="6" branch="True" condition-coverage="75% (3/4)">
                  <conditions>
                    <condition number="94" type="jump" coverage="50%" />
                    <condition number="107" type="jump" coverage="100%" />
                  </conditions>
                </line>
                <line number="72" hits="4" branch="False" />
                <line number="73" hits="8" branch="True" condition-coverage="50% (1/2)">
                  <conditions>
                    <condition number="17" type="jump" coverage="50%" />
                  </conditions>
                </line>
                <line number="75" hits="6" branch="True" condition-coverage="100% (4/4)">
                  <conditions>
                    <condition number="161" type="jump" coverage="100%" />
                    <condition number="190" type="jump" coverage="100%" />
                  </conditions>
                </line>
                <line number="77" hits="2" branch="False" />
                <line number="78" hits="2" branch="True" condition-coverage="50% (1/2)">
                  <conditions>
                    <condition number="241" type="jump" coverage="50%" />
                  </conditions>
                </line>
                <line number="79" hits="2" branch="False" />
                <line number="80" hits="2" branch="False" />
                <line number="82" hits="2" branch="True" condition-coverage="100% (2/2)">
                  <conditions>
                    <condition number="312" type="jump" coverage="100%" />
                  </conditions>
                </line>
                <line number="83" hits="1" branch="False" />
                <line number="85" hits="1" branch="False" />
                <line number="86" hits="1" branch="False" />
                <line number="89" hits="1" branch="False" />
                <line number="90" hits="1" branch="False" />
                <line number="91" hits="7" branch="False" />
              </lines>
            </method>
            <method name="AddFund" signature="(eBroker_App_BussinessLayer.DTO.AddFund)" line-rate="1" branch-rate="1" complexity="4">
              <lines>
                <line number="94" hits="3" branch="False" />
                <line number="95" hits="3" branch="False" />
                <line number="97" hits="4" branch="True" condition-coverage="100% (2/2)">
                  <conditions>
                    <condition number="25" type="jump" coverage="100%" />
                  </conditions>
                </line>
                <line number="99" hits="3" branch="True" condition-coverage="100% (2/2)">
                  <conditions>
                    <condition number="50" type="jump" coverage="100%" />
                  </conditions>
                </line>
                <line number="101" hits="2" branch="False" />
                <line number="102" hits="2" branch="False" />
                <line number="103" hits="2" branch="False" />
                <line number="104" hits="3" branch="False" />
              </lines>
            </method>
            <method name=".ctor" signature="(eBroker_App_DataAccessLayer.Repository.IRepository`1&lt;eBroker_App_DataAccessLayer.Models.Trader&gt;,eBroker_App_DataAccessLayer.Repository.IRepository`1&lt;eBroker_App_DataAccessLayer.Models.Equity&gt;,eBroker_App_DataAccessLayer.Repository.IRepository`1&lt;eBroker_App_DataAccessLayer.Models.TradersEquities&gt;)" line-rate="1" branch-rate="1" complexity="1">
              <lines>
                <line number="19" hits="16" branch="False" />
                <line number="20" hits="16" branch="False" />
                <line number="21" hits="16" branch="False" />
                <line number="22" hits="16" branch="False" />
                <line number="23" hits="16" branch="False" />
                <line number="24" hits="16" branch="False" />
              </lines>
            </method>
          </methods>
          <lines>
            <line number="26" hits="6" branch="False" />
            <line number="28" hits="6" branch="True" condition-coverage="100% (2/2)">
              <conditions>
                <condition number="37" type="jump" coverage="100%" />
              </conditions>
            </line>
            <line number="29" hits="1" branch="False" />
            <line number="31" hits="5" branch="False" />
            <line number="32" hits="5" branch="False" />
            <line number="34" hits="5" branch="True" condition-coverage="100% (4/4)">
              <conditions>
                <condition number="94" type="jump" coverage="100%" />
                <condition number="107" type="jump" coverage="100%" />
              </conditions>
            </line>
            <line number="35" hits="2" branch="False" />
            <line number="37" hits="3" branch="True" condition-coverage="100% (2/2)">
              <conditions>
                <condition number="147" type="jump" coverage="100%" />
              </conditions>
            </line>
            <line number="38" hits="1" branch="False" />
            <line number="40" hits="2" branch="False" />
            <line number="41" hits="4" branch="True" condition-coverage="50% (1/2)">
              <conditions>
                <condition number="17" type="jump" coverage="50%" />
              </conditions>
            </line>
            <line number="42" hits="2" branch="True" condition-coverage="100% (2/2)">
              <conditions>
                <condition number="208" type="jump" coverage="100%" />
              </conditions>
            </line>
            <line number="43" hits="1" branch="False" />
            <line number="44" hits="2" branch="False" />
            <line number="45" hits="1" branch="False" />
            <line number="46" hits="1" branch="False" />
            <line number="47" hits="1" branch="False" />
            <line number="49" hits="1" branch="False" />
            <line number="50" hits="1" branch="False" />
            <line number="51" hits="1" branch="False" />
            <line number="52" hits="1" branch="False" />
            <line number="54" hits="2" branch="False" />
            <line number="55" hits="2" branch="False" />
            <line number="56" hits="2" branch="False" />
            <line number="58" hits="2" branch="False" />
            <line number="60" hits="6" branch="False" />
            <line number="63" hits="7" branch="False" />
            <line number="65" hits="9" branch="True" condition-coverage="100% (2/2)">
              <conditions>
                <condition number="37" type="jump" coverage="100%" />
              </conditions>
            </line>
            <line number="67" hits="5" branch="False" />
            <line number="68" hits="5" branch="False" />
            <line number="70" hits="6" branch="True" condition-coverage="75% (3/4)">
              <conditions>
                <condition number="94" type="jump" coverage="50%" />
                <condition number="107" type="jump" coverage="100%" />
              </conditions>
            </line>
            <line number="72" hits="4" branch="False" />
            <line number="73" hits="8" branch="True" condition-coverage="50% (1/2)">
              <conditions>
                <condition number="17" type="jump" coverage="50%" />
              </conditions>
            </line>
            <line number="75" hits="6" branch="True" condition-coverage="100% (4/4)">
              <conditions>
                <condition number="161" type="jump" coverage="100%" />
                <condition number="190" type="jump" coverage="100%" />
              </conditions>
            </line>
            <line number="77" hits="2" branch="False" />
            <line number="78" hits="2" branch="True" condition-coverage="50% (1/2)">
              <conditions>
                <condition number="241" type="jump" coverage="50%" />
              </conditions>
            </line>
            <line number="79" hits="2" branch="False" />
            <line number="80" hits="2" branch="False" />
            <line number="82" hits="2" branch="True" condition-coverage="100% (2/2)">
              <conditions>
                <condition number="312" type="jump" coverage="100%" />
              </conditions>
            </line>
            <line number="83" hits="1" branch="False" />
            <line number="85" hits="1" branch="False" />
            <line number="86" hits="1" branch="False" />
            <line number="89" hits="1" branch="False" />
            <line number="90" hits="1" branch="False" />
            <line number="91" hits="7" branch="False" />
            <line number="94" hits="3" branch="False" />
            <line number="95" hits="3" branch="False" />
            <line number="97" hits="4" branch="True" condition-coverage="100% (2/2)">
              <conditions>
                <condition number="25" type="jump" coverage="100%" />
              </conditions>
            </line>
            <line number="99" hits="3" branch="True" condition-coverage="100% (2/2)">
              <conditions>
                <condition number="50" type="jump" coverage="100%" />
              </conditions>
            </line>
            <line number="101" hits="2" branch="False" />
            <line number="102" hits="2" branch="False" />
            <line number="103" hits="2" branch="False" />
            <line number="104" hits="3" branch="False" />
            <line number="19" hits="16" branch="False" />
            <line number="20" hits="16" branch="False" />
            <line number="21" hits="16" branch="False" />
            <line number="22" hits="16" branch="False" />
            <line number="23" hits="16" branch="False" />
            <line number="24" hits="16" branch="False" />
          </lines>
        </class>
        <class name="eBroker_App_BussinessLayer.Helper" filename="source\repos\eBroker App\eBroker App BussinessLayer\Helper.cs" line-rate="1" branch-rate="1" complexity="6">
          <methods>
            <method name="checkDateAndTiime" signature="(System.DateTime)" line-rate="1" branch-rate="1" complexity="6">
              <lines>
                <line number="8" hits="18" branch="False" />
                <line number="9" hits="18" branch="True" condition-coverage="100% (6/6)">
                  <conditions>
                    <condition number="10" type="jump" coverage="100%" />
                    <condition number="21" type="jump" coverage="100%" />
                    <condition number="30" type="jump" coverage="100%" />
                  </conditions>
                </line>
                <line number="10" hits="18" branch="False" />
              </lines>
            </method>
          </methods>
          <lines>
            <line number="8" hits="18" branch="False" />
            <line number="9" hits="18" branch="True" condition-coverage="100% (6/6)">
              <conditions>
                <condition number="10" type="jump" coverage="100%" />
                <condition number="21" type="jump" coverage="100%" />
                <condition number="30" type="jump" coverage="100%" />
              </conditions>
            </line>
            <line number="10" hits="18" branch="False" />
          </lines>
        </class>
        <class name="eBroker_App_BussinessLayer.DTO.AddFund" filename="source\repos\eBroker App\eBroker App BussinessLayer\DTO\AddFund.cs" line-rate="1" branch-rate="1" complexity="2">
          <methods>
            <method name="get_TraderID" signature="()" line-rate="1" branch-rate="1" complexity="1">
              <lines>
                <line number="9" hits="6" branch="False" />
              </lines>
            </method>
            <method name="get_FundAmount" signature="()" line-rate="1" branch-rate="1" complexity="1">
              <lines>
                <line number="11" hits="10" branch="False" />
              </lines>
            </method>
          </methods>
          <lines>
            <line number="9" hits="6" branch="False" />
            <line number="11" hits="10" branch="False" />
          </lines>
        </class>
        <class name="eBroker_App_BussinessLayer.DTO.BuyEquities" filename="source\repos\eBroker App\eBroker App BussinessLayer\DTO\BuyEquities.cs" line-rate="1" branch-rate="1" complexity="4">
          <methods>
            <method name="get_TraderID" signature="()" line-rate="1" branch-rate="1" complexity="1">
              <lines>
                <line number="9" hits="14" branch="False" />
              </lines>
            </method>
            <method name="get_EquityID" signature="()" line-rate="1" branch-rate="1" complexity="1">
              <lines>
                <line number="11" hits="14" branch="False" />
              </lines>
            </method>
            <method name="get_NumberofEquity" signature="()" line-rate="1" branch-rate="1" complexity="1">
              <lines>
                <line number="13" hits="13" branch="False" />
              </lines>
            </method>
            <method name="get_RequestedDateTime" signature="()" line-rate="1" branch-rate="1" complexity="1">
              <lines>
                <line number="15" hits="12" branch="False" />
              </lines>
            </method>
          </methods>
          <lines>
            <line number="9" hits="14" branch="False" />
            <line number="11" hits="14" branch="False" />
            <line number="13" hits="13" branch="False" />
            <line number="15" hits="12" branch="False" />
          </lines>
        </class>
        <class name="eBroker_App_BussinessLayer.DTO.SellEquities" filename="source\repos\eBroker App\eBroker App BussinessLayer\DTO\SellEquities.cs" line-rate="1" branch-rate="1" complexity="4">
          <methods>
            <method name="get_TraderID" signature="()" line-rate="1" branch-rate="1" complexity="1">
              <lines>
                <line number="9" hits="16" branch="False" />
              </lines>
            </method>
            <method name="get_EquityID" signature="()" line-rate="1" branch-rate="1" complexity="1">
              <lines>
                <line number="11" hits="16" branch="False" />
              </lines>
            </method>
            <method name="get_NumberofEquity" signature="()" line-rate="1" branch-rate="1" complexity="1">
              <lines>
                <line number="13" hits="13" branch="False" />
              </lines>
            </method>
            <method name="get_RequestedDateTime" signature="()" line-rate="1" branch-rate="1" complexity="1">
              <lines>
                <line number="15" hits="14" branch="False" />
              </lines>
            </method>
          </methods>
          <lines>
            <line number="9" hits="16" branch="False" />
            <line number="11" hits="16" branch="False" />
            <line number="13" hits="13" branch="False" />
            <line number="15" hits="14" branch="False" />
          </lines>
        </class>
      </classes>
    </package>
    <package name="eBroker App DataAccessLayer" line-rate="0.2325" branch-rate="0" complexity="24">
      <classes>
        <class name="eBroker_App_DataAccessLayer.TraderEquityDBContext" filename="source\repos\eBroker App\eBroker App DataAccessLayer\TraderEquityDBContext.cs" line-rate="0" branch-rate="1" complexity="4">
          <methods>
            <method name="get_Trader" signature="()" line-rate="0" branch-rate="1" complexity="1">
              <lines>
                <line number="13" hits="0" branch="False" />
              </lines>
            </method>
            <method name="get_Equity" signature="()" line-rate="0" branch-rate="1" complexity="1">
              <lines>
                <line number="15" hits="0" branch="False" />
              </lines>
            </method>
            <method name="get_TradersEquities" signature="()" line-rate="0" branch-rate="1" complexity="1">
              <lines>
                <line number="17" hits="0" branch="False" />
              </lines>
            </method>
            <method name=".ctor" signature="(Microsoft.EntityFrameworkCore.DbContextOptions`1&lt;eBroker_App_DataAccessLayer.TraderEquityDBContext&gt;)" line-rate="0" branch-rate="1" complexity="1">
              <lines>
                <line number="11" hits="0" branch="False" />
              </lines>
            </method>
          </methods>
          <lines>
            <line number="13" hits="0" branch="False" />
            <line number="15" hits="0" branch="False" />
            <line number="17" hits="0" branch="False" />
            <line number="11" hits="0" branch="False" />
          </lines>
        </class>
        <class name="eBroker_App_DataAccessLayer.Repository.RepositoryImplementation`1" filename="source\repos\eBroker App\eBroker App DataAccessLayer\Repository\RepositoryImplementation.cs" line-rate="0" branch-rate="0" complexity="8">
          <methods>
            <method name="Add" signature="(T)" line-rate="0" branch-rate="1" complexity="1">
              <lines>
                <line number="18" hits="0" branch="False" />
                <line number="19" hits="0" branch="False" />
                <line number="20" hits="0" branch="False" />
                <line number="21" hits="0" branch="False" />
                <line number="22" hits="0" branch="False" />
              </lines>
            </method>
            <method name="Get" signature="(System.Int32)" line-rate="0" branch-rate="1" complexity="1">
              <lines>
                <line number="25" hits="0" branch="False" />
                <line number="26" hits="0" branch="False" />
                <line number="27" hits="0" branch="False" />
              </lines>
            </method>
            <method name="GetAll" signature="()" line-rate="0" branch-rate="1" complexity="1">
              <lines>
                <line number="30" hits="0" branch="False" />
                <line number="31" hits="0" branch="False" />
                <line number="32" hits="0" branch="False" />
              </lines>
            </method>
            <method name="Update" signature="(T,System.Object[])" line-rate="0" branch-rate="0" complexity="4">
              <lines>
                <line number="35" hits="0" branch="False" />
                <line number="36" hits="0" branch="True" condition-coverage="0% (0/2)">
                  <conditions>
                    <condition number="12" type="jump" coverage="0%" />
                  </conditions>
                </line>
                <line number="37" hits="0" branch="False" />
                <line number="38" hits="0" branch="False" />
                <line number="41" hits="0" branch="False" />
                <line number="42" hits="0" branch="True" condition-coverage="0% (0/2)">
                  <conditions>
                    <condition number="58" type="jump" coverage="0%" />
                  </conditions>
                </line>
                <line number="43" hits="0" branch="False" />
                <line number="44" hits="0" branch="False" />
                <line number="45" hits="0" branch="False" />
                <line number="46" hits="0" branch="False" />
                <line number="47" hits="0" branch="False" />
                <line number="48" hits="0" branch="False" />
              </lines>
            </method>
            <method name=".ctor" signature="(eBroker_App_DataAccessLayer.TraderEquityDBContext)" line-rate="0" branch-rate="1" complexity="1">
              <lines>
                <line number="12" hits="0" branch="False" />
                <line number="13" hits="0" branch="False" />
                <line number="14" hits="0" branch="False" />
                <line number="15" hits="0" branch="False" />
              </lines>
            </method>
          </methods>
          <lines>
            <line number="18" hits="0" branch="False" />
            <line number="19" hits="0" branch="False" />
            <line number="20" hits="0" branch="False" />
            <line number="21" hits="0" branch="False" />
            <line number="22" hits="0" branch="False" />
            <line number="25" hits="0" branch="False" />
            <line number="26" hits="0" branch="False" />
            <line number="27" hits="0" branch="False" />
            <line number="30" hits="0" branch="False" />
            <line number="31" hits="0" branch="False" />
            <line number="32" hits="0" branch="False" />
            <line number="35" hits="0" branch="False" />
            <line number="36" hits="0" branch="True" condition-coverage="0% (0/2)">
              <conditions>
                <condition number="12" type="jump" coverage="0%" />
              </conditions>
            </line>
            <line number="37" hits="0" branch="False" />
            <line number="38" hits="0" branch="False" />
            <line number="41" hits="0" branch="False" />
            <line number="42" hits="0" branch="True" condition-coverage="0% (0/2)">
              <conditions>
                <condition number="58" type="jump" coverage="0%" />
              </conditions>
            </line>
            <line number="43" hits="0" branch="False" />
            <line number="44" hits="0" branch="False" />
            <line number="45" hits="0" branch="False" />
            <line number="46" hits="0" branch="False" />
            <line number="47" hits="0" branch="False" />
            <line number="48" hits="0" branch="False" />
            <line number="12" hits="0" branch="False" />
            <line number="13" hits="0" branch="False" />
            <line number="14" hits="0" branch="False" />
            <line number="15" hits="0" branch="False" />
          </lines>
        </class>
        <class name="eBroker_App_DataAccessLayer.Models.Equity" filename="source\repos\eBroker App\eBroker App DataAccessLayer\Models\Equity.cs" line-rate="0.75" branch-rate="1" complexity="4">
          <methods>
            <method name="get_EquityID" signature="()" line-rate="1" branch-rate="1" complexity="1">
              <lines>
                <line number="9" hits="7" branch="False" />
              </lines>
            </method>
            <method name="get_EquityName" signature="()" line-rate="1" branch-rate="1" complexity="1">
              <lines>
                <line number="11" hits="6" branch="False" />
              </lines>
            </method>
            <method name="get_EquityValue" signature="()" line-rate="1" branch-rate="1" complexity="1">
              <lines>
                <line number="13" hits="14" branch="False" />
              </lines>
            </method>
            <method name="get_tradersEquities" signature="()" line-rate="0" branch-rate="1" complexity="1">
              <lines>
                <line number="15" hits="0" branch="False" />
              </lines>
            </method>
          </methods>
          <lines>
            <line number="9" hits="7" branch="False" />
            <line number="11" hits="6" branch="False" />
            <line number="13" hits="14" branch="False" />
            <line number="15" hits="0" branch="False" />
          </lines>
        </class>
        <class name="eBroker_App_DataAccessLayer.Models.Trader" filename="source\repos\eBroker App\eBroker App DataAccessLayer\Models\Trader.cs" line-rate="0.75" branch-rate="1" complexity="4">
          <methods>
            <method name="get_TraderID" signature="()" line-rate="1" branch-rate="1" complexity="1">
              <lines>
                <line number="9" hits="12" branch="False" />
              </lines>
            </method>
            <method name="get_Name" signature="()" line-rate="1" branch-rate="1" complexity="1">
              <lines>
                <line number="11" hits="6" branch="False" />
              </lines>
            </method>
            <method name="get_Fund" signature="()" line-rate="1" branch-rate="1" complexity="1">
              <lines>
                <line number="13" hits="24" branch="False" />
              </lines>
            </method>
            <method name="get_tradersEquities" signature="()" line-rate="0" branch-rate="1" complexity="1">
              <lines>
                <line number="15" hits="0" branch="False" />
              </lines>
            </method>
          </methods>
          <lines>
            <line number="9" hits="12" branch="False" />
            <line number="11" hits="6" branch="False" />
            <line number="13" hits="24" branch="False" />
            <line number="15" hits="0" branch="False" />
          </lines>
        </class>
        <class name="eBroker_App_DataAccessLayer.Models.TradersEquities" filename="source\repos\eBroker App\eBroker App DataAccessLayer\Models\TradersEquities.cs" line-rate="1" branch-rate="1" complexity="4">
          <methods>
            <method name="get_TradersEquitiesID" signature="()" line-rate="1" branch-rate="1" complexity="1">
              <lines>
                <line number="10" hits="10" branch="False" />
              </lines>
            </method>
            <method name="get_TraderID" signature="()" line-rate="1" branch-rate="1" complexity="1">
              <lines>
                <line number="11" hits="13" branch="False" />
              </lines>
            </method>
            <method name="get_EquityID" signature="()" line-rate="1" branch-rate="1" complexity="1">
              <lines>
                <line number="13" hits="13" branch="False" />
              </lines>
            </method>
            <method name="get_NumberofEquity" signature="()" line-rate="1" branch-rate="1" complexity="1">
              <lines>
                <line number="15" hits="14" branch="False" />
              </lines>
            </method>
          </methods>
          <lines>
            <line number="10" hits="10" branch="False" />
            <line number="11" hits="13" branch="False" />
            <line number="13" hits="13" branch="False" />
            <line number="15" hits="14" branch="False" />
          </lines>
        </class>
      </classes>
    </package>
    <package name="eBroker_BussinessLayer_UnitTest" line-rate="0.9923000000000001" branch-rate="1" complexity="23">
      <classes>
        <class name="AutoGeneratedProgram" filename=".nuget\packages\microsoft.net.test.sdk\16.5.0\build\netcoreapp2.1\Microsoft.NET.Test.Sdk.Program.cs" line-rate="0" branch-rate="1" complexity="1">
          <methods>
            <method name="Main" signature="(System.String[])" line-rate="0" branch-rate="1" complexity="1">
              <lines>
                <line number="4" hits="0" branch="False" />
              </lines>
            </method>
          </methods>
          <lines>
            <line number="4" hits="0" branch="False" />
          </lines>
        </class>
        <class name="eBroker_BussinessLayer_UnitTest.BussinessLayerUnitTest" filename="source\repos\eBroker App\eBroker_BussinessLayer_UnitTest\BussinessLayerUnitTest.cs" line-rate="1" branch-rate="1" complexity="17">
          <methods>
            <method name="BuyEquities_should_return_false_if_invalid_dateTime" signature="()" line-rate="1" branch-rate="1" complexity="1">
              <lines>
                <line number="31" hits="1" branch="False" />
                <line number="33" hits="1" branch="False" />
                <line number="36" hits="1" branch="False" />
                <line number="38" hits="1" branch="False" />
              </lines>
            </method>
            <method name="BuyEquities_should_return_false_if_trader_not_exist" signature="()" line-rate="1" branch-rate="1" complexity="1">
              <lines>
                <line number="42" hits="1" branch="False" />
                <line number="44" hits="1" branch="False" />
                <line number="45" hits="1" branch="False" />
                <line number="48" hits="1" branch="False" />
                <line number="51" hits="1" branch="False" />
                <line number="52" hits="1" branch="False" />
              </lines>
            </method>
            <method name="BuyEquities_should_return_false_if_enquity_not_exist" signature="()" line-rate="1" branch-rate="1" complexity="1">
              <lines>
                <line number="56" hits="1" branch="False" />
                <line number="58" hits="1" branch="False" />
                <line number="59" hits="1" branch="False" />
                <line number="62" hits="1" branch="False" />
                <line number="66" hits="1" branch="False" />
                <line number="67" hits="1" branch="False" />
              </lines>
            </method>
            <method name="BuyEquities_should_return_false_if_trader_have_insufficient_fund" signature="()" line-rate="1" branch-rate="1" complexity="1">
              <lines>
                <line number="71" hits="1" branch="False" />
                <line number="73" hits="1" branch="False" />
                <line number="74" hits="1" branch="False" />
                <line number="77" hits="1" branch="False" />
                <line number="81" hits="1" branch="False" />
                <line number="82" hits="1" branch="False" />
              </lines>
            </method>
            <method name="BuyEquities_should_return_true_for_trader_buys_new_equity" signature="()" line-rate="1" branch-rate="1" complexity="1">
              <lines>
                <line number="86" hits="1" branch="False" />
                <line number="88" hits="1" branch="False" />
                <line number="89" hits="1" branch="False" />
                <line number="90" hits="1" branch="False" />
                <line number="93" hits="1" branch="False" />
                <line number="96" hits="1" branch="False" />
                <line number="97" hits="1" branch="False" />
                <line number="98" hits="1" branch="False" />
                <line number="99" hits="1" branch="False" />
                <line number="101" hits="1" branch="False" />
              </lines>
            </method>
            <method name="BuyEquities_should_return_success_when_trader_buys_exisiting_equity" signature="()" line-rate="1" branch-rate="1" complexity="1">
              <lines>
                <line number="105" hits="1" branch="False" />
                <line number="107" hits="1" branch="False" />
                <line number="108" hits="1" branch="False" />
                <line number="109" hits="1" branch="False" />
                <line number="112" hits="1" branch="False" />
                <line number="115" hits="1" branch="False" />
                <line number="116" hits="1" branch="False" />
                <line number="117" hits="1" branch="False" />
                <line number="118" hits="1" branch="False" />
                <line number="119" hits="1" branch="False" />
              </lines>
            </method>
            <method name="SellEquities_should_return_false_for_invalid_dateTime" signature="()" line-rate="1" branch-rate="1" complexity="1">
              <lines>
                <line number="123" hits="1" branch="False" />
                <line number="125" hits="1" branch="False" />
                <line number="128" hits="1" branch="False" />
                <line number="129" hits="1" branch="False" />
              </lines>
            </method>
            <method name="SellEquities_should_return_error_if_trader_is_invalid" signature="()" line-rate="1" branch-rate="1" complexity="1">
              <lines>
                <line number="133" hits="1" branch="False" />
                <line number="135" hits="1" branch="False" />
                <line number="136" hits="1" branch="False" />
                <line number="139" hits="1" branch="False" />
                <line number="142" hits="1" branch="False" />
                <line number="143" hits="1" branch="False" />
              </lines>
            </method>
            <method name="SellEquities_should_return_false_if_enquity_is_invalid" signature="()" line-rate="1" branch-rate="1" complexity="1">
              <lines>
                <line number="147" hits="1" branch="False" />
                <line number="149" hits="1" branch="False" />
                <line number="150" hits="1" branch="False" />
                <line number="153" hits="1" branch="False" />
                <line number="156" hits="1" branch="False" />
                <line number="157" hits="1" branch="False" />
              </lines>
            </method>
            <method name="SellEquities_should_return_false_if_trader_does_not_have_requested_equity" signature="()" line-rate="1" branch-rate="1" complexity="1">
              <lines>
                <line number="163" hits="1" branch="False" />
                <line number="165" hits="1" branch="False" />
                <line number="166" hits="1" branch="False" />
                <line number="167" hits="1" branch="False" />
                <line number="170" hits="1" branch="False" />
                <line number="173" hits="1" branch="False" />
                <line number="175" hits="1" branch="False" />
              </lines>
            </method>
            <method name="SellEquities_should_return_false_when_trader_have_insufficient_equities" signature="()" line-rate="1" branch-rate="1" complexity="1">
              <lines>
                <line number="179" hits="1" branch="False" />
                <line number="181" hits="1" branch="False" />
                <line number="182" hits="1" branch="False" />
                <line number="183" hits="1" branch="False" />
                <line number="186" hits="1" branch="False" />
                <line number="189" hits="1" branch="False" />
                <line number="191" hits="1" branch="False" />
              </lines>
            </method>
            <method name="SellEquities_should_return_false_when_trader_doesnot_have_sufficientfund_after_brokerage_deduction" signature="()" line-rate="1" branch-rate="1" complexity="1">
              <lines>
                <line number="195" hits="1" branch="False" />
                <line number="197" hits="1" branch="False" />
                <line number="198" hits="1" branch="False" />
                <line number="199" hits="1" branch="False" />
                <line number="202" hits="1" branch="False" />
                <line number="205" hits="1" branch="False" />
                <line number="207" hits="1" branch="False" />
              </lines>
            </method>
            <method name="SellEquities_should_return_true_if_trader_sells_equity_successfully" signature="()" line-rate="1" branch-rate="1" complexity="1">
              <lines>
                <line number="211" hits="1" branch="False" />
                <line number="213" hits="1" branch="False" />
                <line number="214" hits="1" branch="False" />
                <line number="215" hits="1" branch="False" />
                <line number="218" hits="1" branch="False" />
                <line number="221" hits="1" branch="False" />
                <line number="222" hits="1" branch="False" />
                <line number="223" hits="1" branch="False" />
                <line number="224" hits="1" branch="False" />
              </lines>
            </method>
            <method name="AddFund_should_return_false_if_trader_not_exist" signature="()" line-rate="1" branch-rate="1" complexity="1">
              <lines>
                <line number="228" hits="1" branch="False" />
                <line number="230" hits="1" branch="False" />
                <line number="233" hits="1" branch="False" />
                <line number="236" hits="1" branch="False" />
                <line number="238" hits="1" branch="False" />
              </lines>
            </method>
            <method name="AddFund_should_return_true_if_funds_added_successfully" signature="()" line-rate="1" branch-rate="1" complexity="1">
              <lines>
                <line number="242" hits="1" branch="False" />
                <line number="244" hits="1" branch="False" />
                <line number="247" hits="1" branch="False" />
                <line number="250" hits="1" branch="False" />
                <line number="252" hits="1" branch="False" />
              </lines>
            </method>
            <method name="AddFund_should_return_true_if_funds_added_after_deducting_brokerage" signature="()" line-rate="1" branch-rate="1" complexity="1">
              <lines>
                <line number="256" hits="1" branch="False" />
                <line number="258" hits="1" branch="False" />
                <line number="261" hits="1" branch="False" />
                <line number="264" hits="1" branch="False" />
                <line number="266" hits="1" branch="False" />
              </lines>
            </method>
            <method name=".ctor" signature="()" line-rate="1" branch-rate="1" complexity="1">
              <lines>
                <line number="20" hits="16" branch="False" />
                <line number="21" hits="16" branch="False" />
                <line number="22" hits="16" branch="False" />
                <line number="23" hits="16" branch="False" />
                <line number="24" hits="16" branch="False" />
                <line number="26" hits="16" branch="False" />
                <line number="27" hits="16" branch="False" />
              </lines>
            </method>
          </methods>
          <lines>
            <line number="31" hits="1" branch="False" />
            <line number="33" hits="1" branch="False" />
            <line number="36" hits="1" branch="False" />
            <line number="38" hits="1" branch="False" />
            <line number="42" hits="1" branch="False" />
            <line number="44" hits="1" branch="False" />
            <line number="45" hits="1" branch="False" />
            <line number="48" hits="1" branch="False" />
            <line number="51" hits="1" branch="False" />
            <line number="52" hits="1" branch="False" />
            <line number="56" hits="1" branch="False" />
            <line number="58" hits="1" branch="False" />
            <line number="59" hits="1" branch="False" />
            <line number="62" hits="1" branch="False" />
            <line number="66" hits="1" branch="False" />
            <line number="67" hits="1" branch="False" />
            <line number="71" hits="1" branch="False" />
            <line number="73" hits="1" branch="False" />
            <line number="74" hits="1" branch="False" />
            <line number="77" hits="1" branch="False" />
            <line number="81" hits="1" branch="False" />
            <line number="82" hits="1" branch="False" />
            <line number="86" hits="1" branch="False" />
            <line number="88" hits="1" branch="False" />
            <line number="89" hits="1" branch="False" />
            <line number="90" hits="1" branch="False" />
            <line number="93" hits="1" branch="False" />
            <line number="96" hits="1" branch="False" />
            <line number="97" hits="1" branch="False" />
            <line number="98" hits="1" branch="False" />
            <line number="99" hits="1" branch="False" />
            <line number="101" hits="1" branch="False" />
            <line number="105" hits="1" branch="False" />
            <line number="107" hits="1" branch="False" />
            <line number="108" hits="1" branch="False" />
            <line number="109" hits="1" branch="False" />
            <line number="112" hits="1" branch="False" />
            <line number="115" hits="1" branch="False" />
            <line number="116" hits="1" branch="False" />
            <line number="117" hits="1" branch="False" />
            <line number="118" hits="1" branch="False" />
            <line number="119" hits="1" branch="False" />
            <line number="123" hits="1" branch="False" />
            <line number="125" hits="1" branch="False" />
            <line number="128" hits="1" branch="False" />
            <line number="129" hits="1" branch="False" />
            <line number="133" hits="1" branch="False" />
            <line number="135" hits="1" branch="False" />
            <line number="136" hits="1" branch="False" />
            <line number="139" hits="1" branch="False" />
            <line number="142" hits="1" branch="False" />
            <line number="143" hits="1" branch="False" />
            <line number="147" hits="1" branch="False" />
            <line number="149" hits="1" branch="False" />
            <line number="150" hits="1" branch="False" />
            <line number="153" hits="1" branch="False" />
            <line number="156" hits="1" branch="False" />
            <line number="157" hits="1" branch="False" />
            <line number="163" hits="1" branch="False" />
            <line number="165" hits="1" branch="False" />
            <line number="166" hits="1" branch="False" />
            <line number="167" hits="1" branch="False" />
            <line number="170" hits="1" branch="False" />
            <line number="173" hits="1" branch="False" />
            <line number="175" hits="1" branch="False" />
            <line number="179" hits="1" branch="False" />
            <line number="181" hits="1" branch="False" />
            <line number="182" hits="1" branch="False" />
            <line number="183" hits="1" branch="False" />
            <line number="186" hits="1" branch="False" />
            <line number="189" hits="1" branch="False" />
            <line number="191" hits="1" branch="False" />
            <line number="195" hits="1" branch="False" />
            <line number="197" hits="1" branch="False" />
            <line number="198" hits="1" branch="False" />
            <line number="199" hits="1" branch="False" />
            <line number="202" hits="1" branch="False" />
            <line number="205" hits="1" branch="False" />
            <line number="207" hits="1" branch="False" />
            <line number="211" hits="1" branch="False" />
            <line number="213" hits="1" branch="False" />
            <line number="214" hits="1" branch="False" />
            <line number="215" hits="1" branch="False" />
            <line number="218" hits="1" branch="False" />
            <line number="221" hits="1" branch="False" />
            <line number="222" hits="1" branch="False" />
            <line number="223" hits="1" branch="False" />
            <line number="224" hits="1" branch="False" />
            <line number="228" hits="1" branch="False" />
            <line number="230" hits="1" branch="False" />
            <line number="233" hits="1" branch="False" />
            <line number="236" hits="1" branch="False" />
            <line number="238" hits="1" branch="False" />
            <line number="242" hits="1" branch="False" />
            <line number="244" hits="1" branch="False" />
            <line number="247" hits="1" branch="False" />
            <line number="250" hits="1" branch="False" />
            <line number="252" hits="1" branch="False" />
            <line number="256" hits="1" branch="False" />
            <line number="258" hits="1" branch="False" />
            <line number="261" hits="1" branch="False" />
            <line number="264" hits="1" branch="False" />
            <line number="266" hits="1" branch="False" />
            <line number="20" hits="16" branch="False" />
            <line number="21" hits="16" branch="False" />
            <line number="22" hits="16" branch="False" />
            <line number="23" hits="16" branch="False" />
            <line number="24" hits="16" branch="False" />
            <line number="26" hits="16" branch="False" />
            <line number="27" hits="16" branch="False" />
          </lines>
        </class>
        <class name="eBroker_BussinessLayer_UnitTest.HelperMethod_UnitTest" filename="source\repos\eBroker App\eBroker_BussinessLayer_UnitTest\HelperMethod_UnitTest.cs" line-rate="1" branch-rate="1" complexity="5">
          <methods>
            <method name="checkDateAndTiime_should_return_false_if_time_is_before_9" signature="()" line-rate="1" branch-rate="1" complexity="1">
              <lines>
                <line number="13" hits="1" branch="False" />
                <line number="15" hits="1" branch="False" />
                <line number="18" hits="1" branch="False" />
                <line number="19" hits="1" branch="False" />
              </lines>
            </method>
            <method name="checkDateAndTiime_should_return_false_if_time_is_after_3" signature="()" line-rate="1" branch-rate="1" complexity="1">
              <lines>
                <line number="23" hits="1" branch="False" />
                <line number="25" hits="1" branch="False" />
                <line number="28" hits="1" branch="False" />
                <line number="29" hits="1" branch="False" />
              </lines>
            </method>
            <method name="checkDateAndTiime_should_return_false_if_Day_is_Sat" signature="()" line-rate="1" branch-rate="1" complexity="1">
              <lines>
                <line number="34" hits="1" branch="False" />
                <line number="36" hits="1" branch="False" />
                <line number="39" hits="1" branch="False" />
                <line number="40" hits="1" branch="False" />
              </lines>
            </method>
            <method name="checkDateAndTiime_should_return_false_if_Day_is_Sunday" signature="()" line-rate="1" branch-rate="1" complexity="1">
              <lines>
                <line number="44" hits="1" branch="False" />
                <line number="46" hits="1" branch="False" />
                <line number="49" hits="1" branch="False" />
                <line number="50" hits="1" branch="False" />
              </lines>
            </method>
            <method name="checkDateAndTiime_should_return_true_If_both_day_and_time_is_correct" signature="()" line-rate="1" branch-rate="1" complexity="1">
              <lines>
                <line number="55" hits="1" branch="False" />
                <line number="57" hits="1" branch="False" />
                <line number="60" hits="1" branch="False" />
                <line number="61" hits="1" branch="False" />
              </lines>
            </method>
          </methods>
          <lines>
            <line number="13" hits="1" branch="False" />
            <line number="15" hits="1" branch="False" />
            <line number="18" hits="1" branch="False" />
            <line number="19" hits="1" branch="False" />
            <line number="23" hits="1" branch="False" />
            <line number="25" hits="1" branch="False" />
            <line number="28" hits="1" branch="False" />
            <line number="29" hits="1" branch="False" />
            <line number="34" hits="1" branch="False" />
            <line number="36" hits="1" branch="False" />
            <line number="39" hits="1" branch="False" />
            <line number="40" hits="1" branch="False" />
            <line number="44" hits="1" branch="False" />
            <line number="46" hits="1" branch="False" />
            <line number="49" hits="1" branch="False" />
            <line number="50" hits="1" branch="False" />
            <line number="55" hits="1" branch="False" />
            <line number="57" hits="1" branch="False" />
            <line number="60" hits="1" branch="False" />
            <line number="61" hits="1" branch="False" />
          </lines>
        </class>
      </classes>
    </package>
  </packages>
</coverage>