TpTrace Verbose: 0 : 20244, 1, 2021/12/24, 18:15:22.989, 3715077792916, vstest.console.dll, Version: 16.8.3
TpTrace Information: 0 : 20244, 1, 2021/12/24, 18:15:22.999, 3715077880532, vstest.console.dll, FilePatternParser: The given file C:\Users\aayushgupta01\source\repos\eBroker App\eBroker Unit Test\bin\Debug\netcoreapp3.1\fine-code-coverage\build-output\eBroker App ControllerLayer Unit Test.dll is a full path.
TpTrace Verbose: 0 : 20244, 1, 2021/12/24, 18:15:23.006, 3715077955000, vstest.console.dll, TestPluginCache.DiscoverTestExtensions: finding test extensions in assemblies ends with: RuntimeProvider.dll TPluginInfo: Microsoft.VisualStudio.TestPlatform.Common.ExtensionFramework.Utilities.TestRuntimePluginInformation TExtension: Microsoft.VisualStudio.TestPlatform.ObjectModel.Host.ITestRuntimeProvider
TpTrace Verbose: 0 : 20244, 1, 2021/12/24, 18:15:23.007, 3715077959608, vstest.console.dll, TestPluginCache.GetExtensionPaths: Filtered extension paths: 
TpTrace Verbose: 0 : 20244, 1, 2021/12/24, 18:15:23.007, 3715077960842, vstest.console.dll, TestPluginCache.GetExtensionPaths: Added default extension paths: C:\Program Files\dotnet\sdk\5.0.104\Extensions\Microsoft.Diagnostics.NETCore.Client.dll
C:\Program Files\dotnet\sdk\5.0.104\Extensions\Microsoft.TestPlatform.Extensions.BlameDataCollector.dll
C:\Program Files\dotnet\sdk\5.0.104\Extensions\Microsoft.TestPlatform.Extensions.EventLogCollector.dll
C:\Program Files\dotnet\sdk\5.0.104\Extensions\Microsoft.TestPlatform.TestHostRuntimeProvider.dll
C:\Program Files\dotnet\sdk\5.0.104\Extensions\Microsoft.VisualStudio.TestPlatform.Extensions.Html.TestLogger.dll
C:\Program Files\dotnet\sdk\5.0.104\Extensions\Microsoft.VisualStudio.TestPlatform.Extensions.Trx.TestLogger.dll
TpTrace Verbose: 0 : 20244, 1, 2021/12/24, 18:15:23.007, 3715077961216, vstest.console.dll, TestPluginCache.GetExtensionPaths: Added unfilterableExtensionPaths: 
TpTrace Information: 0 : 20244, 1, 2021/12/24, 18:15:23.008, 3715077969293, vstest.console.dll, AssemblyResolver.ctor: Creating AssemblyResolver with searchDirectories C:\Program Files\dotnet\sdk\5.0.104\Extensions,C:\Program Files\dotnet\sdk\5.0.104
TpTrace Verbose: 0 : 20244, 1, 2021/12/24, 18:15:23.009, 3715077982440, vstest.console.dll, TestPluginCache.DiscoverTestExtensions: Discovering the extensions using extension path.
TpTrace Verbose: 0 : 20244, 1, 2021/12/24, 18:15:23.009, 3715077984604, vstest.console.dll, TestPluginCache.GetExtensionPaths: Filtered extension paths: 
TpTrace Verbose: 0 : 20244, 1, 2021/12/24, 18:15:23.009, 3715077985383, vstest.console.dll, TestPluginCache.GetExtensionPaths: Added default extension paths: C:\Program Files\dotnet\sdk\5.0.104\Extensions\Microsoft.Diagnostics.NETCore.Client.dll
C:\Program Files\dotnet\sdk\5.0.104\Extensions\Microsoft.TestPlatform.Extensions.BlameDataCollector.dll
C:\Program Files\dotnet\sdk\5.0.104\Extensions\Microsoft.TestPlatform.Extensions.EventLogCollector.dll
C:\Program Files\dotnet\sdk\5.0.104\Extensions\Microsoft.TestPlatform.TestHostRuntimeProvider.dll
C:\Program Files\dotnet\sdk\5.0.104\Extensions\Microsoft.VisualStudio.TestPlatform.Extensions.Html.TestLogger.dll
C:\Program Files\dotnet\sdk\5.0.104\Extensions\Microsoft.VisualStudio.TestPlatform.Extensions.Trx.TestLogger.dll
TpTrace Verbose: 0 : 20244, 1, 2021/12/24, 18:15:23.009, 3715077985864, vstest.console.dll, TestPluginCache.GetExtensionPaths: Added unfilterableExtensionPaths: 
TpTrace Verbose: 0 : 20244, 1, 2021/12/24, 18:15:23.010, 3715077986799, vstest.console.dll, TestPluginCache.DiscoverTestExtensions: Discovering the extensions using allExtensionPaths: C:\Program Files\dotnet\sdk\5.0.104\Extensions\Microsoft.Diagnostics.NETCore.Client.dll
C:\Program Files\dotnet\sdk\5.0.104\Extensions\Microsoft.TestPlatform.Extensions.BlameDataCollector.dll
C:\Program Files\dotnet\sdk\5.0.104\Extensions\Microsoft.TestPlatform.Extensions.EventLogCollector.dll
C:\Program Files\dotnet\sdk\5.0.104\Extensions\Microsoft.TestPlatform.TestHostRuntimeProvider.dll
C:\Program Files\dotnet\sdk\5.0.104\Extensions\Microsoft.VisualStudio.TestPlatform.Extensions.Html.TestLogger.dll
C:\Program Files\dotnet\sdk\5.0.104\Extensions\Microsoft.VisualStudio.TestPlatform.Extensions.Trx.TestLogger.dll
TpTrace Information: 0 : 20244, 1, 2021/12/24, 18:15:23.010, 3715077989116, vstest.console.dll, AssemblyResolver.AddSearchDirectories: Adding more searchDirectories C:\Program Files\dotnet\sdk\5.0.104\Extensions,C:\Program Files\dotnet\sdk\5.0.104
TpTrace Information: 0 : 20244, 1, 2021/12/24, 18:15:23.010, 3715077990152, vstest.console.dll, AssemblyResolver.AddSearchDirectories: Adding more searchDirectories C:\Program Files\dotnet\sdk\5.0.104\Extensions,C:\Program Files\dotnet\sdk\5.0.104
TpTrace Information: 0 : 20244, 1, 2021/12/24, 18:15:23.010, 3715077990719, vstest.console.dll, AssemblyResolver.AddSearchDirectories: Adding more searchDirectories C:\Program Files\dotnet\sdk\5.0.104\Extensions,C:\Program Files\dotnet\sdk\5.0.104
TpTrace Information: 0 : 20244, 1, 2021/12/24, 18:15:23.010, 3715077991105, vstest.console.dll, AssemblyResolver.AddSearchDirectories: Adding more searchDirectories C:\Program Files\dotnet\sdk\5.0.104\Extensions,C:\Program Files\dotnet\sdk\5.0.104
TpTrace Information: 0 : 20244, 1, 2021/12/24, 18:15:23.010, 3715077991540, vstest.console.dll, AssemblyResolver.AddSearchDirectories: Adding more searchDirectories C:\Program Files\dotnet\sdk\5.0.104\Extensions,C:\Program Files\dotnet\sdk\5.0.104
TpTrace Information: 0 : 20244, 1, 2021/12/24, 18:15:23.010, 3715077991965, vstest.console.dll, AssemblyResolver.AddSearchDirectories: Adding more searchDirectories C:\Program Files\dotnet\sdk\5.0.104\Extensions,C:\Program Files\dotnet\sdk\5.0.104
TpTrace Information: 0 : 20244, 1, 2021/12/24, 18:15:23.011, 3715077997430, vstest.console.dll, AssemblyResolver.OnResolve: Microsoft.Diagnostics.NETCore.Client: Resolving assembly.
TpTrace Information: 0 : 20244, 1, 2021/12/24, 18:15:23.012, 3715078014063, vstest.console.dll, AssemblyResolver.OnResolve: Resolved assembly: Microsoft.Diagnostics.NETCore.Client, from path: C:\Program Files\dotnet\sdk\5.0.104\Extensions\Microsoft.Diagnostics.NETCore.Client.dll
TpTrace Information: 0 : 20244, 1, 2021/12/24, 18:15:23.015, 3715078041750, vstest.console.dll, AssemblyResolver.OnResolve: Microsoft.Bcl.AsyncInterfaces: Resolving assembly.
TpTrace Information: 0 : 20244, 1, 2021/12/24, 18:15:23.015, 3715078044453, vstest.console.dll, AssemblyResolver.OnResolve: Microsoft.Bcl.AsyncInterfaces: Failed to load assembly.
TpTrace Verbose: 0 : 20244, 1, 2021/12/24, 18:15:23.015, 3715078045041, vstest.console.dll, CurrentDomain_AssemblyResolve: Resolving assembly 'Microsoft.Bcl.AsyncInterfaces'.
TpTrace Information: 0 : 20244, 1, 2021/12/24, 18:15:23.015, 3715078045726, vstest.console.dll, AssemblyResolver.OnResolve: Microsoft.Bcl.AsyncInterfaces: Resolving assembly.
TpTrace Information: 0 : 20244, 1, 2021/12/24, 18:15:23.015, 3715078046114, vstest.console.dll, AssemblyResolver.OnResolve: Microsoft.Bcl.AsyncInterfaces: Resolved from cache.
TpTrace Verbose: 0 : 20244, 1, 2021/12/24, 18:15:23.015, 3715078046522, vstest.console.dll, CurrentDomain_AssemblyResolve: Resolving assembly 'Microsoft.Bcl.AsyncInterfaces'.
TpTrace Verbose: 0 : 20244, 1, 2021/12/24, 18:15:23.016, 3715078046929, vstest.console.dll, CurrentDomainAssemblyResolve: Failed to resolve assembly 'Microsoft.Bcl.AsyncInterfaces'.
TpTrace Verbose: 0 : 20244, 1, 2021/12/24, 18:15:23.017, 3715078059675, vstest.console.dll, CurrentDomainAssemblyResolve: Failed to resolve assembly 'Microsoft.Bcl.AsyncInterfaces'.
TpTrace Warning: 0 : 20244, 1, 2021/12/24, 18:15:23.034, 3715078235571, vstest.console.dll, TestPluginDiscoverer: Failed to get types from assembly 'Microsoft.Diagnostics.NETCore.Client, Version=0.2.2.41902, Culture=neutral, PublicKeyToken=31bf3856ad364e35'.  Skipping test extension scan for this assembly.  Error: System.Reflection.ReflectionTypeLoadException: Unable to load one or more of the requested types.
Could not load file or assembly 'Microsoft.Bcl.AsyncInterfaces, Version=1.0.0.0, Culture=neutral, PublicKeyToken=cc7b13ffcd2ddd51'. The system cannot find the file specified.
   at System.Reflection.RuntimeModule.GetTypes(RuntimeModule module)
   at System.Reflection.RuntimeModule.GetTypes()
   at System.Reflection.Assembly.GetTypes()
   at Microsoft.VisualStudio.TestPlatform.Common.ExtensionFramework.TestPluginDiscoverer.GetTestExtensionsFromAssembly[TPluginInfo,TExtension](Assembly assembly, Dictionary`2 pluginInfos)
System.IO.FileNotFoundException: Could not load file or assembly 'Microsoft.Bcl.AsyncInterfaces, Version=1.0.0.0, Culture=neutral, PublicKeyToken=cc7b13ffcd2ddd51'. The system cannot find the file specified.
File name: 'Microsoft.Bcl.AsyncInterfaces, Version=1.0.0.0, Culture=neutral, PublicKeyToken=cc7b13ffcd2ddd51'
TpTrace Warning: 0 : 20244, 1, 2021/12/24, 18:15:23.035, 3715078237168, vstest.console.dll, LoaderExceptions: System.IO.FileNotFoundException: Could not load file or assembly 'Microsoft.Bcl.AsyncInterfaces, Version=1.0.0.0, Culture=neutral, PublicKeyToken=cc7b13ffcd2ddd51'. The system cannot find the file specified.
File name: 'Microsoft.Bcl.AsyncInterfaces, Version=1.0.0.0, Culture=neutral, PublicKeyToken=cc7b13ffcd2ddd51'
TpTrace Information: 0 : 20244, 1, 2021/12/24, 18:15:23.035, 3715078238205, vstest.console.dll, AssemblyResolver.OnResolve: Microsoft.TestPlatform.Extensions.BlameDataCollector: Resolving assembly.
TpTrace Information: 0 : 20244, 1, 2021/12/24, 18:15:23.036, 3715078247019, vstest.console.dll, AssemblyResolver.OnResolve: Resolved assembly: Microsoft.TestPlatform.Extensions.BlameDataCollector, from path: C:\Program Files\dotnet\sdk\5.0.104\Extensions\Microsoft.TestPlatform.Extensions.BlameDataCollector.dll
TpTrace Information: 0 : 20244, 1, 2021/12/24, 18:15:23.036, 3715078252697, vstest.console.dll, AssemblyResolver.OnResolve: Microsoft.TestPlatform.Extensions.EventLogCollector: Resolving assembly.
TpTrace Information: 0 : 20244, 1, 2021/12/24, 18:15:23.037, 3715078258581, vstest.console.dll, AssemblyResolver.OnResolve: Resolved assembly: Microsoft.TestPlatform.Extensions.EventLogCollector, from path: C:\Program Files\dotnet\sdk\5.0.104\Extensions\Microsoft.TestPlatform.Extensions.EventLogCollector.dll
TpTrace Information: 0 : 20244, 1, 2021/12/24, 18:15:23.038, 3715078273213, vstest.console.dll, AssemblyResolver.OnResolve: Microsoft.TestPlatform.TestHostRuntimeProvider: Resolving assembly.
TpTrace Information: 0 : 20244, 1, 2021/12/24, 18:15:23.039, 3715078285512, vstest.console.dll, AssemblyResolver.OnResolve: Resolved assembly: Microsoft.TestPlatform.TestHostRuntimeProvider, from path: C:\Program Files\dotnet\sdk\5.0.104\Extensions\Microsoft.TestPlatform.TestHostRuntimeProvider.dll
TpTrace Information: 0 : 20244, 1, 2021/12/24, 18:15:23.040, 3715078296533, vstest.console.dll, AssemblyResolver.OnResolve: Microsoft.VisualStudio.TestPlatform.Extensions.Html.TestLogger: Resolving assembly.
TpTrace Information: 0 : 20244, 1, 2021/12/24, 18:15:23.041, 3715078305721, vstest.console.dll, AssemblyResolver.OnResolve: Resolved assembly: Microsoft.VisualStudio.TestPlatform.Extensions.Html.TestLogger, from path: C:\Program Files\dotnet\sdk\5.0.104\Extensions\Microsoft.VisualStudio.TestPlatform.Extensions.Html.TestLogger.dll
TpTrace Information: 0 : 20244, 1, 2021/12/24, 18:15:23.042, 3715078308830, vstest.console.dll, AssemblyResolver.OnResolve: Microsoft.VisualStudio.TestPlatform.Extensions.Trx.TestLogger: Resolving assembly.
TpTrace Information: 0 : 20244, 1, 2021/12/24, 18:15:23.043, 3715078318114, vstest.console.dll, AssemblyResolver.OnResolve: Resolved assembly: Microsoft.VisualStudio.TestPlatform.Extensions.Trx.TestLogger, from path: C:\Program Files\dotnet\sdk\5.0.104\Extensions\Microsoft.VisualStudio.TestPlatform.Extensions.Trx.TestLogger.dll
TpTrace Verbose: 0 : 20244, 1, 2021/12/24, 18:15:23.044, 3715078328738, vstest.console.dll, TestPluginCache: Discovered the extensions using extension path ''.
TpTrace Verbose: 0 : 20244, 1, 2021/12/24, 18:15:23.044, 3715078329475, vstest.console.dll, TestPluginCache: Discoverers are ''.
TpTrace Verbose: 0 : 20244, 1, 2021/12/24, 18:15:23.044, 3715078329735, vstest.console.dll, TestPluginCache: Executors are ''.
TpTrace Verbose: 0 : 20244, 1, 2021/12/24, 18:15:23.044, 3715078329977, vstest.console.dll, TestPluginCache: Executors2 are ''.
TpTrace Verbose: 0 : 20244, 1, 2021/12/24, 18:15:23.044, 3715078330210, vstest.console.dll, TestPluginCache: Setting providers are ''.
TpTrace Verbose: 0 : 20244, 1, 2021/12/24, 18:15:23.044, 3715078330415, vstest.console.dll, TestPluginCache: Loggers are ''.
TpTrace Information: 0 : 20244, 1, 2021/12/24, 18:15:23.050, 3715078389719, vstest.console.dll, RunTestsArgumentProcessor:Execute: Test run is starting.
TpTrace Verbose: 0 : 20244, 1, 2021/12/24, 18:15:23.050, 3715078390660, vstest.console.dll, RunTestsArgumentProcessor:Execute: Queuing Test run.
TpTrace Information: 0 : 20244, 1, 2021/12/24, 18:15:23.050, 3715078392981, vstest.console.dll, TestRequestManager.RunTests: run tests started.
TpTrace Information: 0 : 20244, 1, 2021/12/24, 18:15:23.053, 3715078425750, vstest.console.dll, AssemblyMetadataProvider.GetFrameWork: Determined framework:'.NETCoreApp,Version=v3.1' for source: 'C:\Users\aayushgupta01\source\repos\eBroker App\eBroker Unit Test\bin\Debug\netcoreapp3.1\fine-code-coverage\build-output\eBroker App ControllerLayer Unit Test.dll'
TpTrace Information: 0 : 20244, 1, 2021/12/24, 18:15:23.054, 3715078427468, vstest.console.dll, Determined framework for all sources: .NETCoreApp,Version=v3.1
TpTrace Information: 0 : 20244, 1, 2021/12/24, 18:15:23.054, 3715078431553, vstest.console.dll, AssemblyMetadataProvider.GetArchitecture: Determined architecture:AnyCPU info for assembly: C:\Users\aayushgupta01\source\repos\eBroker App\eBroker Unit Test\bin\Debug\netcoreapp3.1\fine-code-coverage\build-output\eBroker App ControllerLayer Unit Test.dll
TpTrace Information: 0 : 20244, 1, 2021/12/24, 18:15:23.056, 3715078448430, vstest.console.dll, Determined platform for all sources: X64
TpTrace Information: 0 : 20244, 1, 2021/12/24, 18:15:23.058, 3715078474291, vstest.console.dll, Compatible sources list : 
TpTrace Information: 0 : 20244, 1, 2021/12/24, 18:15:23.058, 3715078475386, vstest.console.dll, C:\Users\aayushgupta01\source\repos\eBroker App\eBroker Unit Test\bin\Debug\netcoreapp3.1\fine-code-coverage\build-output\eBroker App ControllerLayer Unit Test.dll
TpTrace Information: 0 : 20244, 1, 2021/12/24, 18:15:23.060, 3715078492514, vstest.console.dll, InferRunSettingsHelper.IsTestSettingsEnabled: Unable to navigate to RunSettings/MSTest. Current node: RunSettings
TpTrace Information: 0 : 20244, 1, 2021/12/24, 18:15:23.061, 3715078500007, vstest.console.dll, AssemblyResolver.OnResolve: Microsoft.VisualStudio.TestPlatform.Fakes: Resolving assembly.
TpTrace Information: 0 : 20244, 1, 2021/12/24, 18:15:23.061, 3715078502164, vstest.console.dll, AssemblyResolver.OnResolve: Microsoft.VisualStudio.TestPlatform.Fakes: Failed to load assembly.
TpTrace Information: 0 : 20244, 1, 2021/12/24, 18:15:23.061, 3715078506205, vstest.console.dll, Failed to create newly implemented Fakes Configurator. Reason:System.IO.FileNotFoundException: Could not load file or assembly 'Microsoft.VisualStudio.TestPlatform.Fakes, Version=16.0.0.0, Culture=neutral, PublicKeyToken=null'. The system cannot find the file specified.
File name: 'Microsoft.VisualStudio.TestPlatform.Fakes, Version=16.0.0.0, Culture=neutral, PublicKeyToken=null'
   at System.Reflection.RuntimeAssembly.InternalLoad(ObjectHandleOnStack assemblyName, ObjectHandleOnStack requestingAssembly, StackCrawlMarkHandle stackMark, Boolean throwOnFileNotFound, ObjectHandleOnStack assemblyLoadContext, ObjectHandleOnStack retAssembly)
   at System.Reflection.RuntimeAssembly.InternalLoad(AssemblyName assemblyName, RuntimeAssembly requestingAssembly, StackCrawlMark& stackMark, Boolean throwOnFileNotFound, AssemblyLoadContext assemblyLoadContext)
   at System.Reflection.Assembly.Load(String assemblyString)
   at Microsoft.VisualStudio.TestPlatform.Common.Utilities.FakesUtilities.TryGetFakesCrossPlatformDataCollectorConfigurator() 
TpTrace Verbose: 0 : 20244, 1, 2021/12/24, 18:15:23.066, 3715078553818, vstest.console.dll, TestPluginCache.DiscoverTestExtensions: finding test extensions in assemblies ends with: TestLogger.dll TPluginInfo: Microsoft.VisualStudio.TestPlatform.Common.ExtensionFramework.Utilities.TestLoggerPluginInformation TExtension: Microsoft.VisualStudio.TestPlatform.ObjectModel.Client.ITestLogger
TpTrace Verbose: 0 : 20244, 1, 2021/12/24, 18:15:23.066, 3715078555272, vstest.console.dll, TestPluginCache.GetExtensionPaths: Filtered extension paths: 
TpTrace Verbose: 0 : 20244, 1, 2021/12/24, 18:15:23.066, 3715078555682, vstest.console.dll, TestPluginCache.GetExtensionPaths: Added default extension paths: C:\Program Files\dotnet\sdk\5.0.104\Extensions\Microsoft.Diagnostics.NETCore.Client.dll
C:\Program Files\dotnet\sdk\5.0.104\Extensions\Microsoft.TestPlatform.Extensions.BlameDataCollector.dll
C:\Program Files\dotnet\sdk\5.0.104\Extensions\Microsoft.TestPlatform.Extensions.EventLogCollector.dll
C:\Program Files\dotnet\sdk\5.0.104\Extensions\Microsoft.TestPlatform.TestHostRuntimeProvider.dll
C:\Program Files\dotnet\sdk\5.0.104\Extensions\Microsoft.VisualStudio.TestPlatform.Extensions.Html.TestLogger.dll
C:\Program Files\dotnet\sdk\5.0.104\Extensions\Microsoft.VisualStudio.TestPlatform.Extensions.Trx.TestLogger.dll
TpTrace Verbose: 0 : 20244, 1, 2021/12/24, 18:15:23.066, 3715078555949, vstest.console.dll, TestPluginCache.GetExtensionPaths: Added unfilterableExtensionPaths: 
TpTrace Information: 0 : 20244, 1, 2021/12/24, 18:15:23.067, 3715078557403, vstest.console.dll, AssemblyResolver.AddSearchDirectories: Adding more searchDirectories C:\Program Files\dotnet\sdk\5.0.104\Extensions,C:\Program Files\dotnet\sdk\5.0.104
TpTrace Verbose: 0 : 20244, 1, 2021/12/24, 18:15:23.067, 3715078557794, vstest.console.dll, TestPluginCache.DiscoverTestExtensions: Discovering the extensions using extension path.
TpTrace Verbose: 0 : 20244, 1, 2021/12/24, 18:15:23.067, 3715078558038, vstest.console.dll, TestPluginCache.GetExtensionPaths: Filtered extension paths: 
TpTrace Verbose: 0 : 20244, 1, 2021/12/24, 18:15:23.067, 3715078558294, vstest.console.dll, TestPluginCache.GetExtensionPaths: Added default extension paths: C:\Program Files\dotnet\sdk\5.0.104\Extensions\Microsoft.Diagnostics.NETCore.Client.dll
C:\Program Files\dotnet\sdk\5.0.104\Extensions\Microsoft.TestPlatform.Extensions.BlameDataCollector.dll
C:\Program Files\dotnet\sdk\5.0.104\Extensions\Microsoft.TestPlatform.Extensions.EventLogCollector.dll
C:\Program Files\dotnet\sdk\5.0.104\Extensions\Microsoft.TestPlatform.TestHostRuntimeProvider.dll
C:\Program Files\dotnet\sdk\5.0.104\Extensions\Microsoft.VisualStudio.TestPlatform.Extensions.Html.TestLogger.dll
C:\Program Files\dotnet\sdk\5.0.104\Extensions\Microsoft.VisualStudio.TestPlatform.Extensions.Trx.TestLogger.dll
TpTrace Verbose: 0 : 20244, 1, 2021/12/24, 18:15:23.067, 3715078558538, vstest.console.dll, TestPluginCache.GetExtensionPaths: Added unfilterableExtensionPaths: 
TpTrace Verbose: 0 : 20244, 1, 2021/12/24, 18:15:23.067, 3715078558804, vstest.console.dll, TestPluginCache.DiscoverTestExtensions: Discovering the extensions using allExtensionPaths: C:\Program Files\dotnet\sdk\5.0.104\Extensions\Microsoft.Diagnostics.NETCore.Client.dll
C:\Program Files\dotnet\sdk\5.0.104\Extensions\Microsoft.TestPlatform.Extensions.BlameDataCollector.dll
C:\Program Files\dotnet\sdk\5.0.104\Extensions\Microsoft.TestPlatform.Extensions.EventLogCollector.dll
C:\Program Files\dotnet\sdk\5.0.104\Extensions\Microsoft.TestPlatform.TestHostRuntimeProvider.dll
C:\Program Files\dotnet\sdk\5.0.104\Extensions\Microsoft.VisualStudio.TestPlatform.Extensions.Html.TestLogger.dll
C:\Program Files\dotnet\sdk\5.0.104\Extensions\Microsoft.VisualStudio.TestPlatform.Extensions.Trx.TestLogger.dll
TpTrace Information: 0 : 20244, 1, 2021/12/24, 18:15:23.067, 3715078559464, vstest.console.dll, AssemblyResolver.AddSearchDirectories: Adding more searchDirectories C:\Program Files\dotnet\sdk\5.0.104\Extensions,C:\Program Files\dotnet\sdk\5.0.104
TpTrace Information: 0 : 20244, 1, 2021/12/24, 18:15:23.067, 3715078559957, vstest.console.dll, AssemblyResolver.AddSearchDirectories: Adding more searchDirectories C:\Program Files\dotnet\sdk\5.0.104\Extensions,C:\Program Files\dotnet\sdk\5.0.104
TpTrace Information: 0 : 20244, 1, 2021/12/24, 18:15:23.067, 3715078560304, vstest.console.dll, AssemblyResolver.AddSearchDirectories: Adding more searchDirectories C:\Program Files\dotnet\sdk\5.0.104\Extensions,C:\Program Files\dotnet\sdk\5.0.104
TpTrace Information: 0 : 20244, 1, 2021/12/24, 18:15:23.067, 3715078560573, vstest.console.dll, AssemblyResolver.AddSearchDirectories: Adding more searchDirectories C:\Program Files\dotnet\sdk\5.0.104\Extensions,C:\Program Files\dotnet\sdk\5.0.104
TpTrace Information: 0 : 20244, 1, 2021/12/24, 18:15:23.067, 3715078560814, vstest.console.dll, AssemblyResolver.AddSearchDirectories: Adding more searchDirectories C:\Program Files\dotnet\sdk\5.0.104\Extensions,C:\Program Files\dotnet\sdk\5.0.104
TpTrace Information: 0 : 20244, 1, 2021/12/24, 18:15:23.067, 3715078561096, vstest.console.dll, AssemblyResolver.AddSearchDirectories: Adding more searchDirectories C:\Program Files\dotnet\sdk\5.0.104\Extensions,C:\Program Files\dotnet\sdk\5.0.104
TpTrace Information: 0 : 20244, 1, 2021/12/24, 18:15:23.067, 3715078562512, vstest.console.dll, AssemblyResolver.OnResolve: Microsoft.Bcl.AsyncInterfaces: Resolving assembly.
TpTrace Information: 0 : 20244, 1, 2021/12/24, 18:15:23.067, 3715078562828, vstest.console.dll, AssemblyResolver.OnResolve: Microsoft.Bcl.AsyncInterfaces: Resolved from cache.
TpTrace Verbose: 0 : 20244, 1, 2021/12/24, 18:15:23.067, 3715078563082, vstest.console.dll, CurrentDomain_AssemblyResolve: Resolving assembly 'Microsoft.Bcl.AsyncInterfaces'.
TpTrace Information: 0 : 20244, 1, 2021/12/24, 18:15:23.067, 3715078563623, vstest.console.dll, AssemblyResolver.OnResolve: Microsoft.Bcl.AsyncInterfaces: Resolving assembly.
TpTrace Information: 0 : 20244, 1, 2021/12/24, 18:15:23.067, 3715078563884, vstest.console.dll, AssemblyResolver.OnResolve: Microsoft.Bcl.AsyncInterfaces: Resolved from cache.
TpTrace Verbose: 0 : 20244, 1, 2021/12/24, 18:15:23.067, 3715078564264, vstest.console.dll, CurrentDomain_AssemblyResolve: Resolving assembly 'Microsoft.Bcl.AsyncInterfaces'.
TpTrace Verbose: 0 : 20244, 1, 2021/12/24, 18:15:23.067, 3715078564481, vstest.console.dll, CurrentDomainAssemblyResolve: Failed to resolve assembly 'Microsoft.Bcl.AsyncInterfaces'.
TpTrace Verbose: 0 : 20244, 1, 2021/12/24, 18:15:23.067, 3715078565720, vstest.console.dll, CurrentDomainAssemblyResolve: Failed to resolve assembly 'Microsoft.Bcl.AsyncInterfaces'.
TpTrace Warning: 0 : 20244, 1, 2021/12/24, 18:15:23.068, 3715078568068, vstest.console.dll, TestPluginDiscoverer: Failed to get types from assembly 'Microsoft.Diagnostics.NETCore.Client, Version=0.2.2.41902, Culture=neutral, PublicKeyToken=31bf3856ad364e35'.  Skipping test extension scan for this assembly.  Error: System.Reflection.ReflectionTypeLoadException: Unable to load one or more of the requested types.
Could not load file or assembly 'Microsoft.Bcl.AsyncInterfaces, Version=1.0.0.0, Culture=neutral, PublicKeyToken=cc7b13ffcd2ddd51'. The system cannot find the file specified.
   at System.Reflection.RuntimeModule.GetTypes(RuntimeModule module)
   at System.Reflection.RuntimeModule.GetTypes()
   at System.Reflection.Assembly.GetTypes()
   at Microsoft.VisualStudio.TestPlatform.Common.ExtensionFramework.TestPluginDiscoverer.GetTestExtensionsFromAssembly[TPluginInfo,TExtension](Assembly assembly, Dictionary`2 pluginInfos)
System.IO.FileNotFoundException: Could not load file or assembly 'Microsoft.Bcl.AsyncInterfaces, Version=1.0.0.0, Culture=neutral, PublicKeyToken=cc7b13ffcd2ddd51'. The system cannot find the file specified.
File name: 'Microsoft.Bcl.AsyncInterfaces, Version=1.0.0.0, Culture=neutral, PublicKeyToken=cc7b13ffcd2ddd51'
TpTrace Warning: 0 : 20244, 1, 2021/12/24, 18:15:23.068, 3715078568536, vstest.console.dll, LoaderExceptions: System.IO.FileNotFoundException: Could not load file or assembly 'Microsoft.Bcl.AsyncInterfaces, Version=1.0.0.0, Culture=neutral, PublicKeyToken=cc7b13ffcd2ddd51'. The system cannot find the file specified.
File name: 'Microsoft.Bcl.AsyncInterfaces, Version=1.0.0.0, Culture=neutral, PublicKeyToken=cc7b13ffcd2ddd51'
TpTrace Verbose: 0 : 20244, 1, 2021/12/24, 18:15:23.068, 3715078571167, vstest.console.dll, TestPluginCache: Discovered the extensions using extension path ''.
TpTrace Verbose: 0 : 20244, 1, 2021/12/24, 18:15:23.068, 3715078571540, vstest.console.dll, TestPluginCache: Discoverers are ''.
TpTrace Verbose: 0 : 20244, 1, 2021/12/24, 18:15:23.068, 3715078571765, vstest.console.dll, TestPluginCache: Executors are ''.
TpTrace Verbose: 0 : 20244, 1, 2021/12/24, 18:15:23.068, 3715078572011, vstest.console.dll, TestPluginCache: Executors2 are ''.
TpTrace Verbose: 0 : 20244, 1, 2021/12/24, 18:15:23.068, 3715078572207, vstest.console.dll, TestPluginCache: Setting providers are ''.
TpTrace Verbose: 0 : 20244, 1, 2021/12/24, 18:15:23.068, 3715078572802, vstest.console.dll, TestPluginCache: Loggers are 'logger://Microsoft/TestPlatform/Extensions/Blame/v1,logger://Microsoft/TestPlatform/HtmlLogger/v1,logger://Microsoft/TestPlatform/TrxLogger/v1'.
TpTrace Information: 0 : 20244, 1, 2021/12/24, 18:15:23.069, 3715078578460, vstest.console.dll, TestPluginManager.CreateTestExtension: Attempting to load test extension: Microsoft.TestPlatform.Extensions.BlameDataCollector.BlameLogger
TpTrace Information: 0 : 20244, 1, 2021/12/24, 18:15:23.077, 3715078664250, vstest.console.dll, TestPluginManager.CreateTestExtension: Attempting to load test extension: Microsoft.VisualStudio.TestPlatform.CrossPlatEngine.Hosting.DefaultTestHostManager
TpTrace Information: 0 : 20244, 1, 2021/12/24, 18:15:23.078, 3715078667539, vstest.console.dll, TestPluginManager.CreateTestExtension: Attempting to load test extension: Microsoft.VisualStudio.TestPlatform.CrossPlatEngine.Hosting.DotnetTestHostManager
TpTrace Verbose: 0 : 20244, 1, 2021/12/24, 18:15:23.078, 3715078672227, vstest.console.dll, TestEngine: Initializing Parallel Execution as MaxCpuCount is set to: 1
TpTrace Information: 0 : 20244, 1, 2021/12/24, 18:15:23.079, 3715078677217, vstest.console.dll, InferRunSettingsHelper.IsTestSettingsEnabled: Unable to navigate to RunSettings/MSTest. Current node: RunSettings
TpTrace Verbose: 0 : 20244, 1, 2021/12/24, 18:15:23.090, 3715078790116, vstest.console.dll, TestRequestSender is acting as server
TpTrace Verbose: 0 : 20244, 4, 2021/12/24, 18:15:23.093, 3715078818372, vstest.console.dll, DataCollectionRequestSender.InitializeCommunication : Initialize communication. 
TpTrace Information: 0 : 20244, 4, 2021/12/24, 18:15:23.104, 3715078931795, vstest.console.dll, Listening on Endpoint : 127.0.0.1:60912
TpTrace Verbose: 0 : 20244, 4, 2021/12/24, 18:15:23.114, 3715079028061, vstest.console.dll, DotnetDataCollectionLauncher: Full path of dotnet.exe is C:\Program Files\dotnet\dotnet.exe
TpTrace Verbose: 0 : 20244, 4, 2021/12/24, 18:15:23.114, 3715079029811, vstest.console.dll, DotnetDataCollectionLauncher: Adding  --runtimeconfig "C:\Program Files\dotnet\sdk\5.0.104\datacollector.runtimeconfig.json" in args
TpTrace Verbose: 0 : 20244, 4, 2021/12/24, 18:15:23.114, 3715079030665, vstest.console.dll, DotnetDataCollectionLauncher: Adding  --depsfile "C:\Program Files\dotnet\sdk\5.0.104\datacollector.deps.json" in args
TpTrace Information: 0 : 20244, 4, 2021/12/24, 18:15:23.123, 3715079119478, vstest.console.dll, ProxyDataCollectionManager.Initialize: Launched datacollector processId: 10052 port: 60912
TpTrace Information: 0 : 20244, 4, 2021/12/24, 18:15:23.123, 3715079121195, vstest.console.dll, ProxyDataCollectionManager.Initialize: waiting for connection with timeout: 90 seconds
TpTrace Verbose: 0 : 20244, 4, 2021/12/24, 18:15:23.123, 3715079121744, vstest.console.dll, DataCollectionRequestSender.WaitForRequestHandlerConnection : Waiting for connection with timeout: 90000
TpTrace Information: 0 : 20244, 7, 2021/12/24, 18:15:23.292, 3715080810474, vstest.console.dll, Using the buffer size of 16384 bytes
TpTrace Verbose: 0 : 20244, 4, 2021/12/24, 18:15:23.292, 3715080810978, vstest.console.dll, ProxyDataCollectionManager.InvokeDataCollectionServiceAction: Starting.
TpTrace Information: 0 : 20244, 7, 2021/12/24, 18:15:23.292, 3715080812109, vstest.console.dll, Accepted Client request and set the flag
TpTrace Information: 0 : 20244, 4, 2021/12/24, 18:15:23.292, 3715080812370, vstest.console.dll, ProxyDataCollectionManager.BeforeTestRunStart: Get environment variable and port for datacollector processId: 10052 port: 60912
TpTrace Verbose: 0 : 20244, 4, 2021/12/24, 18:15:23.292, 3715080813938, vstest.console.dll, DataCollectionRequestSender.SendBeforeTestRunStartAndGetResult : Send BeforeTestRunStart message with settingsXml <RunSettings><RunConfiguration><ResultsDirectory>C:\Users\aayushgupta01\source\repos\eBroker App\eBroker Unit Test\bin\Debug\netcoreapp3.1\fine-code-coverage\coverage-tool-output</ResultsDirectory><TargetPlatform>X64</TargetPlatform><TargetFrameworkVersion>.NETCoreApp,Version=v3.1</TargetFrameworkVersion><DesignMode>False</DesignMode><CollectSourceInformation>False</CollectSourceInformation><TestAdaptersPaths>C:\Program Files\dotnet\sdk\5.0.104\Extensions</TestAdaptersPaths></RunConfiguration><LoggerRunSettings><Loggers><Logger friendlyName="blame" enabled="True" /><Logger friendlyName="Console" uri="logger://microsoft/TestPlatform/ConsoleLogger/v1" assemblyQualifiedName="Microsoft.VisualStudio.TestPlatform.CommandLine.Internal.ConsoleLogger, vstest.console, Version=15.0.0.0, Culture=neutral, PublicKeyToken=b03f5f7f11d50a3a" codeBase="C:\Program Files\dotnet\sdk\5.0.104\vstest.console.dll" enabled="True" /></Loggers></LoggerRunSettings><DataCollectionRunSettings><DataCollectors><DataCollector friendlyName="blame" enabled="True"><Configuration><ResultsDirectory>C:\Users\aayushgupta01\source\repos\eBroker App\eBroker Unit Test\bin\Debug\netcoreapp3.1\fine-code-coverage\coverage-tool-output</ResultsDirectory></Configuration></DataCollector></DataCollectors></DataCollectionRunSettings></RunSettings> and sources System.Linq.Enumerable+Concat2Iterator`1[System.String]: 
TpTrace Verbose: 0 : 20244, 4, 2021/12/24, 18:15:23.363, 3715081523873, vstest.console.dll, DataCollectionRequestSender.SendBeforeTestRunStartAndGetResult : Received message: (DataCollection.SendMessage) -> {
  "FriendlyName": null,
  "Uri": null,
  "TestCaseId": "00000000-0000-0000-0000-000000000000",
  "Message": "Logging DataCollector Diagnostics in file: C:\\Users\\aayushgupta01\\source\\repos\\eBroker App\\eBroker Unit Test\\bin\\Debug\\netcoreapp3.1\\fine-code-coverage\\coverage-tool-output\\diagnostics.datacollector.21-12-24_18-15-23_11024_4.log",
  "Level": 0
}
TpTrace Verbose: 0 : 20244, 4, 2021/12/24, 18:15:23.433, 3715082217353, vstest.console.dll, DataCollectionRequestSender.SendBeforeTestRunStartAndGetResult : Received message: (DataCollection.BeforeTestRunStartResult) -> {
  "EnvironmentVariables": {},
  "DataCollectionEventsPort": 60914
}
TpTrace Information: 0 : 20244, 4, 2021/12/24, 18:15:23.437, 3715082258097, vstest.console.dll, ProxyDataCollectionManager.BeforeTestRunStart: SendBeforeTestRunStartAndGetResult successful, env variable from datacollector:   and testhost port: 60914
TpTrace Information: 0 : 20244, 4, 2021/12/24, 18:15:23.437, 3715082259099, vstest.console.dll, ProxyDataCollectionManager.InvokeDataCollectionServiceAction: Completed.
TpTrace Verbose: 0 : 20244, 1, 2021/12/24, 18:15:23.437, 3715082260275, vstest.console.dll, TestRunRequest.ExecuteAsync: Creating test run request.
TpTrace Verbose: 0 : 20244, 1, 2021/12/24, 18:15:23.437, 3715082262966, vstest.console.dll, TestRunRequest.ExecuteAsync: Starting.
TpTrace Information: 0 : 20244, 1, 2021/12/24, 18:15:23.437, 3715082265789, vstest.console.dll, TestRunRequest.ExecuteAsync: Starting run with settings:TestRunCriteria:
   KeepAlive=False,FrequencyOfRunStatsChangeEvent=10,RunStatsChangeEventTimeout=00:00:01.5000000,TestCaseFilter=,TestExecutorLauncher=
   Settingsxml=<RunSettings>
  <RunConfiguration>
    <ResultsDirectory>C:\Users\aayushgupta01\source\repos\eBroker App\eBroker Unit Test\bin\Debug\netcoreapp3.1\fine-code-coverage\coverage-tool-output</ResultsDirectory>
    <TargetPlatform>X64</TargetPlatform>
    <TargetFrameworkVersion>.NETCoreApp,Version=v3.1</TargetFrameworkVersion>
    <DesignMode>False</DesignMode>
    <CollectSourceInformation>False</CollectSourceInformation>
  </RunConfiguration>
  <LoggerRunSettings>
    <Loggers>
      <Logger friendlyName="blame" enabled="True" />
      <Logger friendlyName="Console" uri="logger://microsoft/TestPlatform/ConsoleLogger/v1" assemblyQualifiedName="Microsoft.VisualStudio.TestPlatform.CommandLine.Internal.ConsoleLogger, vstest.console, Version=15.0.0.0, Culture=neutral, PublicKeyToken=b03f5f7f11d50a3a" codeBase="C:\Program Files\dotnet\sdk\5.0.104\vstest.console.dll" enabled="True" />
    </Loggers>
  </LoggerRunSettings>
  <DataCollectionRunSettings>
    <DataCollectors>
      <DataCollector friendlyName="blame" enabled="True">
        <Configuration>
          <ResultsDirectory>C:\Users\aayushgupta01\source\repos\eBroker App\eBroker Unit Test\bin\Debug\netcoreapp3.1\fine-code-coverage\coverage-tool-output</ResultsDirectory>
        </Configuration>
      </DataCollector>
    </DataCollectors>
  </DataCollectionRunSettings>
</RunSettings>

TpTrace Verbose: 0 : 20244, 1, 2021/12/24, 18:15:23.438, 3715082267044, vstest.console.dll, TestRunRequest.ExecuteAsync: Wait for the first run request is over.
TpTrace Verbose: 0 : 20244, 1, 2021/12/24, 18:15:23.438, 3715082271731, vstest.console.dll, ParallelProxyExecutionManager: Start execution. Total sources: 1
TpTrace Information: 0 : 20244, 1, 2021/12/24, 18:15:23.439, 3715082278288, vstest.console.dll, ProxyParallelExecutionManager: Triggering test run for next source: C:\Users\aayushgupta01\source\repos\eBroker App\eBroker Unit Test\bin\Debug\netcoreapp3.1\fine-code-coverage\build-output\eBroker App ControllerLayer Unit Test.dll
TpTrace Verbose: 0 : 20244, 4, 2021/12/24, 18:15:23.439, 3715082280019, vstest.console.dll, ParallelProxyExecutionManager: Execution started. Started clients: 1
TpTrace Verbose: 0 : 20244, 1, 2021/12/24, 18:15:23.439, 3715082280424, vstest.console.dll, ProxyParallelExecutionManager: No sources available for execution.
TpTrace Information: 0 : 20244, 1, 2021/12/24, 18:15:23.439, 3715082281070, vstest.console.dll, TestRunRequest.ExecuteAsync: Started.
TpTrace Verbose: 0 : 20244, 1, 2021/12/24, 18:15:23.439, 3715082281898, vstest.console.dll, TestRunRequest.WaitForCompletion: Waiting with timeout -1.
TpTrace Verbose: 0 : 20244, 4, 2021/12/24, 18:15:23.439, 3715082283395, vstest.console.dll, TestRunRequest:SendTestRunMessage: Starting.
TpTrace Information: 0 : 20244, 4, 2021/12/24, 18:15:23.439, 3715082284710, vstest.console.dll, TestRunRequest:SendTestRunMessage: Completed.
TpTrace Verbose: 0 : 20244, 4, 2021/12/24, 18:15:23.439, 3715082286626, vstest.console.dll, ProxyExecutionManager: Test host is always Lazy initialize.
TpTrace Verbose: 0 : 20244, 4, 2021/12/24, 18:15:23.440, 3715082288989, vstest.console.dll, TestRequestSender.InitializeCommunication: initialize communication. 
TpTrace Information: 0 : 20244, 4, 2021/12/24, 18:15:23.440, 3715082294044, vstest.console.dll, SocketServer.Start: Listening on endpoint : 127.0.0.1:60915
TpTrace Verbose: 0 : 20244, 4, 2021/12/24, 18:15:23.441, 3715082301353, vstest.console.dll, DotnetTestHostmanager: Adding  --runtimeconfig "C:\Users\aayushgupta01\source\repos\eBroker App\eBroker Unit Test\bin\Debug\netcoreapp3.1\fine-code-coverage\build-output\eBroker App ControllerLayer Unit Test.runtimeconfig.json" in args
TpTrace Verbose: 0 : 20244, 4, 2021/12/24, 18:15:23.441, 3715082302530, vstest.console.dll, DotnetTestHostmanager: Adding  --depsfile "C:\Users\aayushgupta01\source\repos\eBroker App\eBroker Unit Test\bin\Debug\netcoreapp3.1\fine-code-coverage\build-output\eBroker App ControllerLayer Unit Test.deps.json" in args
TpTrace Information: 0 : 20244, 4, 2021/12/24, 18:15:23.441, 3715082305258, vstest.console.dll, AssemblyResolver.OnResolve: Microsoft.Extensions.DependencyModel: Resolving assembly.
TpTrace Information: 0 : 20244, 4, 2021/12/24, 18:15:23.442, 3715082314425, vstest.console.dll, AssemblyResolver.OnResolve: Resolved assembly: Microsoft.Extensions.DependencyModel, from path: C:\Program Files\dotnet\sdk\5.0.104\Microsoft.Extensions.DependencyModel.dll
TpTrace Verbose: 0 : 20244, 4, 2021/12/24, 18:15:23.443, 3715082317850, vstest.console.dll, DotnetTestHostmanager: Reading file C:\Users\aayushgupta01\source\repos\eBroker App\eBroker Unit Test\bin\Debug\netcoreapp3.1\fine-code-coverage\build-output\eBroker App ControllerLayer Unit Test.deps.json to get path of testhost.dll
TpTrace Verbose: 0 : 20244, 4, 2021/12/24, 18:15:23.470, 3715082594141, vstest.console.dll, DotnetTestHostmanager: Relative path of testhost.dll with respect to package folder is microsoft.testplatform.testhost/16.5.0\lib/netcoreapp2.1/testhost.dll
TpTrace Verbose: 0 : 20244, 4, 2021/12/24, 18:15:23.472, 3715082606873, vstest.console.dll, DotnetTestHostmanager: Looking for path microsoft.testplatform.testhost/16.5.0\lib/netcoreapp2.1/testhost.dll in folder C:\Users\aayushgupta01\.dotnet\store\|arch|\|tfm|
TpTrace Verbose: 0 : 20244, 4, 2021/12/24, 18:15:23.472, 3715082608618, vstest.console.dll, DotnetTestHostmanager: Looking for path microsoft.testplatform.testhost/16.5.0\lib/netcoreapp2.1/testhost.dll in folder C:\Users\aayushgupta01\.nuget\packages
TpTrace Verbose: 0 : 20244, 4, 2021/12/24, 18:15:23.472, 3715082611348, vstest.console.dll, DotnetTestHostManager: Testhost.exe/testhost.x86.exe found at path: C:\Users\aayushgupta01\.nuget\packages\microsoft.testplatform.testhost\16.5.0\build\netcoreapp2.1\x64\testhost.exe
TpTrace Verbose: 0 : 20244, 4, 2021/12/24, 18:15:23.472, 3715082611928, vstest.console.dll, DotnetTestHostmanager: Full path of host exe is C:\Users\aayushgupta01\.nuget\packages\microsoft.testplatform.testhost\16.5.0\build\netcoreapp2.1\x64\testhost.exe
TpTrace Verbose: 0 : 20244, 6, 2021/12/24, 18:15:23.473, 3715082621248, vstest.console.dll, DotnetTestHostManager: Starting process 'C:\Users\aayushgupta01\.nuget\packages\microsoft.testplatform.testhost\16.5.0\build\netcoreapp2.1\x64\testhost.exe' with command line ' --runtimeconfig "C:\Users\aayushgupta01\source\repos\eBroker App\eBroker Unit Test\bin\Debug\netcoreapp3.1\fine-code-coverage\build-output\eBroker App ControllerLayer Unit Test.runtimeconfig.json" --depsfile "C:\Users\aayushgupta01\source\repos\eBroker App\eBroker Unit Test\bin\Debug\netcoreapp3.1\fine-code-coverage\build-output\eBroker App ControllerLayer Unit Test.deps.json" --port 60915 --endpoint 127.0.0.1:060915 --role client --parentprocessid 20244 --diag "C:\Users\aayushgupta01\source\repos\eBroker App\eBroker Unit Test\bin\Debug\netcoreapp3.1\fine-code-coverage\coverage-tool-output\diagnostics.host.21-12-24_18-15-23_44105_4.log" --tracelevel 4 --datacollectionport 60914 --telemetryoptedin false'
TpTrace Verbose: 0 : 20244, 6, 2021/12/24, 18:15:23.481, 3715082703740, vstest.console.dll, Test Runtime launched
TpTrace Verbose: 0 : 20244, 4, 2021/12/24, 18:15:23.482, 3715082715168, vstest.console.dll, TestRequestSender.WaitForRequestHandlerConnection: waiting for connection with timeout: 90000
TpTrace Verbose: 0 : 20244, 14, 2021/12/24, 18:15:23.706, 3715084954445, vstest.console.dll, SocketServer.OnClientConnected: Client connected for endPoint: 127.0.0.1:60915, starting MessageLoopAsync:
TpTrace Verbose: 0 : 20244, 10, 2021/12/24, 18:15:23.707, 3715084957282, vstest.console.dll, TcpClientExtensions.MessageLoopAsync: Polling on remoteEndPoint: 127.0.0.1:60916 localEndPoint: 127.0.0.1:60915
TpTrace Verbose: 0 : 20244, 10, 2021/12/24, 18:15:23.885, 3715086742764, vstest.console.dll, TcpClientExtensions.MessageLoopAsync: NotifyDataAvailable remoteEndPoint: 127.0.0.1:60916 localEndPoint: 127.0.0.1:60915
TpTrace Verbose: 0 : 20244, 10, 2021/12/24, 18:15:23.885, 3715086745262, vstest.console.dll, TestRequestSender.CheckVersionWithTestHost: onMessageReceived received message: (ProtocolVersion) -> 2
TpTrace Verbose: 0 : 20244, 10, 2021/12/24, 18:15:23.886, 3715086750140, vstest.console.dll, TcpClientExtensions.MessageLoopAsync: Polling on remoteEndPoint: 127.0.0.1:60916 localEndPoint: 127.0.0.1:60915
TpTrace Verbose: 0 : 20244, 4, 2021/12/24, 18:15:23.886, 3715086751435, vstest.console.dll, TestPluginCache.GetExtensionPaths: Filtered extension paths: 
TpTrace Verbose: 0 : 20244, 4, 2021/12/24, 18:15:23.886, 3715086752333, vstest.console.dll, TestPluginCache.GetExtensionPaths: Added default extension paths: C:\Program Files\dotnet\sdk\5.0.104\Extensions\Microsoft.Diagnostics.NETCore.Client.dll
C:\Program Files\dotnet\sdk\5.0.104\Extensions\Microsoft.TestPlatform.Extensions.BlameDataCollector.dll
C:\Program Files\dotnet\sdk\5.0.104\Extensions\Microsoft.TestPlatform.Extensions.EventLogCollector.dll
C:\Program Files\dotnet\sdk\5.0.104\Extensions\Microsoft.TestPlatform.TestHostRuntimeProvider.dll
C:\Program Files\dotnet\sdk\5.0.104\Extensions\Microsoft.VisualStudio.TestPlatform.Extensions.Html.TestLogger.dll
C:\Program Files\dotnet\sdk\5.0.104\Extensions\Microsoft.VisualStudio.TestPlatform.Extensions.Trx.TestLogger.dll
TpTrace Verbose: 0 : 20244, 4, 2021/12/24, 18:15:23.886, 3715086752833, vstest.console.dll, TestPluginCache.GetExtensionPaths: Added unfilterableExtensionPaths: 
TpTrace Verbose: 0 : 20244, 4, 2021/12/24, 18:15:23.890, 3715086791660, vstest.console.dll, TestRequestSender.InitializeExecution: Sending initializing execution with message: {"Version":2,"MessageType":"TestExecution.Initialize","Payload":["C:\\Users\\aayushgupta01\\source\\repos\\eBroker App\\eBroker Unit Test\\bin\\Debug\\netcoreapp3.1\\fine-code-coverage\\build-output\\xunit.runner.visualstudio.dotnetcore.testadapter.dll"]}
TpTrace Verbose: 0 : 20244, 4, 2021/12/24, 18:15:23.898, 3715086872140, vstest.console.dll, TestRequestSender.StartTestRun: Sending test run with message: {"Version":2,"MessageType":"TestExecution.StartWithSources","Payload":{"AdapterSourceMap":{"_none_":["C:\\Users\\aayushgupta01\\source\\repos\\eBroker App\\eBroker Unit Test\\bin\\Debug\\netcoreapp3.1\\fine-code-coverage\\build-output\\eBroker App ControllerLayer Unit Test.dll"]},"RunSettings":"<RunSettings>\r\n  <RunConfiguration>\r\n    <ResultsDirectory>C:\\Users\\aayushgupta01\\source\\repos\\eBroker App\\eBroker Unit Test\\bin\\Debug\\netcoreapp3.1\\fine-code-coverage\\coverage-tool-output</ResultsDirectory>\r\n    <TargetPlatform>X64</TargetPlatform>\r\n    <TargetFrameworkVersion>.NETCoreApp,Version=v3.1</TargetFrameworkVersion>\r\n    <DesignMode>False</DesignMode>\r\n    <CollectSourceInformation>False</CollectSourceInformation>\r\n  </RunConfiguration>\r\n  <LoggerRunSettings>\r\n    <Loggers>\r\n      <Logger friendlyName=\"blame\" enabled=\"True\" />\r\n      <Logger friendlyName=\"Console\" uri=\"logger://microsoft/TestPlatform/ConsoleLogger/v1\" assemblyQualifiedName=\"Microsoft.VisualStudio.TestPlatform.CommandLine.Internal.ConsoleLogger, vstest.console, Version=15.0.0.0, Culture=neutral, PublicKeyToken=b03f5f7f11d50a3a\" codeBase=\"C:\\Program Files\\dotnet\\sdk\\5.0.104\\vstest.console.dll\" enabled=\"True\" />\r\n    </Loggers>\r\n  </LoggerRunSettings>\r\n  <DataCollectionRunSettings>\r\n    <DataCollectors>\r\n      <DataCollector friendlyName=\"blame\" enabled=\"True\">\r\n        <Configuration>\r\n          <ResultsDirectory>C:\\Users\\aayushgupta01\\source\\repos\\eBroker App\\eBroker Unit Test\\bin\\Debug\\netcoreapp3.1\\fine-code-coverage\\coverage-tool-output</ResultsDirectory>\r\n        </Configuration>\r\n      </DataCollector>\r\n    </DataCollectors>\r\n  </DataCollectionRunSettings>\r\n</RunSettings>","TestExecutionContext":{"FrequencyOfRunStatsChangeEvent":10,"RunStatsChangeEventTimeout":"00:00:01.5000000","InIsolation":false,"KeepAlive":false,"AreTestCaseLevelEventsRequired":false,"IsDebug":false,"TestCaseFilter":null,"FilterOptions":null},"Package":null}}
TpTrace Verbose: 0 : 20244, 10, 2021/12/24, 18:15:23.899, 3715086885622, vstest.console.dll, TcpClientExtensions.MessageLoopAsync: NotifyDataAvailable remoteEndPoint: 127.0.0.1:60916 localEndPoint: 127.0.0.1:60915
TpTrace Verbose: 0 : 20244, 10, 2021/12/24, 18:15:23.900, 3715086887617, vstest.console.dll, TestRequestSender.OnExecutionMessageReceived: Received message: {"Version":2,"MessageType":"TestSession.Message","Payload":{"MessageLevel":0,"Message":"Logging TestHost Diagnostics in file: C:\\Users\\aayushgupta01\\source\\repos\\eBroker App\\eBroker Unit Test\\bin\\Debug\\netcoreapp3.1\\fine-code-coverage\\coverage-tool-output\\diagnostics.host.21-12-24_18-15-23_44105_4.log"}}
TpTrace Verbose: 0 : 20244, 10, 2021/12/24, 18:15:23.902, 3715086909250, vstest.console.dll, TestRunRequest:SendTestRunMessage: Starting.
TpTrace Information: 0 : 20244, 10, 2021/12/24, 18:15:23.902, 3715086910541, vstest.console.dll, TestRunRequest:SendTestRunMessage: Completed.
TpTrace Verbose: 0 : 20244, 10, 2021/12/24, 18:15:23.902, 3715086910920, vstest.console.dll, TcpClientExtensions.MessageLoopAsync: Polling on remoteEndPoint: 127.0.0.1:60916 localEndPoint: 127.0.0.1:60915
TpTrace Verbose: 0 : 20244, 10, 2021/12/24, 18:15:24.040, 3715088296613, vstest.console.dll, TcpClientExtensions.MessageLoopAsync: NotifyDataAvailable remoteEndPoint: 127.0.0.1:60916 localEndPoint: 127.0.0.1:60915
TpTrace Verbose: 0 : 20244, 10, 2021/12/24, 18:15:24.041, 3715088297763, vstest.console.dll, TestRequestSender.OnExecutionMessageReceived: Received message: {"Version":2,"MessageType":"TestSession.Message","Payload":{"MessageLevel":0,"Message":"[xUnit.net 00:00:00.00] xUnit.net VSTest Adapter v2.4.0 (64-bit .NET Core 3.1.21)"}}
TpTrace Verbose: 0 : 20244, 10, 2021/12/24, 18:15:24.041, 3715088299651, vstest.console.dll, TestRunRequest:SendTestRunMessage: Starting.
TpTrace Information: 0 : 20244, 10, 2021/12/24, 18:15:24.041, 3715088300135, vstest.console.dll, TestRunRequest:SendTestRunMessage: Completed.
TpTrace Verbose: 0 : 20244, 10, 2021/12/24, 18:15:24.041, 3715088300408, vstest.console.dll, TcpClientExtensions.MessageLoopAsync: Polling on remoteEndPoint: 127.0.0.1:60916 localEndPoint: 127.0.0.1:60915
TpTrace Verbose: 0 : 20244, 10, 2021/12/24, 18:15:24.821, 3715096100656, vstest.console.dll, TcpClientExtensions.MessageLoopAsync: NotifyDataAvailable remoteEndPoint: 127.0.0.1:60916 localEndPoint: 127.0.0.1:60915
TpTrace Verbose: 0 : 20244, 10, 2021/12/24, 18:15:24.821, 3715096102031, vstest.console.dll, TestRequestSender.OnExecutionMessageReceived: Received message: {"Version":2,"MessageType":"TestSession.Message","Payload":{"MessageLevel":0,"Message":"[xUnit.net 00:00:00.78]   Discovering: eBroker App ControllerLayer Unit Test"}}
TpTrace Verbose: 0 : 20244, 10, 2021/12/24, 18:15:24.821, 3715096103820, vstest.console.dll, TestRunRequest:SendTestRunMessage: Starting.
TpTrace Information: 0 : 20244, 10, 2021/12/24, 18:15:24.821, 3715096104504, vstest.console.dll, TestRunRequest:SendTestRunMessage: Completed.
TpTrace Verbose: 0 : 20244, 10, 2021/12/24, 18:15:24.821, 3715096104933, vstest.console.dll, TcpClientExtensions.MessageLoopAsync: Polling on remoteEndPoint: 127.0.0.1:60916 localEndPoint: 127.0.0.1:60915
TpTrace Verbose: 0 : 20244, 10, 2021/12/24, 18:15:24.860, 3715096493892, vstest.console.dll, TcpClientExtensions.MessageLoopAsync: NotifyDataAvailable remoteEndPoint: 127.0.0.1:60916 localEndPoint: 127.0.0.1:60915
TpTrace Verbose: 0 : 20244, 10, 2021/12/24, 18:15:24.860, 3715096494994, vstest.console.dll, TestRequestSender.OnExecutionMessageReceived: Received message: {"Version":2,"MessageType":"TestSession.Message","Payload":{"MessageLevel":0,"Message":"[xUnit.net 00:00:00.82]   Discovered:  eBroker App ControllerLayer Unit Test"}}
TpTrace Verbose: 0 : 20244, 10, 2021/12/24, 18:15:24.860, 3715096496334, vstest.console.dll, TestRunRequest:SendTestRunMessage: Starting.
TpTrace Information: 0 : 20244, 10, 2021/12/24, 18:15:24.861, 3715096496820, vstest.console.dll, TestRunRequest:SendTestRunMessage: Completed.
TpTrace Verbose: 0 : 20244, 10, 2021/12/24, 18:15:24.861, 3715096497084, vstest.console.dll, TcpClientExtensions.MessageLoopAsync: Polling on remoteEndPoint: 127.0.0.1:60916 localEndPoint: 127.0.0.1:60915
TpTrace Verbose: 0 : 20244, 10, 2021/12/24, 18:15:24.863, 3715096522847, vstest.console.dll, TcpClientExtensions.MessageLoopAsync: NotifyDataAvailable remoteEndPoint: 127.0.0.1:60916 localEndPoint: 127.0.0.1:60915
TpTrace Verbose: 0 : 20244, 10, 2021/12/24, 18:15:24.863, 3715096523858, vstest.console.dll, TestRequestSender.OnExecutionMessageReceived: Received message: {"Version":2,"MessageType":"TestSession.Message","Payload":{"MessageLevel":0,"Message":"[xUnit.net 00:00:00.82]   Starting:    eBroker App ControllerLayer Unit Test"}}
TpTrace Verbose: 0 : 20244, 10, 2021/12/24, 18:15:24.863, 3715096525113, vstest.console.dll, TestRunRequest:SendTestRunMessage: Starting.
TpTrace Information: 0 : 20244, 10, 2021/12/24, 18:15:24.863, 3715096525608, vstest.console.dll, TestRunRequest:SendTestRunMessage: Completed.
TpTrace Verbose: 0 : 20244, 10, 2021/12/24, 18:15:24.863, 3715096525868, vstest.console.dll, TcpClientExtensions.MessageLoopAsync: Polling on remoteEndPoint: 127.0.0.1:60916 localEndPoint: 127.0.0.1:60915
TpTrace Verbose: 0 : 20244, 10, 2021/12/24, 18:15:25.087, 3715098758843, vstest.console.dll, TcpClientExtensions.MessageLoopAsync: NotifyDataAvailable remoteEndPoint: 127.0.0.1:60916 localEndPoint: 127.0.0.1:60915
TpTrace Verbose: 0 : 20244, 10, 2021/12/24, 18:15:25.087, 3715098759869, vstest.console.dll, TestRequestSender.OnExecutionMessageReceived: Received message: {"Version":2,"MessageType":"TestSession.Message","Payload":{"MessageLevel":0,"Message":"[xUnit.net 00:00:01.04]   Finished:    eBroker App ControllerLayer Unit Test"}}
TpTrace Verbose: 0 : 20244, 10, 2021/12/24, 18:15:25.087, 3715098761173, vstest.console.dll, TestRunRequest:SendTestRunMessage: Starting.
TpTrace Information: 0 : 20244, 10, 2021/12/24, 18:15:25.087, 3715098761730, vstest.console.dll, TestRunRequest:SendTestRunMessage: Completed.
TpTrace Verbose: 0 : 20244, 10, 2021/12/24, 18:15:25.087, 3715098762116, vstest.console.dll, TcpClientExtensions.MessageLoopAsync: Polling on remoteEndPoint: 127.0.0.1:60916 localEndPoint: 127.0.0.1:60915
TpTrace Verbose: 0 : 20244, 10, 2021/12/24, 18:15:25.125, 3715099146453, vstest.console.dll, TcpClientExtensions.MessageLoopAsync: NotifyDataAvailable remoteEndPoint: 127.0.0.1:60916 localEndPoint: 127.0.0.1:60915
TpTrace Verbose: 0 : 20244, 10, 2021/12/24, 18:15:25.126, 3715099148055, vstest.console.dll, TestRequestSender.OnExecutionMessageReceived: Received message: {"Version":2,"MessageType":"TestExecution.Completed","Payload":{"TestRunCompleteArgs":{"TestRunStatistics":{"ExecutedTests":6,"Stats":{"Passed":6}},"IsCanceled":false,"IsAborted":false,"Error":null,"AttachmentSets":[],"ElapsedTimeInRunningTests":"00:00:01.0582952","Metrics":{}},"LastRunTests":{"NewTestResults":[{"TestCase":{"Id":"e34a760a-72d2-3635-1f86-57a83a95b9ff","FullyQualifiedName":"eBroker_App_ControllerLayer_Unit_Test.ControllerLayer_UnitTest.AddFunds_return_Funds_added_successfully","DisplayName":"eBroker_App_ControllerLayer_Unit_Test.ControllerLayer_UnitTest.AddFunds_return_Funds_added_successfully","ExecutorUri":"executor://xunit/VsTestRunner2/netcoreapp","Source":"C:\\Users\\aayushgupta01\\source\\repos\\eBroker App\\eBroker Unit Test\\bin\\Debug\\netcoreapp3.1\\fine-code-coverage\\build-output\\eBroker App ControllerLayer Unit Test.dll","CodeFilePath":null,"LineNumber":0,"Properties":[]},"Attachments":[],"Outcome":1,"ErrorMessage":null,"ErrorStackTrace":null,"DisplayName":"eBroker_App_ControllerLayer_Unit_Test.ControllerLayer_UnitTest.AddFunds_return_Funds_added_successfully","Messages":[],"ComputerName":"AAYUSHGUPTA01","Duration":"00:00:00.1259238","StartTime":"2021-12-24T12:45:25.0564111+00:00","EndTime":"2021-12-24T12:45:25.0565086+00:00","Properties":[]},{"TestCase":{"Id":"34631ff8-f9d6-a5d5-2549-c0da99ef9004","FullyQualifiedName":"eBroker_App_ControllerLayer_Unit_Test.ControllerLayer_UnitTest.AddFunds_return_Funds_doesnot_added_successfully","DisplayName":"eBroker_App_ControllerLayer_Unit_Test.ControllerLayer_UnitTest.AddFunds_return_Funds_doesnot_added_successfully","ExecutorUri":"executor://xunit/VsTestRunner2/netcoreapp","Source":"C:\\Users\\aayushgupta01\\source\\repos\\eBroker App\\eBroker Unit Test\\bin\\Debug\\netcoreapp3.1\\fine-code-coverage\\build-output\\eBroker App ControllerLayer Unit Test.dll","CodeFilePath":null,"LineNumber":0,"Properties":[]},"Attachments":[],"Outcome":1,"ErrorMessage":null,"ErrorStackTrace":null,"DisplayName":"eBroker_App_ControllerLayer_Unit_Test.ControllerLayer_UnitTest.AddFunds_return_Funds_doesnot_added_successfully","Messages":[],"ComputerName":"AAYUSHGUPTA01","Duration":"00:00:00.0014139","StartTime":"2021-12-24T12:45:25.076375+00:00","EndTime":"2021-12-24T12:45:25.0763782+00:00","Properties":[]},{"TestCase":{"Id":"8c220493-17de-6c8f-493b-29abe5bbcda0","FullyQualifiedName":"eBroker_App_ControllerLayer_Unit_Test.ControllerLayer_UnitTest.BuyEquities_return_Trader_failed_to_buys_equities","DisplayName":"eBroker_App_ControllerLayer_Unit_Test.ControllerLayer_UnitTest.BuyEquities_return_Trader_failed_to_buys_equities","ExecutorUri":"executor://xunit/VsTestRunner2/netcoreapp","Source":"C:\\Users\\aayushgupta01\\source\\repos\\eBroker App\\eBroker Unit Test\\bin\\Debug\\netcoreapp3.1\\fine-code-coverage\\build-output\\eBroker App ControllerLayer Unit Test.dll","CodeFilePath":null,"LineNumber":0,"Properties":[]},"Attachments":[],"Outcome":1,"ErrorMessage":null,"ErrorStackTrace":null,"DisplayName":"eBroker_App_ControllerLayer_Unit_Test.ControllerLayer_UnitTest.BuyEquities_return_Trader_failed_to_buys_equities","Messages":[],"ComputerName":"AAYUSHGUPTA01","Duration":"00:00:00.0020452","StartTime":"2021-12-24T12:45:25.0781667+00:00","EndTime":"2021-12-24T12:45:25.078168+00:00","Properties":[]},{"TestCase":{"Id":"ff55853c-5330-48e3-711a-6d6e0a2fefb8","FullyQualifiedName":"eBroker_App_ControllerLayer_Unit_Test.ControllerLayer_UnitTest.BuyEquities_return_Trader_buys_equities_successfully","DisplayName":"eBroker_App_ControllerLayer_Unit_Test.ControllerLayer_UnitTest.BuyEquities_return_Trader_buys_equities_successfully","ExecutorUri":"executor://xunit/VsTestRunner2/netcoreapp","Source":"C:\\Users\\aayushgupta01\\source\\repos\\eBroker App\\eBroker Unit Test\\bin\\Debug\\netcoreapp3.1\\fine-code-coverage\\build-output\\eBroker App ControllerLayer Unit Test.dll","CodeFilePath":null,"LineNumber":0,"Properties":[]},"Attachments":[],"Outcome":1,"ErrorMessage":null,"ErrorStackTrace":null,"DisplayName":"eBroker_App_ControllerLayer_Unit_Test.ControllerLayer_UnitTest.BuyEquities_return_Trader_buys_equities_successfully","Messages":[],"ComputerName":"AAYUSHGUPTA01","Duration":"00:00:00.0010846","StartTime":"2021-12-24T12:45:25.0801547+00:00","EndTime":"2021-12-24T12:45:25.0801565+00:00","Properties":[]},{"TestCase":{"Id":"205116ef-36ed-27ea-beec-d2d20f01a553","FullyQualifiedName":"eBroker_App_ControllerLayer_Unit_Test.ControllerLayer_UnitTest.SellEquities_return_Trader_sells_equities_successfully","DisplayName":"eBroker_App_ControllerLayer_Unit_Test.ControllerLayer_UnitTest.SellEquities_return_Trader_sells_equities_successfully","ExecutorUri":"executor://xunit/VsTestRunner2/netcoreapp","Source":"C:\\Users\\aayushgupta01\\source\\repos\\eBroker App\\eBroker Unit Test\\bin\\Debug\\netcoreapp3.1\\fine-code-coverage\\build-output\\eBroker App ControllerLayer Unit Test.dll","CodeFilePath":null,"LineNumber":0,"Properties":[]},"Attachments":[],"Outcome":1,"ErrorMessage":null,"ErrorStackTrace":null,"DisplayName":"eBroker_App_ControllerLayer_Unit_Test.ControllerLayer_UnitTest.SellEquities_return_Trader_sells_equities_successfully","Messages":[],"ComputerName":"AAYUSHGUPTA01","Duration":"00:00:00.0021011","StartTime":"2021-12-24T12:45:25.0815721+00:00","EndTime":"2021-12-24T12:45:25.0815733+00:00","Properties":[]},{"TestCase":{"Id":"f8f48456-8cd0-13ad-7b17-1ab1ff057f2b","FullyQualifiedName":"eBroker_App_ControllerLayer_Unit_Test.ControllerLayer_UnitTest.SellEquities_return_Trader_failed_to_sell_equities","DisplayName":"eBroker_App_ControllerLayer_Unit_Test.ControllerLayer_UnitTest.SellEquities_return_Trader_failed_to_sell_equities","ExecutorUri":"executor://xunit/VsTestRunner2/netcoreapp","Source":"C:\\Users\\aayushgupta01\\source\\repos\\eBroker App\\eBroker Unit Test\\bin\\Debug\\netcoreapp3.1\\fine-code-coverage\\build-output\\eBroker App ControllerLayer Unit Test.dll","CodeFilePath":null,"LineNumber":0,"Properties":[]},"Attachments":[],"Outcome":1,"ErrorMessage":null,"ErrorStackTrace":null,"DisplayName":"eBroker_App_ControllerLayer_Unit_Test.ControllerLayer_UnitTest.SellEquities_return_Trader_failed_to_sell_equities","Messages":[],"ComputerName":"AAYUSHGUPTA01","Duration":"00:00:00.0009209","StartTime":"2021-12-24T12:45:25.0848793+00:00","EndTime":"2021-12-24T12:45:25.084881+00:00","Properties":[]}],"TestRunStatistics":{"ExecutedTests":6,"Stats":{"Passed":6}},"ActiveTests":[]},"RunAttachments":[],"ExecutorUris":["executor://xunit/VsTestRunner2/netcoreapp"]}}
TpTrace Verbose: 0 : 20244, 10, 2021/12/24, 18:15:25.128, 3715099167715, vstest.console.dll, TestRequestSender.EndSession: Sending end session.
TpTrace Verbose: 0 : 20244, 10, 2021/12/24, 18:15:25.128, 3715099169134, vstest.console.dll, ProxyOperationManager.Close: waiting for test host to exit for 100 ms
TpTrace Warning: 0 : 20244, 12, 2021/12/24, 18:15:25.165, 3715099539880, vstest.console.dll, TestHostManagerCallbacks.ErrorReceivedCallback Test host standard error line: 
TpTrace Verbose: 0 : 20244, 7, 2021/12/24, 18:15:25.177, 3715099659946, vstest.console.dll, TestHostProvider.ExitCallBack: Host exited starting callback.
TpTrace Information: 0 : 20244, 7, 2021/12/24, 18:15:25.177, 3715099664676, vstest.console.dll, TestHostManagerCallbacks.ExitCallBack: Testhost processId: 2308 exited with exitcode: 0 error: ''
TpTrace Verbose: 0 : 20244, 7, 2021/12/24, 18:15:25.177, 3715099665158, vstest.console.dll, DotnetTestHostManager.OnHostExited: invoking OnHostExited callback
TpTrace Verbose: 0 : 20244, 7, 2021/12/24, 18:15:25.177, 3715099665541, vstest.console.dll, CrossPlatEngine.TestHostManagerHostExited: calling on client process exit callback.
TpTrace Information: 0 : 20244, 7, 2021/12/24, 18:15:25.177, 3715099665976, vstest.console.dll, TestRequestSender.OnClientProcessExit: Test host process exited. Standard error: 
TpTrace Information: 0 : 20244, 7, 2021/12/24, 18:15:25.177, 3715099666306, vstest.console.dll, SocketServer.Stop: Stop server endPoint: 127.0.0.1:60915
TpTrace Warning: 0 : 20244, 10, 2021/12/24, 18:15:25.177, 3715099666446, vstest.console.dll, ProxyOperationManager: Timed out waiting for test host to exit. Will terminate process.
TpTrace Information: 0 : 20244, 7, 2021/12/24, 18:15:25.177, 3715099666513, vstest.console.dll, SocketServer.Stop: Cancellation requested. Stopping message loop.
TpTrace Verbose: 0 : 20244, 10, 2021/12/24, 18:15:25.178, 3715099672389, vstest.console.dll, ProxyDataCollectionManager.InvokeDataCollectionServiceAction: Starting.
TpTrace Information: 0 : 20244, 10, 2021/12/24, 18:15:25.178, 3715099672867, vstest.console.dll, ProxyDataCollectionManager.AfterTestRunEnd: Get attachment set for datacollector processId: 10052 port: 60912
TpTrace Verbose: 0 : 20244, 10, 2021/12/24, 18:15:25.178, 3715099673298, vstest.console.dll, DataCollectionRequestSender.SendAfterTestRunStartAndGetResult : Send AfterTestRunEnd message with isCancelled: False
TpTrace Verbose: 0 : 20244, 10, 2021/12/24, 18:15:25.180, 3715099688654, vstest.console.dll, DataCollectionRequestSender.SendAfterTestRunStartAndGetResult : Received message: (DataCollection.AfterTestRunEndResult) -> []
TpTrace Information: 0 : 20244, 10, 2021/12/24, 18:15:25.181, 3715099703705, vstest.console.dll, ProxyDataCollectionManager.InvokeDataCollectionServiceAction: Completed.
TpTrace Warning: 0 : 20244, 9, 2021/12/24, 18:15:25.186, 3715099748299, vstest.console.dll, DataCollectionLauncher.ErrorReceivedCallback datacollector standard error line: 
TpTrace Information: 0 : 20244, 7, 2021/12/24, 18:15:25.190, 3715099793032, vstest.console.dll, DataCollectionLauncher.ExitCallBack: Data collector exited with exitcode: 0 error: ''
TpTrace Verbose: 0 : 20244, 10, 2021/12/24, 18:15:25.235, 3715100242280, vstest.console.dll, TestRunRequest:SendTestRunStatsChange: Starting.
TpTrace Information: 0 : 20244, 10, 2021/12/24, 18:15:25.235, 3715100244928, vstest.console.dll, TestRunRequest:SendTestRunStatsChange: Completed.
TpTrace Verbose: 0 : 20244, 10, 2021/12/24, 18:15:25.236, 3715100246979, vstest.console.dll, ParallelProxyExecutionManager: HandlePartialRunComplete: Total completed clients = 1, Run complete = True, Run canceled: False.
TpTrace Verbose: 0 : 20244, 10, 2021/12/24, 18:15:25.254, 3715100432037, vstest.console.dll, TestRunRequest:TestRunComplete: Starting. IsAborted:False IsCanceled:False.
TpTrace Verbose: 0 : 20244, 10, 2021/12/24, 18:15:25.254, 3715100433508, vstest.console.dll, TestLoggerManager.HandleTestRunComplete: Ignoring as the object is disposed.
TpTrace Information: 0 : 20244, 10, 2021/12/24, 18:15:25.254, 3715100436056, vstest.console.dll, TestRunRequest:TestRunComplete: Completed.
TpTrace Verbose: 0 : 20244, 1, 2021/12/24, 18:15:25.254, 3715100436370, vstest.console.dll, TestRunRequest.Dispose: Starting.
TpTrace Verbose: 0 : 20244, 10, 2021/12/24, 18:15:25.254, 3715100436491, vstest.console.dll, TestRequestSender.SetOperationComplete: Setting operation complete.
TpTrace Information: 0 : 20244, 1, 2021/12/24, 18:15:25.255, 3715100437064, vstest.console.dll, TestRunRequest.Dispose: Completed.
TpTrace Information: 0 : 20244, 10, 2021/12/24, 18:15:25.255, 3715100437482, vstest.console.dll, SocketServer.Stop: Stop server endPoint: 127.0.0.1:60915
TpTrace Information: 0 : 20244, 1, 2021/12/24, 18:15:25.255, 3715100438070, vstest.console.dll, TestRequestManager.RunTests: run tests completed.
TpTrace Information: 0 : 20244, 10, 2021/12/24, 18:15:25.255, 3715100438194, vstest.console.dll, SocketServer.Stop: Cancellation requested. Stopping message loop.
TpTrace Information: 0 : 20244, 1, 2021/12/24, 18:15:25.255, 3715100439024, vstest.console.dll, RunTestsArgumentProcessor:Execute: Test run is completed.
TpTrace Information: 0 : 20244, 10, 2021/12/24, 18:15:25.255, 3715100439097, vstest.console.dll, SocketServer.PrivateStop: Stop server endPoint: 127.0.0.1:60915 error: 
TpTrace Verbose: 0 : 20244, 1, 2021/12/24, 18:15:25.255, 3715100439777, vstest.console.dll, Executor.Execute: Exiting with exit code of 0
TpTrace Verbose: 0 : 20244, 10, 2021/12/24, 18:15:25.261, 3715100505237, vstest.console.dll, LengthPrefixCommunicationChannel.Dispose: Dispose reader and writer.
TpTrace Information: 0 : 20244, 10, 2021/12/24, 18:15:25.261, 3715100506071, vstest.console.dll, SocketServer.Stop: Raise disconnected event endPoint: 127.0.0.1:60915 error: 
TpTrace Verbose: 0 : 20244, 10, 2021/12/24, 18:15:25.262, 3715100506764, vstest.console.dll, TestRequestSender: OnTestRunAbort: Operation is already complete. Skip error message.
TpTrace Verbose: 0 : 20244, 10, 2021/12/24, 18:15:25.262, 3715100507028, vstest.console.dll, TcpClientExtensions.MessageLoopAsync: exiting MessageLoopAsync remoteEndPoint: 127.0.0.1:60916 localEndPoint: 127.0.0.1:60915
